#
# There is insufficient memory for the Java Runtime Environment to continue.
# Native memory allocation (malloc) failed to allocate 479456 bytes. Error detail: Chunk::new
# Possible reasons:
#   The system is out of physical RAM or swap space
#   This process is running with CompressedOops enabled, and the Java Heap may be blocking the growth of the native heap
# Possible solutions:
#   Reduce memory load on the system
#   Increase physical memory or swap space
#   Check if swap backing store is full
#   Decrease Java heap size (-Xmx/-Xms)
#   Decrease number of Java threads
#   Decrease Java thread stack sizes (-Xss)
#   Set larger code cache with -XX:ReservedCodeCacheSize=
#   JVM is running with Unscaled Compressed Oops mode in which the Java heap is
#     placed in the first 4GB address space. The Java Heap base address is the
#     maximum limit for the native heap growth. Please use -XX:HeapBaseMinAddress
#     to set the Java Heap base and to place the Java Heap above 4GB virtual address.
# This output file may be truncated or incomplete.
#
#  Out of Memory Error (arena.cpp:168), pid=15600, tid=1576
#
# JRE version: OpenJDK Runtime Environment Temurin-21.0.5+11 (21.0.5+11) (build 21.0.5+11-LTS)
# Java VM: OpenJDK 64-Bit Server VM Temurin-21.0.5+11 (21.0.5+11-LTS, mixed mode, sharing, tiered, compressed oops, compressed class ptrs, parallel gc, windows-amd64)
# No core dump will be written. Minidumps are not enabled by default on client versions of Windows
#

---------------  S U M M A R Y ------------

Command Line: --add-modules=ALL-SYSTEM --add-opens=java.base/java.util=ALL-UNNAMED --add-opens=java.base/java.lang=ALL-UNNAMED --add-opens=java.base/sun.nio.fs=ALL-UNNAMED -Declipse.application=org.eclipse.jdt.ls.core.id1 -Dosgi.bundles.defaultStartLevel=4 -Declipse.product=org.eclipse.jdt.ls.core.product -Djava.import.generatesMetadataFilesAtProjectRoot=false -DDetectVMInstallationsJob.disabled=true -Dfile.encoding=utf8 -XX:+UseParallelGC -XX:GCTimeRatio=4 -XX:AdaptiveSizePolicyWeight=90 -Dsun.zip.disableMemoryMapping=true -Xmx1G -Xms100m -Xlog:disable -javaagent:c:\Users\ASUS\.vscode\extensions\redhat.java-1.39.0-win32-x64\lombok\lombok-1.18.34.jar c:\Users\ASUS\.vscode\extensions\redhat.java-1.39.0-win32-x64\server\plugins\org.eclipse.equinox.launcher_1.6.900.v20240613-2009.jar -configuration c:\Users\ASUS\AppData\Roaming\Code\User\globalStorage\redhat.java\1.39.0\config_ss_win -data c:\Users\ASUS\AppData\Roaming\Code\User\workspaceStorage\0afda030786fd0be1069e4aab85745b4\redhat.java\ss_ws --pipe=\\.\pipe\lsp-bc1c37b647bd5489718ecc092ec5567d-sock

Host: Intel(R) Core(TM) i5-8265U CPU @ 1.60GHz, 8 cores, 7G,  Windows 11 , 64 bit Build 22621 (10.0.22621.4830)
Time: Thu Feb 20 13:24:23 2025 SE Asia Standard Time elapsed time: 6.443369 seconds (0d 0h 0m 6s)

---------------  T H R E A D  ---------------

Current thread (0x00000228ad27e660):  JavaThread "C2 CompilerThread0" daemon [_thread_in_native, id=1576, stack(0x0000009da7800000,0x0000009da7900000) (1024K)]


Current CompileTask:
C2:6443 2562       4       org.lombokweb.asm.ClassReader::readMethod (1066 bytes)

Stack: [0x0000009da7800000,0x0000009da7900000]
Native frames: (J=compiled Java code, j=interpreted, Vv=VM code, C=native code)
V  [jvm.dll+0x6cd4e9]
V  [jvm.dll+0x8a7941]
V  [jvm.dll+0x8a9e6e]
V  [jvm.dll+0x8aa543]
V  [jvm.dll+0x27f6d6]
V  [jvm.dll+0xc500d]
V  [jvm.dll+0xc5543]
V  [jvm.dll+0x2f2a9d]
V  [jvm.dll+0x5f67ea]
V  [jvm.dll+0x250b82]
V  [jvm.dll+0x24935c]
V  [jvm.dll+0x246ea4]
V  [jvm.dll+0x1c75ce]
V  [jvm.dll+0x25682a]
V  [jvm.dll+0x254dca]
V  [jvm.dll+0x3f00d6]
V  [jvm.dll+0x8514fb]
V  [jvm.dll+0x6cbbed]
C  [ucrtbase.dll+0x29333]
C  [KERNEL32.DLL+0x1259d]
C  [ntdll.dll+0x5af38]


---------------  P R O C E S S  ---------------

Threads class SMR info:
_java_thread_list=0x00000228f4c91a80, length=20, elements={
0x0000022898d62040, 0x00000228ad2683a0, 0x00000228ad269c00, 0x00000228ad26c190,
0x00000228ad271140, 0x00000228ad273780, 0x00000228ad2791f0, 0x00000228ad27e660,
0x00000228ad289110, 0x00000228f40ba290, 0x00000228f4315300, 0x00000228f4f58960,
0x00000228f4a74ef0, 0x00000228f48d6030, 0x00000228f479e0e0, 0x00000228f49e1bf0,
0x00000228f50277a0, 0x00000228f508adc0, 0x00000228f5111390, 0x00000228f52729c0
}

Java Threads: ( => current thread )
  0x0000022898d62040 JavaThread "main"                              [_thread_blocked, id=16364, stack(0x0000009da6e00000,0x0000009da6f00000) (1024K)]
  0x00000228ad2683a0 JavaThread "Reference Handler"          daemon [_thread_blocked, id=1364, stack(0x0000009da7200000,0x0000009da7300000) (1024K)]
  0x00000228ad269c00 JavaThread "Finalizer"                  daemon [_thread_blocked, id=13268, stack(0x0000009da7300000,0x0000009da7400000) (1024K)]
  0x00000228ad26c190 JavaThread "Signal Dispatcher"          daemon [_thread_blocked, id=12920, stack(0x0000009da7400000,0x0000009da7500000) (1024K)]
  0x00000228ad271140 JavaThread "Attach Listener"            daemon [_thread_blocked, id=13040, stack(0x0000009da7500000,0x0000009da7600000) (1024K)]
  0x00000228ad273780 JavaThread "Service Thread"             daemon [_thread_blocked, id=15060, stack(0x0000009da7600000,0x0000009da7700000) (1024K)]
  0x00000228ad2791f0 JavaThread "Monitor Deflation Thread"   daemon [_thread_blocked, id=13308, stack(0x0000009da7700000,0x0000009da7800000) (1024K)]
=>0x00000228ad27e660 JavaThread "C2 CompilerThread0"         daemon [_thread_in_native, id=1576, stack(0x0000009da7800000,0x0000009da7900000) (1024K)]
  0x00000228ad289110 JavaThread "C1 CompilerThread0"         daemon [_thread_in_vm, id=15564, stack(0x0000009da7900000,0x0000009da7a00000) (1024K)]
  0x00000228f40ba290 JavaThread "Common-Cleaner"             daemon [_thread_blocked, id=14196, stack(0x0000009da7a00000,0x0000009da7b00000) (1024K)]
  0x00000228f4315300 JavaThread "Notification Thread"        daemon [_thread_blocked, id=304, stack(0x0000009da7b00000,0x0000009da7c00000) (1024K)]
  0x00000228f4f58960 JavaThread "Active Thread: Equinox Container: 742d430e-a4d8-4d24-a422-49b8ca21e3f6"        [_thread_blocked, id=12952, stack(0x0000009da7c00000,0x0000009da7d00000) (1024K)]
  0x00000228f4a74ef0 JavaThread "Framework Event Dispatcher: Equinox Container: 742d430e-a4d8-4d24-a422-49b8ca21e3f6" daemon [_thread_in_Java, id=1428, stack(0x0000009da8400000,0x0000009da8500000) (1024K)]
  0x00000228f48d6030 JavaThread "Start Level: Equinox Container: 742d430e-a4d8-4d24-a422-49b8ca21e3f6" daemon [_thread_in_vm, id=8908, stack(0x0000009da8500000,0x0000009da8600000) (1024K)]
  0x00000228f479e0e0 JavaThread "SCR Component Actor"        daemon [_thread_blocked, id=13436, stack(0x0000009da8600000,0x0000009da8700000) (1024K)]
  0x00000228f49e1bf0 JavaThread "SCR Component Registry"     daemon [_thread_blocked, id=7672, stack(0x0000009da8700000,0x0000009da8800000) (1024K)]
  0x00000228f50277a0 JavaThread "Worker-JM"                         [_thread_blocked, id=8688, stack(0x0000009da8800000,0x0000009da8900000) (1024K)]
  0x00000228f508adc0 JavaThread "Worker-0"                          [_thread_blocked, id=14460, stack(0x0000009da8a00000,0x0000009da8b00000) (1024K)]
  0x00000228f5111390 JavaThread "Worker-1"                          [_thread_blocked, id=8680, stack(0x0000009da8b00000,0x0000009da8c00000) (1024K)]
  0x00000228f52729c0 JavaThread "C2 CompilerThread1"         daemon [_thread_in_native, id=13520, stack(0x0000009da8900000,0x0000009da8a00000) (1024K)]
Total: 20

Other Threads:
  0x00000228ad263710 VMThread "VM Thread"                           [id=15984, stack(0x0000009da7100000,0x0000009da7200000) (1024K)]
  0x00000228ad17ca00 WatcherThread "VM Periodic Task Thread"        [id=8212, stack(0x0000009da7000000,0x0000009da7100000) (1024K)]
  0x0000022898d794e0 WorkerThread "GC Thread#0"                     [id=9240, stack(0x0000009da6f00000,0x0000009da7000000) (1024K)]
  0x00000228f46927c0 WorkerThread "GC Thread#1"                     [id=10488, stack(0x0000009da7d00000,0x0000009da7e00000) (1024K)]
  0x00000228f4692b60 WorkerThread "GC Thread#2"                     [id=12012, stack(0x0000009da7e00000,0x0000009da7f00000) (1024K)]
  0x00000228f4692f00 WorkerThread "GC Thread#3"                     [id=14840, stack(0x0000009da7f00000,0x0000009da8000000) (1024K)]
  0x00000228f450a930 WorkerThread "GC Thread#4"                     [id=4988, stack(0x0000009da8000000,0x0000009da8100000) (1024K)]
  0x00000228f433f260 WorkerThread "GC Thread#5"                     [id=15720, stack(0x0000009da8100000,0x0000009da8200000) (1024K)]
  0x00000228f433f600 WorkerThread "GC Thread#6"                     [id=8476, stack(0x0000009da8200000,0x0000009da8300000) (1024K)]
  0x00000228f4fec980 WorkerThread "GC Thread#7"                     [id=10780, stack(0x0000009da8300000,0x0000009da8400000) (1024K)]
Total: 10

Threads with active compile tasks:
C2 CompilerThread0  6494 2562       4       org.lombokweb.asm.ClassReader::readMethod (1066 bytes)
C1 CompilerThread0  6494 2649       3       sun.util.locale.LanguageTag::parsePrivateuse (144 bytes)
C2 CompilerThread1  6494 2585       4       java.util.regex.Matcher::search (154 bytes)
Total: 3

VM state: not at safepoint (normal execution)

VM Mutex/Monitor currently owned by a thread: None

OutOfMemory and StackOverflow Exception counts:
OutOfMemoryError java_heap_errors=1
LinkageErrors=50

Heap address: 0x00000000c0000000, size: 1024 MB, Compressed Oops mode: 32-bit

CDS archive(s) mapped at: [0x00000228ae000000-0x00000228aeba0000-0x00000228aeba0000), size 12189696, SharedBaseAddress: 0x00000228ae000000, ArchiveRelocationMode: 1.
Compressed class space mapped at: 0x00000228af000000-0x00000228ef000000, reserved size: 1073741824
Narrow klass base: 0x00000228ae000000, Narrow klass shift: 0, Narrow klass range: 0x100000000

GC Precious Log:
 CardTable entry size: 512
 CPUs: 8 total, 8 available
 Memory: 8043M
 Large Page Support: Disabled
 NUMA Support: Disabled
 Compressed Oops: Enabled (32-bit)
 Alignments: Space 512K, Generation 512K, Heap 2M
 Heap Min Capacity: 100M
 Heap Initial Capacity: 100M
 Heap Max Capacity: 1G
 Pre-touch: Disabled
 Parallel Workers: 8

Heap:
 PSYoungGen      total 29696K, used 24431K [0x00000000eab00000, 0x00000000ecc00000, 0x0000000100000000)
  eden space 25600K, 79% used [0x00000000eab00000,0x00000000ebee1170,0x00000000ec400000)
  from space 4096K, 99% used [0x00000000ec800000,0x00000000ecbfac88,0x00000000ecc00000)
  to   space 4096K, 0% used [0x00000000ec400000,0x00000000ec400000,0x00000000ec800000)
 ParOldGen       total 68608K, used 4877K [0x00000000c0000000, 0x00000000c4300000, 0x00000000eab00000)
  object space 68608K, 7% used [0x00000000c0000000,0x00000000c04c35b0,0x00000000c4300000)
 Metaspace       used 19346K, committed 19968K, reserved 1114112K
  class space    used 1825K, committed 2112K, reserved 1048576K

Card table byte_map: [0x0000022898700000,0x0000022898910000] _byte_map_base: 0x0000022898100000

Marking Bits: (ParMarkBitMap*) 0x00007ffbc7082250
 Begin Bits: [0x00000228ab0a0000, 0x00000228ac0a0000)
 End Bits:   [0x00000228ac0a0000, 0x00000228ad0a0000)

Polling page: 0x0000022896ed0000

Metaspace:

Usage:
  Non-class:     17.11 MB used.
      Class:      1.78 MB used.
       Both:     18.89 MB used.

Virtual space:
  Non-class space:       64.00 MB reserved,      17.44 MB ( 27%) committed,  1 nodes.
      Class space:        1.00 GB reserved,       2.06 MB ( <1%) committed,  1 nodes.
             Both:        1.06 GB reserved,      19.50 MB (  2%) committed. 

Chunk freelists:
   Non-Class:  13.77 MB
       Class:  13.98 MB
        Both:  27.75 MB

MaxMetaspaceSize: unlimited
CompressedClassSpaceSize: 1.00 GB
Initial GC threshold: 21.00 MB
Current GC threshold: 21.00 MB
CDS: on
 - commit_granule_bytes: 65536.
 - commit_granule_words: 8192.
 - virtual_space_node_default_size: 8388608.
 - enlarge_chunks_in_place: 1.
 - use_allocation_guard: 0.


Internal statistics:

num_allocs_failed_limit: 0.
num_arena_births: 452.
num_arena_deaths: 0.
num_vsnodes_births: 2.
num_vsnodes_deaths: 0.
num_space_committed: 312.
num_space_uncommitted: 0.
num_chunks_returned_to_freelist: 0.
num_chunks_taken_from_freelist: 1133.
num_chunk_merges: 0.
num_chunk_splits: 763.
num_chunks_enlarged: 490.
num_inconsistent_stats: 0.

CodeHeap 'non-profiled nmethods': size=120000Kb used=1124Kb max_used=1124Kb free=118875Kb
 bounds [0x00000228a3b70000, 0x00000228a3de0000, 0x00000228ab0a0000]
CodeHeap 'profiled nmethods': size=120000Kb used=5141Kb max_used=5141Kb free=114858Kb
 bounds [0x000002289c0a0000, 0x000002289c5b0000, 0x00000228a35d0000]
CodeHeap 'non-nmethods': size=5760Kb used=1297Kb max_used=1297Kb free=4462Kb
 bounds [0x00000228a35d0000, 0x00000228a3840000, 0x00000228a3b70000]
 total_blobs=3209 nmethods=2631 adapters=484
 compilation: enabled
              stopped_count=0, restarted_count=0
 full_count=0

Compilation events (20 events):
Event: 6.376 Thread 0x00000228ad289110 nmethod 2568 0x000002289c57cb10 code [0x000002289c57ccc0, 0x000002289c57cf10]
Event: 6.381 Thread 0x00000228ad289110 2569       3       org.lombokweb.asm.ClassReader::<init> (371 bytes)
Event: 6.384 Thread 0x00000228ad289110 nmethod 2569 0x000002289c57d010 code [0x000002289c57d300, 0x000002289c57e428]
Event: 6.384 Thread 0x00000228ad289110 2570 %     3       org.lombokweb.asm.SymbolTable::<init> @ 98 (536 bytes)
Event: 6.390 Thread 0x00000228ad289110 nmethod 2570% 0x000002289c57ea10 code [0x000002289c57f000, 0x000002289c581b80]
Event: 6.390 Thread 0x00000228ad289110 2574       3       org.lombokweb.asm.MethodWriter::visitLabel (332 bytes)
Event: 6.392 Thread 0x00000228ad289110 nmethod 2574 0x000002289c582d10 code [0x000002289c582f60, 0x000002289c583858]
Event: 6.392 Thread 0x00000228ad289110 2573       3       org.lombokweb.asm.ByteVector::put11 (52 bytes)
Event: 6.392 Thread 0x00000228ad289110 nmethod 2573 0x000002289c583a90 code [0x000002289c583c40, 0x000002289c583e48]
Event: 6.392 Thread 0x00000228ad289110 2575       3       org.lombokweb.asm.MethodVisitor::visitInsn (16 bytes)
Event: 6.392 Thread 0x00000228ad289110 nmethod 2575 0x000002289c583f90 code [0x000002289c584140, 0x000002289c584348]
Event: 6.392 Thread 0x00000228ad289110 2571       1       lombok.patcher.MethodLogistics::getReturnOpcode (5 bytes)
Event: 6.392 Thread 0x00000228ad289110 nmethod 2571 0x00000228a3c86390 code [0x00000228a3c86520, 0x00000228a3c865e8]
Event: 6.392 Thread 0x00000228ad289110 2572       3       java.util.ArrayList$SubList::toArray (79 bytes)
Event: 6.393 Thread 0x00000228ad289110 nmethod 2572 0x000002289c584410 code [0x000002289c584620, 0x000002289c584ce0]
Event: 6.434 Thread 0x00000228ad289110 2576       3       java.util.jar.Manifest::getTrustedAttributes (57 bytes)
Event: 6.435 Thread 0x00000228ad289110 nmethod 2576 0x000002289c584f10 code [0x000002289c585180, 0x000002289c585a88]
Event: 6.438 Thread 0x00000228ad289110 2580       3       org.eclipse.core.internal.registry.ReferenceMap::get (54 bytes)
Event: 6.438 Thread 0x00000228ad289110 nmethod 2580 0x000002289c585e10 code [0x000002289c586020, 0x000002289c5864f0]
Event: 6.439 Thread 0x00000228ad289110 2581  s    3       org.eclipse.core.internal.registry.RegistryObjectManager::getObject (7 bytes)

GC Heap History (8 events):
Event: 1.964 GC heap before
{Heap before GC invocations=1 (full 0):
 PSYoungGen      total 29696K, used 25600K [0x00000000eab00000, 0x00000000ecc00000, 0x0000000100000000)
  eden space 25600K, 100% used [0x00000000eab00000,0x00000000ec400000,0x00000000ec400000)
  from space 4096K, 0% used [0x00000000ec800000,0x00000000ec800000,0x00000000ecc00000)
  to   space 4096K, 0% used [0x00000000ec400000,0x00000000ec400000,0x00000000ec800000)
 ParOldGen       total 68608K, used 0K [0x00000000c0000000, 0x00000000c4300000, 0x00000000eab00000)
  object space 68608K, 0% used [0x00000000c0000000,0x00000000c0000000,0x00000000c4300000)
 Metaspace       used 4347K, committed 4544K, reserved 1114112K
  class space    used 436K, committed 512K, reserved 1048576K
}
Event: 1.985 GC heap after
{Heap after GC invocations=1 (full 0):
 PSYoungGen      total 29696K, used 3254K [0x00000000eab00000, 0x00000000ecc00000, 0x0000000100000000)
  eden space 25600K, 0% used [0x00000000eab00000,0x00000000eab00000,0x00000000ec400000)
  from space 4096K, 79% used [0x00000000ec400000,0x00000000ec72d840,0x00000000ec800000)
  to   space 4096K, 0% used [0x00000000ec800000,0x00000000ec800000,0x00000000ecc00000)
 ParOldGen       total 68608K, used 0K [0x00000000c0000000, 0x00000000c4300000, 0x00000000eab00000)
  object space 68608K, 0% used [0x00000000c0000000,0x00000000c0000000,0x00000000c4300000)
 Metaspace       used 4347K, committed 4544K, reserved 1114112K
  class space    used 436K, committed 512K, reserved 1048576K
}
Event: 3.896 GC heap before
{Heap before GC invocations=2 (full 0):
 PSYoungGen      total 29696K, used 28854K [0x00000000eab00000, 0x00000000ecc00000, 0x0000000100000000)
  eden space 25600K, 100% used [0x00000000eab00000,0x00000000ec400000,0x00000000ec400000)
  from space 4096K, 79% used [0x00000000ec400000,0x00000000ec72d840,0x00000000ec800000)
  to   space 4096K, 0% used [0x00000000ec800000,0x00000000ec800000,0x00000000ecc00000)
 ParOldGen       total 68608K, used 0K [0x00000000c0000000, 0x00000000c4300000, 0x00000000eab00000)
  object space 68608K, 0% used [0x00000000c0000000,0x00000000c0000000,0x00000000c4300000)
 Metaspace       used 8250K, committed 8576K, reserved 1114112K
  class space    used 817K, committed 960K, reserved 1048576K
}
Event: 3.906 GC heap after
{Heap after GC invocations=2 (full 0):
 PSYoungGen      total 29696K, used 4074K [0x00000000eab00000, 0x00000000ecc00000, 0x0000000100000000)
  eden space 25600K, 0% used [0x00000000eab00000,0x00000000eab00000,0x00000000ec400000)
  from space 4096K, 99% used [0x00000000ec800000,0x00000000ecbfa9a8,0x00000000ecc00000)
  to   space 4096K, 0% used [0x00000000ec400000,0x00000000ec400000,0x00000000ec800000)
 ParOldGen       total 68608K, used 951K [0x00000000c0000000, 0x00000000c4300000, 0x00000000eab00000)
  object space 68608K, 1% used [0x00000000c0000000,0x00000000c00edea8,0x00000000c4300000)
 Metaspace       used 8250K, committed 8576K, reserved 1114112K
  class space    used 817K, committed 960K, reserved 1048576K
}
Event: 5.408 GC heap before
{Heap before GC invocations=3 (full 0):
 PSYoungGen      total 29696K, used 29674K [0x00000000eab00000, 0x00000000ecc00000, 0x0000000100000000)
  eden space 25600K, 100% used [0x00000000eab00000,0x00000000ec400000,0x00000000ec400000)
  from space 4096K, 99% used [0x00000000ec800000,0x00000000ecbfa9a8,0x00000000ecc00000)
  to   space 4096K, 0% used [0x00000000ec400000,0x00000000ec400000,0x00000000ec800000)
 ParOldGen       total 68608K, used 951K [0x00000000c0000000, 0x00000000c4300000, 0x00000000eab00000)
  object space 68608K, 1% used [0x00000000c0000000,0x00000000c00edea8,0x00000000c4300000)
 Metaspace       used 13103K, committed 13632K, reserved 1114112K
  class space    used 1324K, committed 1536K, reserved 1048576K
}
Event: 5.415 GC heap after
{Heap after GC invocations=3 (full 0):
 PSYoungGen      total 29696K, used 4092K [0x00000000eab00000, 0x00000000ecc00000, 0x0000000100000000)
  eden space 25600K, 0% used [0x00000000eab00000,0x00000000eab00000,0x00000000ec400000)
  from space 4096K, 99% used [0x00000000ec400000,0x00000000ec7ff0a8,0x00000000ec800000)
  to   space 4096K, 0% used [0x00000000ec800000,0x00000000ec800000,0x00000000ecc00000)
 ParOldGen       total 68608K, used 2803K [0x00000000c0000000, 0x00000000c4300000, 0x00000000eab00000)
  object space 68608K, 4% used [0x00000000c0000000,0x00000000c02bcee8,0x00000000c4300000)
 Metaspace       used 13103K, committed 13632K, reserved 1114112K
  class space    used 1324K, committed 1536K, reserved 1048576K
}
Event: 6.022 GC heap before
{Heap before GC invocations=4 (full 0):
 PSYoungGen      total 29696K, used 29692K [0x00000000eab00000, 0x00000000ecc00000, 0x0000000100000000)
  eden space 25600K, 100% used [0x00000000eab00000,0x00000000ec400000,0x00000000ec400000)
  from space 4096K, 99% used [0x00000000ec400000,0x00000000ec7ff0a8,0x00000000ec800000)
  to   space 4096K, 0% used [0x00000000ec800000,0x00000000ec800000,0x00000000ecc00000)
 ParOldGen       total 68608K, used 2803K [0x00000000c0000000, 0x00000000c4300000, 0x00000000eab00000)
  object space 68608K, 4% used [0x00000000c0000000,0x00000000c02bcee8,0x00000000c4300000)
 Metaspace       used 15781K, committed 16384K, reserved 1114112K
  class space    used 1577K, committed 1856K, reserved 1048576K
}
Event: 6.026 GC heap after
{Heap after GC invocations=4 (full 0):
 PSYoungGen      total 29696K, used 4075K [0x00000000eab00000, 0x00000000ecc00000, 0x0000000100000000)
  eden space 25600K, 0% used [0x00000000eab00000,0x00000000eab00000,0x00000000ec400000)
  from space 4096K, 99% used [0x00000000ec800000,0x00000000ecbfac88,0x00000000ecc00000)
  to   space 4096K, 0% used [0x00000000ec400000,0x00000000ec400000,0x00000000ec800000)
 ParOldGen       total 68608K, used 4877K [0x00000000c0000000, 0x00000000c4300000, 0x00000000eab00000)
  object space 68608K, 7% used [0x00000000c0000000,0x00000000c04c35b0,0x00000000c4300000)
 Metaspace       used 15781K, committed 16384K, reserved 1114112K
  class space    used 1577K, committed 1856K, reserved 1048576K
}

Dll operation events (11 events):
Event: 0.048 Loaded shared library c:\Users\ASUS\.vscode\extensions\redhat.java-1.39.0-win32-x64\jre\21.0.5-win32-x86_64\bin\java.dll
Event: 0.169 Loaded shared library c:\Users\ASUS\.vscode\extensions\redhat.java-1.39.0-win32-x64\jre\21.0.5-win32-x86_64\bin\zip.dll
Event: 0.214 Loaded shared library C:\Users\ASUS\.vscode\extensions\redhat.java-1.39.0-win32-x64\jre\21.0.5-win32-x86_64\bin\instrument.dll
Event: 0.225 Loaded shared library C:\Users\ASUS\.vscode\extensions\redhat.java-1.39.0-win32-x64\jre\21.0.5-win32-x86_64\bin\net.dll
Event: 0.231 Loaded shared library C:\Users\ASUS\.vscode\extensions\redhat.java-1.39.0-win32-x64\jre\21.0.5-win32-x86_64\bin\nio.dll
Event: 0.238 Loaded shared library C:\Users\ASUS\.vscode\extensions\redhat.java-1.39.0-win32-x64\jre\21.0.5-win32-x86_64\bin\zip.dll
Event: 0.278 Loaded shared library C:\Users\ASUS\.vscode\extensions\redhat.java-1.39.0-win32-x64\jre\21.0.5-win32-x86_64\bin\jimage.dll
Event: 0.511 Loaded shared library c:\Users\ASUS\.vscode\extensions\redhat.java-1.39.0-win32-x64\jre\21.0.5-win32-x86_64\bin\verify.dll
Event: 3.631 Loaded shared library C:\Users\ASUS\AppData\Roaming\Code\User\globalStorage\redhat.java\1.39.0\config_ss_win\org.eclipse.equinox.launcher\org.eclipse.equinox.launcher.win32.win32.x86_64_1.2.1100.v20240722-2106\eclipse_11904.dll
Event: 5.389 Loaded shared library C:\Users\ASUS\.vscode\extensions\redhat.java-1.39.0-win32-x64\jre\21.0.5-win32-x86_64\bin\management.dll
Event: 5.398 Loaded shared library C:\Users\ASUS\.vscode\extensions\redhat.java-1.39.0-win32-x64\jre\21.0.5-win32-x86_64\bin\management_ext.dll

Deoptimization events (20 events):
Event: 5.819 Thread 0x00000228f48d6030 DEOPT PACKING pc=0x00000228a3c6d2cc sp=0x0000009da85f35a0
Event: 5.819 Thread 0x00000228f48d6030 DEOPT UNPACKING pc=0x00000228a3623aa2 sp=0x0000009da85f3548 mode 2
Event: 5.819 Thread 0x00000228f48d6030 Uncommon trap: trap_request=0xffffffde fr.pc=0x00000228a3c6d2cc relative=0x00000000000003ec
Event: 5.819 Thread 0x00000228f48d6030 Uncommon trap: reason=class_check action=maybe_recompile pc=0x00000228a3c6d2cc method=java.util.regex.Pattern$BmpCharPropertyGreedy.match(Ljava/util/regex/Matcher;ILjava/lang/CharSequence;)Z @ 70 c2
Event: 5.819 Thread 0x00000228f48d6030 DEOPT PACKING pc=0x00000228a3c6d2cc sp=0x0000009da85f3420
Event: 5.819 Thread 0x00000228f48d6030 DEOPT UNPACKING pc=0x00000228a3623aa2 sp=0x0000009da85f33c8 mode 2
Event: 5.936 Thread 0x00000228f48d6030 Uncommon trap: trap_request=0xffffff45 fr.pc=0x00000228a3c7a894 relative=0x0000000000000814
Event: 5.936 Thread 0x00000228f48d6030 Uncommon trap: reason=unstable_if action=reinterpret pc=0x00000228a3c7a894 method=org.lombokweb.asm.ClassReader.readUTF8(I[C)Ljava/lang/String; @ 11 c2
Event: 5.936 Thread 0x00000228f48d6030 DEOPT PACKING pc=0x00000228a3c7a894 sp=0x0000009da85ef970
Event: 5.936 Thread 0x00000228f48d6030 DEOPT UNPACKING pc=0x00000228a3623aa2 sp=0x0000009da85ef958 mode 2
Event: 6.027 Thread 0x00000228f40ba290 Uncommon trap: trap_request=0xffffff45 fr.pc=0x00000228a3c3dc14 relative=0x00000000000000f4
Event: 6.027 Thread 0x00000228f40ba290 Uncommon trap: reason=unstable_if action=reinterpret pc=0x00000228a3c3dc14 method=java.util.concurrent.locks.ReentrantLock$NonfairSync.initialTryLock()Z @ 25 c2
Event: 6.027 Thread 0x00000228f40ba290 DEOPT PACKING pc=0x00000228a3c3dc14 sp=0x0000009da7aff250
Event: 6.027 Thread 0x00000228f40ba290 DEOPT UNPACKING pc=0x00000228a3623aa2 sp=0x0000009da7aff118 mode 2
Event: 6.258 Thread 0x00000228f48d6030 DEOPT PACKING pc=0x000002289c1ccf39 sp=0x0000009da85f0ae0
Event: 6.258 Thread 0x00000228f48d6030 DEOPT UNPACKING pc=0x00000228a3624242 sp=0x0000009da85effe0 mode 0
Event: 6.384 Thread 0x00000228f48d6030 Uncommon trap: trap_request=0xffffff45 fr.pc=0x00000228a3c85744 relative=0x0000000000000384
Event: 6.384 Thread 0x00000228f48d6030 Uncommon trap: reason=unstable_if action=reinterpret pc=0x00000228a3c85744 method=org.lombokweb.asm.Label.resolve([BLorg/lombokweb/asm/ByteVector;I)Z @ 81 c2
Event: 6.384 Thread 0x00000228f48d6030 DEOPT PACKING pc=0x00000228a3c85744 sp=0x0000009da85f2ba0
Event: 6.384 Thread 0x00000228f48d6030 DEOPT UNPACKING pc=0x00000228a3623aa2 sp=0x0000009da85f2aa8 mode 2

Classes loaded (20 events):
Event: 5.865 Loading class java/net/SocketTimeoutException
Event: 5.865 Loading class java/io/InterruptedIOException
Event: 5.865 Loading class java/io/InterruptedIOException done
Event: 5.865 Loading class java/net/SocketTimeoutException done
Event: 5.865 Loading class java/net/SocketException
Event: 5.866 Loading class java/net/SocketException done
Event: 5.866 Loading class java/net/UnknownHostException
Event: 5.866 Loading class java/net/UnknownHostException done
Event: 5.866 Loading class java/net/ProtocolException
Event: 5.867 Loading class java/net/ProtocolException done
Event: 5.898 Loading class java/lang/ThreadLocal$SuppliedThreadLocal
Event: 5.898 Loading class java/lang/ThreadLocal$SuppliedThreadLocal done
Event: 5.911 Loading class java/io/FileWriter
Event: 5.911 Loading class java/io/FileWriter done
Event: 5.915 Loading class java/lang/NegativeArraySizeException
Event: 5.915 Loading class java/lang/NegativeArraySizeException done
Event: 6.432 Loading class java/lang/StackTraceElement$HashedModules
Event: 6.432 Loading class java/lang/StackTraceElement$HashedModules done
Event: 6.437 Loading class sun/nio/cs/UTF_8$Encoder
Event: 6.437 Loading class sun/nio/cs/UTF_8$Encoder done

Classes unloaded (0 events):
No events

Classes redefined (0 events):
No events

Internal exceptions (20 events):
Event: 5.555 Thread 0x00000228f48d6030 Exception <a 'java/lang/NoSuchMethodError'{0x00000000eaeec3c8}: 'java.lang.Object java.lang.invoke.DirectMethodHandle$Holder.newInvokeSpecial(java.lang.Object, java.lang.Object, java.lang.Object, java.lang.Object, java.lang.Object)'> (0x00000000eaeec3c8) 
thrown [s\src\hotspot\share\interpreter\linkResolver.cpp, line 773]
Event: 5.591 Thread 0x00000228f48d6030 Exception <a 'java/lang/NoSuchMethodError'{0x00000000eafc8c70}: 'java.lang.Object java.lang.invoke.DirectMethodHandle$Holder.invokeSpecial(java.lang.Object, java.lang.Object, java.lang.Object, long, java.lang.Object)'> (0x00000000eafc8c70) 
thrown [s\src\hotspot\share\interpreter\linkResolver.cpp, line 773]
Event: 5.593 Thread 0x00000228f48d6030 Exception <a 'java/lang/NoSuchMethodError'{0x00000000eafd0400}: 'java.lang.Object java.lang.invoke.DirectMethodHandle$Holder.newInvokeSpecial(java.lang.Object, java.lang.Object, java.lang.Object, long)'> (0x00000000eafd0400) 
thrown [s\src\hotspot\share\interpreter\linkResolver.cpp, line 773]
Event: 5.593 Thread 0x00000228f48d6030 Exception <a 'java/lang/NoSuchMethodError'{0x00000000eafd4080}: 'java.lang.Object java.lang.invoke.Invokers$Holder.linkToTargetMethod(java.lang.Object, java.lang.Object, long, java.lang.Object)'> (0x00000000eafd4080) 
thrown [s\src\hotspot\share\interpreter\linkResolver.cpp, line 773]
Event: 5.673 Thread 0x00000228f48d6030 Exception <a 'java/lang/IncompatibleClassChangeError'{0x00000000eb245cc8}: Found class java.lang.Object, but interface was expected> (0x00000000eb245cc8) 
thrown [s\src\hotspot\share\interpreter\linkResolver.cpp, line 840]
Event: 5.674 Thread 0x00000228f48d6030 Exception <a 'java/lang/NoSuchMethodError'{0x00000000eb249698}: 'java.lang.Object java.lang.invoke.DirectMethodHandle$Holder.invokeSpecial(java.lang.Object, java.lang.Object, java.lang.Object, int, java.lang.Object, java.lang.Object)'> (0x00000000eb249698) 
thrown [s\src\hotspot\share\interpreter\linkResolver.cpp, line 773]
Event: 5.675 Thread 0x00000228f48d6030 Exception <a 'java/lang/NoSuchMethodError'{0x00000000eb250f30}: 'java.lang.Object java.lang.invoke.DirectMethodHandle$Holder.newInvokeSpecial(java.lang.Object, java.lang.Object, java.lang.Object, int, java.lang.Object)'> (0x00000000eb250f30) 
thrown [s\src\hotspot\share\interpreter\linkResolver.cpp, line 773]
Event: 5.675 Thread 0x00000228f48d6030 Exception <a 'java/lang/NoSuchMethodError'{0x00000000eb254a20}: 'java.lang.Object java.lang.invoke.Invokers$Holder.linkToTargetMethod(java.lang.Object, java.lang.Object, int, java.lang.Object, java.lang.Object)'> (0x00000000eb254a20) 
thrown [s\src\hotspot\share\interpreter\linkResolver.cpp, line 773]
Event: 5.676 Thread 0x00000228f508adc0 Exception <a 'java/lang/NoSuchMethodError'{0x00000000eb024be0}: 'java.lang.Object java.lang.invoke.DirectMethodHandle$Holder.invokeSpecial(java.lang.Object, java.lang.Object, int, java.lang.Object, java.lang.Object)'> (0x00000000eb024be0) 
thrown [s\src\hotspot\share\interpreter\linkResolver.cpp, line 773]
Event: 5.678 Thread 0x00000228f508adc0 Exception <a 'java/lang/NoSuchMethodError'{0x00000000eb02b918}: 'java.lang.Object java.lang.invoke.DirectMethodHandle$Holder.newInvokeSpecial(java.lang.Object, java.lang.Object, int, java.lang.Object)'> (0x00000000eb02b918) 
thrown [s\src\hotspot\share\interpreter\linkResolver.cpp, line 773]
Event: 5.712 Thread 0x00000228f48d6030 Exception <a 'java/lang/NoSuchMethodError'{0x00000000eb37d6b0}: 'void java.lang.invoke.DirectMethodHandle$Holder.invokeSpecial(java.lang.Object, java.lang.Object, java.lang.Object, java.lang.Object, java.lang.Object)'> (0x00000000eb37d6b0) 
thrown [s\src\hotspot\share\interpreter\linkResolver.cpp, line 773]
Event: 5.783 Thread 0x00000228f48d6030 Exception <a 'java/lang/NoSuchMethodError'{0x00000000eb58f6e8}: 'double java.lang.invoke.DirectMethodHandle$Holder.invokeStatic(java.lang.Object, java.lang.Object)'> (0x00000000eb58f6e8) 
thrown [s\src\hotspot\share\interpreter\linkResolver.cpp, line 773]
Event: 5.784 Thread 0x00000228f48d6030 Exception <a 'java/lang/NoSuchMethodError'{0x00000000eb592da8}: 'double java.lang.invoke.DirectMethodHandle$Holder.invokeStaticInit(java.lang.Object, java.lang.Object)'> (0x00000000eb592da8) 
thrown [s\src\hotspot\share\interpreter\linkResolver.cpp, line 773]
Event: 6.050 Thread 0x00000228f48d6030 Exception <a 'java/io/FileNotFoundException'{0x00000000eac696c8}> (0x00000000eac696c8) 
thrown [s\src\hotspot\share\prims\jni.cpp, line 520]
Event: 6.050 Thread 0x00000228f48d6030 Exception <a 'java/io/FileNotFoundException'{0x00000000eac6a4f0}> (0x00000000eac6a4f0) 
thrown [s\src\hotspot\share\prims\jni.cpp, line 520]
Event: 6.051 Thread 0x00000228f48d6030 Exception <a 'java/io/FileNotFoundException'{0x00000000eac6b420}> (0x00000000eac6b420) 
thrown [s\src\hotspot\share\prims\jni.cpp, line 520]
Event: 6.309 Thread 0x00000228f48d6030 Exception <a 'java/lang/NoSuchMethodError'{0x00000000eb5af558}: 'int java.lang.invoke.DirectMethodHandle$Holder.invokeStaticInit(java.lang.Object, java.lang.Object, java.lang.Object)'> (0x00000000eb5af558) 
thrown [s\src\hotspot\share\interpreter\linkResolver.cpp, line 773]
Event: 6.431 Thread 0x00000228f48d6030 Exception <a 'java/lang/OutOfMemoryError'{0x00000000eba6eb58}> (0x00000000eba6eb58) 
thrown [s\src\hotspot\share\prims\jni.cpp, line 539]
Event: 6.435 Thread 0x00000228f48d6030 Exception <a 'java/io/FileNotFoundException'{0x00000000ebaeac90}> (0x00000000ebaeac90) 
thrown [s\src\hotspot\share\prims\jni.cpp, line 520]
Event: 6.436 Thread 0x00000228f48d6030 Exception <a 'java/lang/NoSuchMethodError'{0x00000000ebaf2500}: 'java.lang.Object java.lang.invoke.DirectMethodHandle$Holder.newInvokeSpecial(java.lang.Object, int, java.lang.Object, java.lang.Object)'> (0x00000000ebaf2500) 
thrown [s\src\hotspot\share\interpreter\linkResolver.cpp, line 773]

ZGC Phase Switch (0 events):
No events

VM Operations (20 events):
Event: 3.246 Executing VM operation: HandshakeAllThreads (Deoptimize)
Event: 3.246 Executing VM operation: HandshakeAllThreads (Deoptimize) done
Event: 3.896 Executing VM operation: ParallelGCFailedAllocation (Allocation Failure)
Event: 3.906 Executing VM operation: ParallelGCFailedAllocation (Allocation Failure) done
Event: 3.908 Executing VM operation: HandshakeAllThreads (Deoptimize)
Event: 3.908 Executing VM operation: HandshakeAllThreads (Deoptimize) done
Event: 4.173 Executing VM operation: HandshakeAllThreads (Deoptimize)
Event: 4.173 Executing VM operation: HandshakeAllThreads (Deoptimize) done
Event: 4.993 Executing VM operation: HandshakeAllThreads (Deoptimize)
Event: 4.993 Executing VM operation: HandshakeAllThreads (Deoptimize) done
Event: 4.993 Executing VM operation: Cleanup
Event: 4.993 Executing VM operation: Cleanup done
Event: 5.408 Executing VM operation: ParallelGCFailedAllocation (Allocation Failure)
Event: 5.415 Executing VM operation: ParallelGCFailedAllocation (Allocation Failure) done
Event: 5.623 Executing VM operation: HandshakeAllThreads (Deoptimize)
Event: 5.623 Executing VM operation: HandshakeAllThreads (Deoptimize) done
Event: 5.651 Executing VM operation: HandshakeAllThreads (Deoptimize)
Event: 5.651 Executing VM operation: HandshakeAllThreads (Deoptimize) done
Event: 6.022 Executing VM operation: ParallelGCFailedAllocation (Allocation Failure)
Event: 6.026 Executing VM operation: ParallelGCFailedAllocation (Allocation Failure) done

Memory protections (0 events):
No events

Nmethod flushes (0 events):
No events

Events (20 events):
Event: 3.170 Thread 0x0000022898d62040 Thread added: 0x00000228f4f58960
Event: 3.381 Thread 0x00000228ad289110 Thread added: 0x00000228f49c4e90
Event: 3.494 Thread 0x00000228f49c4e90 Thread exited: 0x00000228f49c4e90
Event: 3.595 Thread 0x00000228ad289110 Thread added: 0x00000228f49c4e90
Event: 3.603 Thread 0x0000022898d62040 Thread added: 0x00000228f4a74ef0
Event: 3.619 Thread 0x0000022898d62040 Thread added: 0x00000228f48d6030
Event: 3.771 Thread 0x00000228f48d6030 Thread added: 0x00000228f479e0e0
Event: 3.828 Thread 0x00000228f49c4e90 Thread exited: 0x00000228f49c4e90
Event: 4.141 Thread 0x00000228f48d6030 Thread added: 0x00000228f49e1bf0
Event: 4.452 Thread 0x00000228ad289110 Thread added: 0x00000228f49c6300
Event: 4.452 Thread 0x00000228ad289110 Thread added: 0x00000228f49c69d0
Event: 4.941 Thread 0x00000228f49c69d0 Thread exited: 0x00000228f49c69d0
Event: 4.941 Thread 0x00000228f49c6300 Thread exited: 0x00000228f49c6300
Event: 5.069 Thread 0x00000228f48d6030 Thread added: 0x00000228f50277a0
Event: 5.239 Thread 0x00000228ad27e660 Thread added: 0x00000228f4c342b0
Event: 5.408 Thread 0x00000228f4c342b0 Thread exited: 0x00000228f4c342b0
Event: 5.524 Thread 0x00000228ad289110 Thread added: 0x00000228f5064a70
Event: 5.604 Thread 0x00000228f48d6030 Thread added: 0x00000228f508adc0
Event: 5.677 Thread 0x00000228f48d6030 Thread added: 0x00000228f5111390
Event: 6.229 Thread 0x00000228f5064a70 Thread exited: 0x00000228f5064a70


Dynamic libraries:
0x00007ff701700000 - 0x00007ff70170e000 	c:\Users\ASUS\.vscode\extensions\redhat.java-1.39.0-win32-x64\jre\21.0.5-win32-x86_64\bin\java.exe
0x00007ffc2b490000 - 0x00007ffc2b6a7000 	C:\WINDOWS\SYSTEM32\ntdll.dll
0x00007ffc29c90000 - 0x00007ffc29d54000 	C:\WINDOWS\System32\KERNEL32.DLL
0x00007ffc28980000 - 0x00007ffc28d50000 	C:\WINDOWS\System32\KERNELBASE.dll
0x00007ffc25690000 - 0x00007ffc25727000 	C:\WINDOWS\SYSTEM32\apphelp.dll
0x00007ffc28d50000 - 0x00007ffc28e61000 	C:\WINDOWS\System32\ucrtbase.dll
0x00007ffc25580000 - 0x00007ffc25598000 	c:\Users\ASUS\.vscode\extensions\redhat.java-1.39.0-win32-x64\jre\21.0.5-win32-x86_64\bin\jli.dll
0x00007ffc14c50000 - 0x00007ffc14c6e000 	c:\Users\ASUS\.vscode\extensions\redhat.java-1.39.0-win32-x64\jre\21.0.5-win32-x86_64\bin\VCRUNTIME140.dll
0x00007ffc2a720000 - 0x00007ffc2a8ce000 	C:\WINDOWS\System32\USER32.dll
0x00007ffc28810000 - 0x00007ffc28836000 	C:\WINDOWS\System32\win32u.dll
0x00007ffc29810000 - 0x00007ffc29839000 	C:\WINDOWS\System32\GDI32.dll
0x00007ffc10ad0000 - 0x00007ffc10d62000 	C:\WINDOWS\WinSxS\amd64_microsoft.windows.common-controls_6595b64144ccf1df_6.0.22621.4830_none_270fe7d773858e80\COMCTL32.dll
0x00007ffc28e70000 - 0x00007ffc28f8b000 	C:\WINDOWS\System32\gdi32full.dll
0x00007ffc2a1e0000 - 0x00007ffc2a287000 	C:\WINDOWS\System32\msvcrt.dll
0x00007ffc28770000 - 0x00007ffc2880a000 	C:\WINDOWS\System32\msvcp_win.dll
0x00007ffc2b3b0000 - 0x00007ffc2b3e1000 	C:\WINDOWS\System32\IMM32.DLL
0x00007ffc25660000 - 0x00007ffc2566c000 	c:\Users\ASUS\.vscode\extensions\redhat.java-1.39.0-win32-x64\jre\21.0.5-win32-x86_64\bin\vcruntime140_1.dll
0x00007ffc11810000 - 0x00007ffc1189d000 	c:\Users\ASUS\.vscode\extensions\redhat.java-1.39.0-win32-x64\jre\21.0.5-win32-x86_64\bin\msvcp140.dll
0x00007ffbc63d0000 - 0x00007ffbc715f000 	c:\Users\ASUS\.vscode\extensions\redhat.java-1.39.0-win32-x64\jre\21.0.5-win32-x86_64\bin\server\jvm.dll
0x00007ffc2a660000 - 0x00007ffc2a711000 	C:\WINDOWS\System32\ADVAPI32.dll
0x00007ffc2a3b0000 - 0x00007ffc2a457000 	C:\WINDOWS\System32\sechost.dll
0x00007ffc28740000 - 0x00007ffc28768000 	C:\WINDOWS\System32\bcrypt.dll
0x00007ffc296f0000 - 0x00007ffc29804000 	C:\WINDOWS\System32\RPCRT4.dll
0x00007ffc2b330000 - 0x00007ffc2b3a1000 	C:\WINDOWS\System32\WS2_32.dll
0x00007ffc27d60000 - 0x00007ffc27dad000 	C:\WINDOWS\SYSTEM32\POWRPROF.dll
0x00007ffc20ec0000 - 0x00007ffc20ef4000 	C:\WINDOWS\SYSTEM32\WINMM.dll
0x00007ffc20a20000 - 0x00007ffc20a2a000 	C:\WINDOWS\SYSTEM32\VERSION.dll
0x00007ffc27d40000 - 0x00007ffc27d53000 	C:\WINDOWS\SYSTEM32\UMPDC.dll
0x00007ffc277f0000 - 0x00007ffc27808000 	C:\WINDOWS\SYSTEM32\kernel.appcore.dll
0x00007ffc17ae0000 - 0x00007ffc17aea000 	c:\Users\ASUS\.vscode\extensions\redhat.java-1.39.0-win32-x64\jre\21.0.5-win32-x86_64\bin\jimage.dll
0x00007ffc26100000 - 0x00007ffc26332000 	C:\WINDOWS\SYSTEM32\DBGHELP.DLL
0x00007ffc29e40000 - 0x00007ffc2a1d0000 	C:\WINDOWS\System32\combase.dll
0x00007ffc29d60000 - 0x00007ffc29e37000 	C:\WINDOWS\System32\OLEAUT32.dll
0x00007ffbfdfa0000 - 0x00007ffbfdfd2000 	C:\WINDOWS\SYSTEM32\dbgcore.DLL
0x00007ffc28f90000 - 0x00007ffc2900b000 	C:\WINDOWS\System32\bcryptPrimitives.dll
0x00007ffc14b10000 - 0x00007ffc14b1f000 	c:\Users\ASUS\.vscode\extensions\redhat.java-1.39.0-win32-x64\jre\21.0.5-win32-x86_64\bin\instrument.dll
0x00007ffc14b20000 - 0x00007ffc14b3f000 	c:\Users\ASUS\.vscode\extensions\redhat.java-1.39.0-win32-x64\jre\21.0.5-win32-x86_64\bin\java.dll
0x00007ffc2a8e0000 - 0x00007ffc2b158000 	C:\WINDOWS\System32\SHELL32.dll
0x00007ffc26690000 - 0x00007ffc26fa0000 	C:\WINDOWS\SYSTEM32\windows.storage.dll
0x00007ffc26550000 - 0x00007ffc2668f000 	C:\WINDOWS\SYSTEM32\wintypes.dll
0x00007ffc2a2a0000 - 0x00007ffc2a3aa000 	C:\WINDOWS\System32\SHCORE.dll
0x00007ffc2b3f0000 - 0x00007ffc2b44e000 	C:\WINDOWS\System32\shlwapi.dll
0x00007ffc28670000 - 0x00007ffc2869b000 	C:\WINDOWS\SYSTEM32\profapi.dll
0x00007ffc14a70000 - 0x00007ffc14a88000 	c:\Users\ASUS\.vscode\extensions\redhat.java-1.39.0-win32-x64\jre\21.0.5-win32-x86_64\bin\zip.dll
0x00007ffc14c40000 - 0x00007ffc14c50000 	C:\Users\ASUS\.vscode\extensions\redhat.java-1.39.0-win32-x64\jre\21.0.5-win32-x86_64\bin\net.dll
0x00007ffc1ff50000 - 0x00007ffc2007c000 	C:\WINDOWS\SYSTEM32\WINHTTP.dll
0x00007ffc27c80000 - 0x00007ffc27cea000 	C:\WINDOWS\system32\mswsock.dll
0x00007ffc14600000 - 0x00007ffc14616000 	C:\Users\ASUS\.vscode\extensions\redhat.java-1.39.0-win32-x64\jre\21.0.5-win32-x86_64\bin\nio.dll
0x00007ffc145f0000 - 0x00007ffc14600000 	c:\Users\ASUS\.vscode\extensions\redhat.java-1.39.0-win32-x64\jre\21.0.5-win32-x86_64\bin\verify.dll
0x00007ffc0e830000 - 0x00007ffc0e875000 	C:\Users\ASUS\AppData\Roaming\Code\User\globalStorage\redhat.java\1.39.0\config_ss_win\org.eclipse.equinox.launcher\org.eclipse.equinox.launcher.win32.win32.x86_64_1.2.1100.v20240722-2106\eclipse_11904.dll
0x00007ffc2a480000 - 0x00007ffc2a621000 	C:\WINDOWS\System32\ole32.dll
0x00007ffc14660000 - 0x00007ffc1466a000 	C:\Users\ASUS\.vscode\extensions\redhat.java-1.39.0-win32-x64\jre\21.0.5-win32-x86_64\bin\management.dll
0x00007ffc14650000 - 0x00007ffc1465b000 	C:\Users\ASUS\.vscode\extensions\redhat.java-1.39.0-win32-x64\jre\21.0.5-win32-x86_64\bin\management_ext.dll
0x00007ffc2a650000 - 0x00007ffc2a658000 	C:\WINDOWS\System32\PSAPI.DLL

dbghelp: loaded successfully - version: 4.0.5 - missing functions: none
symbol engine: initialized successfully - sym options: 0x614 - pdb path: .;c:\Users\ASUS\.vscode\extensions\redhat.java-1.39.0-win32-x64\jre\21.0.5-win32-x86_64\bin;C:\WINDOWS\SYSTEM32;C:\WINDOWS\WinSxS\amd64_microsoft.windows.common-controls_6595b64144ccf1df_6.0.22621.4830_none_270fe7d773858e80;c:\Users\ASUS\.vscode\extensions\redhat.java-1.39.0-win32-x64\jre\21.0.5-win32-x86_64\bin\server;C:\Users\ASUS\AppData\Roaming\Code\User\globalStorage\redhat.java\1.39.0\config_ss_win\org.eclipse.equinox.launcher\org.eclipse.equinox.launcher.win32.win32.x86_64_1.2.1100.v20240722-2106

VM Arguments:
jvm_args: --add-modules=ALL-SYSTEM --add-opens=java.base/java.util=ALL-UNNAMED --add-opens=java.base/java.lang=ALL-UNNAMED --add-opens=java.base/sun.nio.fs=ALL-UNNAMED -Declipse.application=org.eclipse.jdt.ls.core.id1 -Dosgi.bundles.defaultStartLevel=4 -Declipse.product=org.eclipse.jdt.ls.core.product -Djava.import.generatesMetadataFilesAtProjectRoot=false -DDetectVMInstallationsJob.disabled=true -Dfile.encoding=utf8 -XX:+UseParallelGC -XX:GCTimeRatio=4 -XX:AdaptiveSizePolicyWeight=90 -Dsun.zip.disableMemoryMapping=true -Xmx1G -Xms100m -Xlog:disable -javaagent:c:\Users\ASUS\.vscode\extensions\redhat.java-1.39.0-win32-x64\lombok\lombok-1.18.34.jar 
java_command: c:\Users\ASUS\.vscode\extensions\redhat.java-1.39.0-win32-x64\server\plugins\org.eclipse.equinox.launcher_1.6.900.v20240613-2009.jar -configuration c:\Users\ASUS\AppData\Roaming\Code\User\globalStorage\redhat.java\1.39.0\config_ss_win -data c:\Users\ASUS\AppData\Roaming\Code\User\workspaceStorage\0afda030786fd0be1069e4aab85745b4\redhat.java\ss_ws --pipe=\\.\pipe\lsp-bc1c37b647bd5489718ecc092ec5567d-sock
java_class_path (initial): c:\Users\ASUS\.vscode\extensions\redhat.java-1.39.0-win32-x64\server\plugins\org.eclipse.equinox.launcher_1.6.900.v20240613-2009.jar
Launcher Type: SUN_STANDARD

[Global flags]
    uintx AdaptiveSizePolicyWeight                 = 90                                        {product} {command line}
     intx CICompilerCount                          = 4                                         {product} {ergonomic}
    uintx GCTimeRatio                              = 4                                         {product} {command line}
   size_t InitialHeapSize                          = 104857600                                 {product} {command line}
   size_t MaxHeapSize                              = 1073741824                                {product} {command line}
   size_t MaxNewSize                               = 357564416                                 {product} {ergonomic}
   size_t MinHeapDeltaBytes                        = 524288                                    {product} {ergonomic}
   size_t MinHeapSize                              = 104857600                                 {product} {command line}
   size_t NewSize                                  = 34603008                                  {product} {ergonomic}
    uintx NonNMethodCodeHeapSize                   = 5839372                                {pd product} {ergonomic}
    uintx NonProfiledCodeHeapSize                  = 122909434                              {pd product} {ergonomic}
   size_t OldSize                                  = 70254592                                  {product} {ergonomic}
    uintx ProfiledCodeHeapSize                     = 122909434                              {pd product} {ergonomic}
    uintx ReservedCodeCacheSize                    = 251658240                              {pd product} {ergonomic}
     bool SegmentedCodeCache                       = true                                      {product} {ergonomic}
   size_t SoftMaxHeapSize                          = 1073741824                             {manageable} {ergonomic}
     bool UseCompressedOops                        = true                           {product lp64_product} {ergonomic}
     bool UseLargePagesIndividualAllocation        = false                                  {pd product} {ergonomic}
     bool UseParallelGC                            = true                                      {product} {command line}

Logging:
Log output configuration:
 #0: stdout all=off uptime,level,tags foldmultilines=false
 #1: stderr all=off uptime,level,tags foldmultilines=false

Environment Variables:
JAVA_HOME=C:\Program Files\Java\jdk-22.0.2
PATH=C:\Program Files\Common Files\Oracle\Java\javapath;C:\ProgramData\Oracle\Java\javapath;C:\Program Files (x86)\Common Files\Intel\Shared Files\cpp\bin\Intel64;C:\Windows\system32;C:\Windows;C:\Windows\System32\Wbem;C:\Windows\System32\WindowsPowerShell\v1.0\;C:\Windows\System32\OpenSSH\;C:\Program Files (x86)\NVIDIA Corporation\PhysX\Common;C:\Program Files\NVIDIA Corporation\NVIDIA NvDLISR;C:\Program Files\Intel\WiFi\bin\;C:\Program Files\Common Files\Intel\WirelessCommon\;C:\Program Files (x86)\Windows Live\Shared;C:\Program Files\Java\jdk1.8.0_111\bin;C:\WINDOWS\system32;C:\WINDOWS;C:\WINDOWS\System32\Wbem;C:\WINDOWS\System32\WindowsPowerShell\v1.0\;C:\WINDOWS\System32\OpenSSH\;D:\Git\cmd;C:\xampp\php;C:\Program Files\Java\jdk-22.0.2;C:\dev\flutter\bin;C:\Program Files (x86)\Windows Kits\10\Windows Performance Toolkit\;C:\Program Files\nodejs\;C:\Program Files\Git\cmd;C:\Program Files\Git\bin;C:\dev\flutter\bin\cache\dart-sdk\bin;C:\Users\ASUS\AppData\Local\Programs\Python\Launcher\;C:\Users\ASUS\AppData\Local\Microsoft\WindowsApps;C:\Users\ASUS\AppData\Local\Programs\Microsoft VS Code\bin;C:\Users\ASUS\composer;C:\Users\ASUS\AppData\Roaming\Composer\vendor\bin;C:\Program Files\Java\jdk-22.0.2;C:\dev\flutter\bin;C:\Program Files\flutter\bin\cache\dart-sdk\bin;C:\Users\ASUS\AppData\Roaming\npm;C:\Program Files\Git\bin;C:\Program Files\Git\cmd;
USERNAME=ASUS
OS=Windows_NT
PROCESSOR_IDENTIFIER=Intel64 Family 6 Model 142 Stepping 12, GenuineIntel
TMP=C:\Users\ASUS\AppData\Local\Temp
TEMP=C:\Users\ASUS\AppData\Local\Temp




Periodic native trim disabled

---------------  S Y S T E M  ---------------

OS:
 Windows 11 , 64 bit Build 22621 (10.0.22621.4830)
OS uptime: 0 days 1:49 hours

CPU: total 8 (initial active 8) (4 cores per cpu, 2 threads per core) family 6 model 142 stepping 12 microcode 0xde, cx8, cmov, fxsr, ht, mmx, 3dnowpref, sse, sse2, sse3, ssse3, sse4.1, sse4.2, popcnt, lzcnt, tsc, tscinvbit, avx, avx2, aes, erms, clmul, bmi1, bmi2, adx, fma, vzeroupper, clflush, clflushopt, rdtscp, f16c
Processor Information for processor 0
  Max Mhz: 1800, Current Mhz: 1500, Mhz Limit: 1584
Processor Information for processor 1
  Max Mhz: 1800, Current Mhz: 1600, Mhz Limit: 1584
Processor Information for processor 2
  Max Mhz: 1800, Current Mhz: 1600, Mhz Limit: 1584
Processor Information for processor 3
  Max Mhz: 1800, Current Mhz: 1600, Mhz Limit: 1584
Processor Information for processor 4
  Max Mhz: 1800, Current Mhz: 1600, Mhz Limit: 1584
Processor Information for processor 5
  Max Mhz: 1800, Current Mhz: 1600, Mhz Limit: 1584
Processor Information for processor 6
  Max Mhz: 1800, Current Mhz: 1600, Mhz Limit: 1584
Processor Information for processor 7
  Max Mhz: 1800, Current Mhz: 1600, Mhz Limit: 1584

Memory: 4k page, system-wide physical 8043M (1547M free)
TotalPageFile size 8043M (AvailPageFile size 0M)
current process WorkingSet (physical memory assigned to process): 124M, peak: 124M
current process commit charge ("private bytes"): 230M, peak: 230M

vm_info: OpenJDK 64-Bit Server VM (21.0.5+11-LTS) for windows-amd64 JRE (21.0.5+11-LTS), built on 2024-10-15T00:00:00Z by "admin" with MS VC++ 17.7 (VS2022)

END.
