#
# There is insufficient memory for the Java Runtime Environment to continue.
# Native memory allocation (malloc) failed to allocate 1630656 bytes. Error detail: Chunk::new
# Possible reasons:
#   The system is out of physical RAM or swap space
#   This process is running with CompressedOops enabled, and the Java Heap may be blocking the growth of the native heap
# Possible solutions:
#   Reduce memory load on the system
#   Increase physical memory or swap space
#   Check if swap backing store is full
#   Decrease Java heap size (-Xmx/-Xms)
#   Decrease number of Java threads
#   Decrease Java thread stack sizes (-Xss)
#   Set larger code cache with -XX:ReservedCodeCacheSize=
#   JVM is running with Unscaled Compressed Oops mode in which the Java heap is
#     placed in the first 4GB address space. The Java Heap base address is the
#     maximum limit for the native heap growth. Please use -XX:HeapBaseMinAddress
#     to set the Java Heap base and to place the Java Heap above 4GB virtual address.
# This output file may be truncated or incomplete.
#
#  Out of Memory Error (arena.cpp:168), pid=5356, tid=13216
#
# JRE version: OpenJDK Runtime Environment Temurin-21.0.6+7 (21.0.6+7) (build 21.0.6+7-LTS)
# Java VM: OpenJDK 64-Bit Server VM Temurin-21.0.6+7 (21.0.6+7-LTS, mixed mode, sharing, tiered, compressed oops, compressed class ptrs, parallel gc, windows-amd64)
# No core dump will be written. Minidumps are not enabled by default on client versions of Windows
#

---------------  S U M M A R Y ------------

Command Line: --add-modules=ALL-SYSTEM --add-opens=java.base/java.util=ALL-UNNAMED --add-opens=java.base/java.lang=ALL-UNNAMED --add-opens=java.base/sun.nio.fs=ALL-UNNAMED -Declipse.application=org.eclipse.jdt.ls.core.id1 -Dosgi.bundles.defaultStartLevel=4 -Declipse.product=org.eclipse.jdt.ls.core.product -Djava.import.generatesMetadataFilesAtProjectRoot=false -DDetectVMInstallationsJob.disabled=true -Dfile.encoding=utf8 -XX:+UseParallelGC -XX:GCTimeRatio=4 -XX:AdaptiveSizePolicyWeight=90 -Dsun.zip.disableMemoryMapping=true -Xmx1G -Xms100m -Xlog:disable -javaagent:c:\Users\ASUS\.vscode\extensions\redhat.java-1.40.0-win32-x64\lombok\lombok-1.18.36.jar c:\Users\ASUS\.vscode\extensions\redhat.java-1.40.0-win32-x64\server\plugins\org.eclipse.equinox.launcher_1.6.1000.v20250131-0606.jar -configuration c:\Users\ASUS\AppData\Roaming\Code\User\globalStorage\redhat.java\1.40.0\config_ss_win -data c:\Users\ASUS\AppData\Roaming\Code\User\workspaceStorage\a7d0709649e970c0a2924581fa248fb4\redhat.java\ss_ws --pipe=\\.\pipe\lsp-5fc923d4250a1ba3efa9b5a2925f2728-sock

Host: Intel(R) Core(TM) i5-8265U CPU @ 1.60GHz, 8 cores, 7G,  Windows 11 , 64 bit Build 22621 (10.0.22621.4974)
Time: Wed Mar 19 13:27:19 2025 SE Asia Standard Time elapsed time: 9.120485 seconds (0d 0h 0m 9s)

---------------  T H R E A D  ---------------

Current thread (0x0000012bd473a010):  JavaThread "C2 CompilerThread1" daemon [_thread_in_native, id=13216, stack(0x0000001011000000,0x0000001011100000) (1024K)]


Current CompileTask:
C2:9120 3190       4       java.lang.invoke.MethodType::makeImpl (109 bytes)

Stack: [0x0000001011000000,0x0000001011100000]
Native frames: (J=compiled Java code, j=interpreted, Vv=VM code, C=native code)
V  [jvm.dll+0x6cdee9]
V  [jvm.dll+0x8a83d1]
V  [jvm.dll+0x8aa8fe]
V  [jvm.dll+0x8aafe3]
V  [jvm.dll+0x27f706]
V  [jvm.dll+0xc500d]
V  [jvm.dll+0xc5543]
V  [jvm.dll+0x3b678c]
V  [jvm.dll+0x382935]
V  [jvm.dll+0x381d9a]
V  [jvm.dll+0x2479f0]
V  [jvm.dll+0x246fcf]
V  [jvm.dll+0x1c75ee]
V  [jvm.dll+0x25685a]
V  [jvm.dll+0x254dfa]
V  [jvm.dll+0x3f0256]
V  [jvm.dll+0x851f8b]
V  [jvm.dll+0x6cc5ed]
C  [ucrtbase.dll+0x29333]
C  [KERNEL32.DLL+0x1259d]
C  [ntdll.dll+0x5af38]


---------------  P R O C E S S  ---------------

Threads class SMR info:
_java_thread_list=0x0000012bd47389e0, length=33, elements={
0x0000012bf634ab10, 0x0000012bfda38400, 0x0000012bf873bde0, 0x0000012bf873e080,
0x0000012bfda38fb0, 0x0000012bfda39ec0, 0x0000012bfda3d930, 0x0000012bfda3e760,
0x0000012bfda6dfd0, 0x0000012bff4c29a0, 0x0000012bff62bca0, 0x0000012bffc44bb0,
0x0000012bffebfc80, 0x0000012bffe56030, 0x0000012bff91b700, 0x0000012bd40e53e0,
0x0000012bd423aaf0, 0x0000012bd4211750, 0x0000012bd447b040, 0x0000012bd4724a20,
0x0000012bd473a010, 0x0000012bd47250b0, 0x0000012bd4725740, 0x0000012bd4726af0,
0x0000012bd4725dd0, 0x0000012bd4727180, 0x0000012bd4727810, 0x0000012bd4727ea0,
0x0000012bd4726460, 0x0000012bd4bec020, 0x0000012bd4beb990, 0x0000012bd4beac70,
0x0000012bd4beb300
}

Java Threads: ( => current thread )
  0x0000012bf634ab10 JavaThread "main"                              [_thread_in_vm, id=7916, stack(0x000000100f600000,0x000000100f700000) (1024K)]
  0x0000012bfda38400 JavaThread "Reference Handler"          daemon [_thread_blocked, id=7576, stack(0x000000100fa00000,0x000000100fb00000) (1024K)]
  0x0000012bf873bde0 JavaThread "Finalizer"                  daemon [_thread_blocked, id=4732, stack(0x000000100fb00000,0x000000100fc00000) (1024K)]
  0x0000012bf873e080 JavaThread "Signal Dispatcher"          daemon [_thread_blocked, id=8824, stack(0x000000100fc00000,0x000000100fd00000) (1024K)]
  0x0000012bfda38fb0 JavaThread "Attach Listener"            daemon [_thread_blocked, id=1676, stack(0x000000100fd00000,0x000000100fe00000) (1024K)]
  0x0000012bfda39ec0 JavaThread "Service Thread"             daemon [_thread_blocked, id=1692, stack(0x000000100fe00000,0x000000100ff00000) (1024K)]
  0x0000012bfda3d930 JavaThread "Monitor Deflation Thread"   daemon [_thread_blocked, id=13320, stack(0x000000100ff00000,0x0000001010000000) (1024K)]
  0x0000012bfda3e760 JavaThread "C2 CompilerThread0"         daemon [_thread_in_native, id=5996, stack(0x0000001010000000,0x0000001010100000) (1024K)]
  0x0000012bfda6dfd0 JavaThread "C1 CompilerThread0"         daemon [_thread_blocked, id=3360, stack(0x0000001010100000,0x0000001010200000) (1024K)]
  0x0000012bff4c29a0 JavaThread "Common-Cleaner"             daemon [_thread_blocked, id=10884, stack(0x0000001010200000,0x0000001010300000) (1024K)]
  0x0000012bff62bca0 JavaThread "Notification Thread"        daemon [_thread_blocked, id=12240, stack(0x0000001010300000,0x0000001010400000) (1024K)]
  0x0000012bffc44bb0 JavaThread "Active Thread: Equinox Container: 98a48b15-6439-47dc-bbbb-622ba137279f"        [_thread_blocked, id=9156, stack(0x0000001010c00000,0x0000001010d00000) (1024K)]
  0x0000012bffebfc80 JavaThread "Framework Event Dispatcher: Equinox Container: 98a48b15-6439-47dc-bbbb-622ba137279f" daemon [_thread_blocked, id=8936, stack(0x0000001010400000,0x0000001010500000) (1024K)]
  0x0000012bffe56030 JavaThread "Start Level: Equinox Container: 98a48b15-6439-47dc-bbbb-622ba137279f" daemon [_thread_blocked, id=13200, stack(0x0000001010b00000,0x0000001010c00000) (1024K)]
  0x0000012bff91b700 JavaThread "SCR Component Actor"        daemon [_thread_blocked, id=10872, stack(0x0000001010d00000,0x0000001010e00000) (1024K)]
  0x0000012bd40e53e0 JavaThread "SCR Component Registry"     daemon [_thread_blocked, id=7500, stack(0x0000001010f00000,0x0000001011000000) (1024K)]
  0x0000012bd423aaf0 JavaThread "Worker-JM"                         [_thread_blocked, id=5152, stack(0x0000001011200000,0x0000001011300000) (1024K)]
  0x0000012bd4211750 JavaThread "Worker-0"                          [_thread_blocked, id=9132, stack(0x0000001011100000,0x0000001011200000) (1024K)]
  0x0000012bd447b040 JavaThread "Worker-1"                          [_thread_blocked, id=12704, stack(0x0000001011300000,0x0000001011400000) (1024K)]
  0x0000012bd4724a20 JavaThread "JNA Cleaner"                daemon [_thread_blocked, id=7976, stack(0x0000001011400000,0x0000001011500000) (1024K)]
=>0x0000012bd473a010 JavaThread "C2 CompilerThread1"         daemon [_thread_in_native, id=13216, stack(0x0000001011000000,0x0000001011100000) (1024K)]
  0x0000012bd47250b0 JavaThread "Thread-2"                   daemon [_thread_in_native, id=10640, stack(0x0000001011600000,0x0000001011700000) (1024K)]
  0x0000012bd4725740 JavaThread "Thread-3"                   daemon [_thread_in_native, id=1160, stack(0x0000001011700000,0x0000001011800000) (1024K)]
  0x0000012bd4726af0 JavaThread "Thread-4"                   daemon [_thread_in_native, id=8524, stack(0x0000001011800000,0x0000001011900000) (1024K)]
  0x0000012bd4725dd0 JavaThread "Thread-5"                   daemon [_thread_in_native, id=13596, stack(0x0000001011900000,0x0000001011a00000) (1024K)]
  0x0000012bd4727180 JavaThread "Thread-6"                   daemon [_thread_in_native, id=10808, stack(0x0000001011a00000,0x0000001011b00000) (1024K)]
  0x0000012bd4727810 JavaThread "Thread-7"                   daemon [_thread_in_native, id=936, stack(0x0000001011b00000,0x0000001011c00000) (1024K)]
  0x0000012bd4727ea0 JavaThread "Thread-8"                   daemon [_thread_in_native, id=8292, stack(0x0000001011c00000,0x0000001011d00000) (1024K)]
  0x0000012bd4726460 JavaThread "Thread-9"                   daemon [_thread_in_native, id=2780, stack(0x0000001011d00000,0x0000001011e00000) (1024K)]
  0x0000012bd4bec020 JavaThread "Thread-10"                  daemon [_thread_in_native, id=12484, stack(0x0000001011e00000,0x0000001011f00000) (1024K)]
  0x0000012bd4beb990 JavaThread "pool-2-thread-1"                   [_thread_blocked, id=11836, stack(0x0000001011f00000,0x0000001012000000) (1024K)]
  0x0000012bd4beac70 JavaThread "WorkspaceEventsHandler"            [_thread_blocked, id=768, stack(0x0000001012000000,0x0000001012100000) (1024K)]
  0x0000012bd4beb300 JavaThread "pool-1-thread-1"                   [_thread_in_vm, id=13056, stack(0x0000001012100000,0x0000001012200000) (1024K)]
Total: 33

Other Threads:
  0x0000012bfda33630 VMThread "VM Thread"                           [id=12596, stack(0x000000100f900000,0x000000100fa00000) (1024K)]
  0x0000012bfd94ca00 WatcherThread "VM Periodic Task Thread"        [id=10016, stack(0x000000100f800000,0x000000100f900000) (1024K)]
  0x0000012bf869ffe0 WorkerThread "GC Thread#0"                     [id=9672, stack(0x000000100f700000,0x000000100f800000) (1024K)]
  0x0000012bffb8b820 WorkerThread "GC Thread#1"                     [id=4556, stack(0x0000001010500000,0x0000001010600000) (1024K)]
  0x0000012bffa007a0 WorkerThread "GC Thread#2"                     [id=3208, stack(0x0000001010600000,0x0000001010700000) (1024K)]
  0x0000012bffa00b40 WorkerThread "GC Thread#3"                     [id=7300, stack(0x0000001010700000,0x0000001010800000) (1024K)]
  0x0000012bffa00ee0 WorkerThread "GC Thread#4"                     [id=6160, stack(0x0000001010800000,0x0000001010900000) (1024K)]
  0x0000012bffbf5c10 WorkerThread "GC Thread#5"                     [id=4920, stack(0x0000001010900000,0x0000001010a00000) (1024K)]
  0x0000012bffbf5fb0 WorkerThread "GC Thread#6"                     [id=8960, stack(0x0000001010a00000,0x0000001010b00000) (1024K)]
  0x0000012bffa3e830 WorkerThread "GC Thread#7"                     [id=8320, stack(0x0000001010e00000,0x0000001010f00000) (1024K)]
Total: 10

Threads with active compile tasks:
C2 CompilerThread0  9164 3288       4       jdk.internal.org.objectweb.asm.Frame::getAbstractTypeFromDescriptor (415 bytes)
C2 CompilerThread1  9176 3190       4       java.lang.invoke.MethodType::makeImpl (109 bytes)
Total: 2

VM state: not at safepoint (normal execution)

VM Mutex/Monitor currently owned by a thread: None

Heap address: 0x00000000c0000000, size: 1024 MB, Compressed Oops mode: 32-bit

CDS archive(s) mapped at: [0x0000012b8f000000-0x0000012b8fba0000-0x0000012b8fba0000), size 12189696, SharedBaseAddress: 0x0000012b8f000000, ArchiveRelocationMode: 1.
Compressed class space mapped at: 0x0000012b90000000-0x0000012bd0000000, reserved size: 1073741824
Narrow klass base: 0x0000012b8f000000, Narrow klass shift: 0, Narrow klass range: 0x100000000

GC Precious Log:
 CardTable entry size: 512
 CPUs: 8 total, 8 available
 Memory: 8043M
 Large Page Support: Disabled
 NUMA Support: Disabled
 Compressed Oops: Enabled (32-bit)
 Alignments: Space 512K, Generation 512K, Heap 2M
 Heap Min Capacity: 100M
 Heap Initial Capacity: 100M
 Heap Max Capacity: 1G
 Pre-touch: Disabled
 Parallel Workers: 8

Heap:
 PSYoungGen      total 26624K, used 17304K [0x00000000eab00000, 0x00000000eca80000, 0x0000000100000000)
  eden space 24576K, 63% used [0x00000000eab00000,0x00000000eba3a9b8,0x00000000ec300000)
  from space 2048K, 83% used [0x00000000ec480000,0x00000000ec62b7c8,0x00000000ec680000)
  to   space 3584K, 0% used [0x00000000ec700000,0x00000000ec700000,0x00000000eca80000)
 ParOldGen       total 68608K, used 10605K [0x00000000c0000000, 0x00000000c4300000, 0x00000000eab00000)
  object space 68608K, 15% used [0x00000000c0000000,0x00000000c0a5b490,0x00000000c4300000)
 Metaspace       used 27682K, committed 28416K, reserved 1114112K
  class space    used 2671K, committed 3008K, reserved 1048576K

Card table byte_map: [0x0000012bf8020000,0x0000012bf8230000] _byte_map_base: 0x0000012bf7a20000

Marking Bits: (ParMarkBitMap*) 0x00007fff75e33260
 Begin Bits: [0x0000012bfb870000, 0x0000012bfc870000)
 End Bits:   [0x0000012bfc870000, 0x0000012bfd870000)

Polling page: 0x0000012bf64c0000

Metaspace:

Usage:
  Non-class:     24.42 MB used.
      Class:      2.61 MB used.
       Both:     27.03 MB used.

Virtual space:
  Non-class space:       64.00 MB reserved,      24.81 MB ( 39%) committed,  1 nodes.
      Class space:        1.00 GB reserved,       2.94 MB ( <1%) committed,  1 nodes.
             Both:        1.06 GB reserved,      27.75 MB (  3%) committed. 

Chunk freelists:
   Non-Class:  7.06 MB
       Class:  13.06 MB
        Both:  20.13 MB

MaxMetaspaceSize: unlimited
CompressedClassSpaceSize: 1.00 GB
Initial GC threshold: 21.00 MB
Current GC threshold: 35.00 MB
CDS: on
 - commit_granule_bytes: 65536.
 - commit_granule_words: 8192.
 - virtual_space_node_default_size: 8388608.
 - enlarge_chunks_in_place: 1.
 - use_allocation_guard: 0.


Internal statistics:

num_allocs_failed_limit: 3.
num_arena_births: 514.
num_arena_deaths: 14.
num_vsnodes_births: 2.
num_vsnodes_deaths: 0.
num_space_committed: 443.
num_space_uncommitted: 0.
num_chunks_returned_to_freelist: 17.
num_chunks_taken_from_freelist: 1522.
num_chunk_merges: 6.
num_chunk_splits: 1014.
num_chunks_enlarged: 670.
num_inconsistent_stats: 0.

CodeHeap 'non-profiled nmethods': size=120000Kb used=1486Kb max_used=1486Kb free=118513Kb
 bounds [0x0000012b87ad0000, 0x0000012b87d40000, 0x0000012b8f000000]
CodeHeap 'profiled nmethods': size=120000Kb used=6532Kb max_used=6532Kb free=113467Kb
 bounds [0x0000012b80000000, 0x0000012b80670000, 0x0000012b87530000]
CodeHeap 'non-nmethods': size=5760Kb used=1336Kb max_used=1373Kb free=4424Kb
 bounds [0x0000012b87530000, 0x0000012b877a0000, 0x0000012b87ad0000]
 total_blobs=3925 nmethods=3294 adapters=537
 compilation: enabled
              stopped_count=0, restarted_count=0
 full_count=0

Compilation events (20 events):
Event: 9.097 Thread 0x0000012bfda6dfd0 nmethod 3275 0x0000012b8065c590 code [0x0000012b8065c7c0, 0x0000012b8065ce30]
Event: 9.097 Thread 0x0000012bfda6dfd0 3274       3       java.lang.reflect.ProxyGenerator::lambda$addProxyMethod$0 (9 bytes)
Event: 9.097 Thread 0x0000012bfda6dfd0 nmethod 3274 0x0000012b8065d210 code [0x0000012b8065d3c0, 0x0000012b8065d548]
Event: 9.100 Thread 0x0000012bfda6dfd0 3278       3       java.lang.reflect.Constructor::getParameterTypes (11 bytes)
Event: 9.100 Thread 0x0000012bfda6dfd0 nmethod 3278 0x0000012b8065d610 code [0x0000012b8065d7c0, 0x0000012b8065da88]
Event: 9.101 Thread 0x0000012bfda3e760 nmethod 3276 0x0000012b87c40490 code [0x0000012b87c40640, 0x0000012b87c40900]
Event: 9.101 Thread 0x0000012bfda3e760 3277       4       jdk.internal.org.objectweb.asm.Frame::pop (46 bytes)
Event: 9.103 Thread 0x0000012bfda3e760 nmethod 3277 0x0000012b87c40b10 code [0x0000012b87c40ca0, 0x0000012b87c40d58]
Event: 9.111 Thread 0x0000012bfda3e760 3279       4       java.lang.Character::digit (6 bytes)
Event: 9.113 Thread 0x0000012bfda3e760 nmethod 3279 0x0000012b87c40e10 code [0x0000012b87c40fa0, 0x0000012b87c41128]
Event: 9.114 Thread 0x0000012bfda6dfd0 3280       3       java.nio.HeapByteBuffer::get (14 bytes)
Event: 9.115 Thread 0x0000012bfda3e760 3283       4       java.nio.HeapByteBuffer::ix (7 bytes)
Event: 9.115 Thread 0x0000012bfda6dfd0 nmethod 3280 0x0000012b8065db90 code [0x0000012b8065dd60, 0x0000012b8065e028]
Event: 9.115 Thread 0x0000012bfda6dfd0 3281       3       java.nio.Buffer::nextGetIndex (30 bytes)
Event: 9.115 Thread 0x0000012bfda6dfd0 nmethod 3281 0x0000012b8065e210 code [0x0000012b8065e3c0, 0x0000012b8065e590]
Event: 9.115 Thread 0x0000012bfda6dfd0 3282   !   3       org.eclipse.jdt.ls.core.internal.ConnectionStreamFactory$NamedPipeInputStream::read (128 bytes)
Event: 9.115 Thread 0x0000012bfda3e760 nmethod 3283 0x0000012b87c41290 code [0x0000012b87c41420, 0x0000012b87c414b0]
Event: 9.116 Thread 0x0000012bfda6dfd0 nmethod 3282 0x0000012b8065e690 code [0x0000012b8065e900, 0x0000012b8065f2d0]
Event: 9.116 Thread 0x0000012bfda6dfd0 3284       3       java.util.concurrent.locks.ReentrantReadWriteLock$ReadLock::unlock (10 bytes)
Event: 9.117 Thread 0x0000012bfda6dfd0 nmethod 3284 0x0000012b8065f690 code [0x0000012b8065f860, 0x0000012b8065fb38]

GC Heap History (16 events):
Event: 1.781 GC heap before
{Heap before GC invocations=1 (full 0):
 PSYoungGen      total 29696K, used 25600K [0x00000000eab00000, 0x00000000ecc00000, 0x0000000100000000)
  eden space 25600K, 100% used [0x00000000eab00000,0x00000000ec400000,0x00000000ec400000)
  from space 4096K, 0% used [0x00000000ec800000,0x00000000ec800000,0x00000000ecc00000)
  to   space 4096K, 0% used [0x00000000ec400000,0x00000000ec400000,0x00000000ec800000)
 ParOldGen       total 68608K, used 0K [0x00000000c0000000, 0x00000000c4300000, 0x00000000eab00000)
  object space 68608K, 0% used [0x00000000c0000000,0x00000000c0000000,0x00000000c4300000)
 Metaspace       used 4338K, committed 4544K, reserved 1114112K
  class space    used 436K, committed 512K, reserved 1048576K
}
Event: 1.792 GC heap after
{Heap after GC invocations=1 (full 0):
 PSYoungGen      total 29696K, used 3173K [0x00000000eab00000, 0x00000000ecc00000, 0x0000000100000000)
  eden space 25600K, 0% used [0x00000000eab00000,0x00000000eab00000,0x00000000ec400000)
  from space 4096K, 77% used [0x00000000ec400000,0x00000000ec7197f0,0x00000000ec800000)
  to   space 4096K, 0% used [0x00000000ec800000,0x00000000ec800000,0x00000000ecc00000)
 ParOldGen       total 68608K, used 16K [0x00000000c0000000, 0x00000000c4300000, 0x00000000eab00000)
  object space 68608K, 0% used [0x00000000c0000000,0x00000000c0004000,0x00000000c4300000)
 Metaspace       used 4338K, committed 4544K, reserved 1114112K
  class space    used 436K, committed 512K, reserved 1048576K
}
Event: 3.851 GC heap before
{Heap before GC invocations=2 (full 0):
 PSYoungGen      total 29696K, used 28773K [0x00000000eab00000, 0x00000000ecc00000, 0x0000000100000000)
  eden space 25600K, 100% used [0x00000000eab00000,0x00000000ec400000,0x00000000ec400000)
  from space 4096K, 77% used [0x00000000ec400000,0x00000000ec7197f0,0x00000000ec800000)
  to   space 4096K, 0% used [0x00000000ec800000,0x00000000ec800000,0x00000000ecc00000)
 ParOldGen       total 68608K, used 16K [0x00000000c0000000, 0x00000000c4300000, 0x00000000eab00000)
  object space 68608K, 0% used [0x00000000c0000000,0x00000000c0004000,0x00000000c4300000)
 Metaspace       used 8234K, committed 8512K, reserved 1114112K
  class space    used 814K, committed 960K, reserved 1048576K
}
Event: 3.860 GC heap after
{Heap after GC invocations=2 (full 0):
 PSYoungGen      total 29696K, used 4090K [0x00000000eab00000, 0x00000000ecc00000, 0x0000000100000000)
  eden space 25600K, 0% used [0x00000000eab00000,0x00000000eab00000,0x00000000ec400000)
  from space 4096K, 99% used [0x00000000ec800000,0x00000000ecbfe938,0x00000000ecc00000)
  to   space 4096K, 0% used [0x00000000ec400000,0x00000000ec400000,0x00000000ec800000)
 ParOldGen       total 68608K, used 869K [0x00000000c0000000, 0x00000000c4300000, 0x00000000eab00000)
  object space 68608K, 1% used [0x00000000c0000000,0x00000000c00d96a8,0x00000000c4300000)
 Metaspace       used 8234K, committed 8512K, reserved 1114112K
  class space    used 814K, committed 960K, reserved 1048576K
}
Event: 4.611 GC heap before
{Heap before GC invocations=3 (full 0):
 PSYoungGen      total 29696K, used 29690K [0x00000000eab00000, 0x00000000ecc00000, 0x0000000100000000)
  eden space 25600K, 100% used [0x00000000eab00000,0x00000000ec400000,0x00000000ec400000)
  from space 4096K, 99% used [0x00000000ec800000,0x00000000ecbfe938,0x00000000ecc00000)
  to   space 4096K, 0% used [0x00000000ec400000,0x00000000ec400000,0x00000000ec800000)
 ParOldGen       total 68608K, used 869K [0x00000000c0000000, 0x00000000c4300000, 0x00000000eab00000)
  object space 68608K, 1% used [0x00000000c0000000,0x00000000c00d96a8,0x00000000c4300000)
 Metaspace       used 12938K, committed 13440K, reserved 1114112K
  class space    used 1304K, committed 1536K, reserved 1048576K
}
Event: 4.617 GC heap after
{Heap after GC invocations=3 (full 0):
 PSYoungGen      total 29696K, used 4077K [0x00000000eab00000, 0x00000000ecc00000, 0x0000000100000000)
  eden space 25600K, 0% used [0x00000000eab00000,0x00000000eab00000,0x00000000ec400000)
  from space 4096K, 99% used [0x00000000ec400000,0x00000000ec7fb618,0x00000000ec800000)
  to   space 4096K, 0% used [0x00000000ec800000,0x00000000ec800000,0x00000000ecc00000)
 ParOldGen       total 68608K, used 2738K [0x00000000c0000000, 0x00000000c4300000, 0x00000000eab00000)
  object space 68608K, 3% used [0x00000000c0000000,0x00000000c02ac9f0,0x00000000c4300000)
 Metaspace       used 12938K, committed 13440K, reserved 1114112K
  class space    used 1304K, committed 1536K, reserved 1048576K
}
Event: 5.269 GC heap before
{Heap before GC invocations=4 (full 0):
 PSYoungGen      total 29696K, used 29677K [0x00000000eab00000, 0x00000000ecc00000, 0x0000000100000000)
  eden space 25600K, 100% used [0x00000000eab00000,0x00000000ec400000,0x00000000ec400000)
  from space 4096K, 99% used [0x00000000ec400000,0x00000000ec7fb618,0x00000000ec800000)
  to   space 4096K, 0% used [0x00000000ec800000,0x00000000ec800000,0x00000000ecc00000)
 ParOldGen       total 68608K, used 2738K [0x00000000c0000000, 0x00000000c4300000, 0x00000000eab00000)
  object space 68608K, 3% used [0x00000000c0000000,0x00000000c02ac9f0,0x00000000c4300000)
 Metaspace       used 15743K, committed 16384K, reserved 1114112K
  class space    used 1571K, committed 1856K, reserved 1048576K
}
Event: 5.277 GC heap after
{Heap after GC invocations=4 (full 0):
 PSYoungGen      total 29696K, used 4083K [0x00000000eab00000, 0x00000000ecc00000, 0x0000000100000000)
  eden space 25600K, 0% used [0x00000000eab00000,0x00000000eab00000,0x00000000ec400000)
  from space 4096K, 99% used [0x00000000ec800000,0x00000000ecbfcea0,0x00000000ecc00000)
  to   space 4096K, 0% used [0x00000000ec400000,0x00000000ec400000,0x00000000ec800000)
 ParOldGen       total 68608K, used 5371K [0x00000000c0000000, 0x00000000c4300000, 0x00000000eab00000)
  object space 68608K, 7% used [0x00000000c0000000,0x00000000c053ec00,0x00000000c4300000)
 Metaspace       used 15743K, committed 16384K, reserved 1114112K
  class space    used 1571K, committed 1856K, reserved 1048576K
}
Event: 5.871 GC heap before
{Heap before GC invocations=5 (full 0):
 PSYoungGen      total 29696K, used 29541K [0x00000000eab00000, 0x00000000ecc00000, 0x0000000100000000)
  eden space 25600K, 99% used [0x00000000eab00000,0x00000000ec3dc758,0x00000000ec400000)
  from space 4096K, 99% used [0x00000000ec800000,0x00000000ecbfcea0,0x00000000ecc00000)
  to   space 4096K, 0% used [0x00000000ec400000,0x00000000ec400000,0x00000000ec800000)
 ParOldGen       total 68608K, used 5371K [0x00000000c0000000, 0x00000000c4300000, 0x00000000eab00000)
  object space 68608K, 7% used [0x00000000c0000000,0x00000000c053ec00,0x00000000c4300000)
 Metaspace       used 19961K, committed 20608K, reserved 1114112K
  class space    used 1875K, committed 2176K, reserved 1048576K
}
Event: 5.877 GC heap after
{Heap after GC invocations=5 (full 0):
 PSYoungGen      total 29184K, used 4073K [0x00000000eab00000, 0x00000000ed080000, 0x0000000100000000)
  eden space 25088K, 0% used [0x00000000eab00000,0x00000000eab00000,0x00000000ec380000)
  from space 4096K, 99% used [0x00000000ec400000,0x00000000ec7fa4d0,0x00000000ec800000)
  to   space 6656K, 0% used [0x00000000eca00000,0x00000000eca00000,0x00000000ed080000)
 ParOldGen       total 68608K, used 7257K [0x00000000c0000000, 0x00000000c4300000, 0x00000000eab00000)
  object space 68608K, 10% used [0x00000000c0000000,0x00000000c07167f8,0x00000000c4300000)
 Metaspace       used 19961K, committed 20608K, reserved 1114112K
  class space    used 1875K, committed 2176K, reserved 1048576K
}
Event: 6.439 GC heap before
{Heap before GC invocations=6 (full 0):
 PSYoungGen      total 29184K, used 24358K [0x00000000eab00000, 0x00000000ed080000, 0x0000000100000000)
  eden space 25088K, 80% used [0x00000000eab00000,0x00000000ebecf640,0x00000000ec380000)
  from space 4096K, 99% used [0x00000000ec400000,0x00000000ec7fa4d0,0x00000000ec800000)
  to   space 6656K, 0% used [0x00000000eca00000,0x00000000eca00000,0x00000000ed080000)
 ParOldGen       total 68608K, used 7257K [0x00000000c0000000, 0x00000000c4300000, 0x00000000eab00000)
  object space 68608K, 10% used [0x00000000c0000000,0x00000000c07167f8,0x00000000c4300000)
 Metaspace       used 20924K, committed 21504K, reserved 1114112K
  class space    used 1932K, committed 2176K, reserved 1048576K
}
Event: 6.447 GC heap after
{Heap after GC invocations=6 (full 0):
 PSYoungGen      total 30720K, used 5274K [0x00000000eab00000, 0x00000000ecf80000, 0x0000000100000000)
  eden space 25088K, 0% used [0x00000000eab00000,0x00000000eab00000,0x00000000ec380000)
  from space 5632K, 93% used [0x00000000eca00000,0x00000000ecf26818,0x00000000ecf80000)
  to   space 5632K, 0% used [0x00000000ec480000,0x00000000ec480000,0x00000000eca00000)
 ParOldGen       total 68608K, used 7265K [0x00000000c0000000, 0x00000000c4300000, 0x00000000eab00000)
  object space 68608K, 10% used [0x00000000c0000000,0x00000000c07187f8,0x00000000c4300000)
 Metaspace       used 20924K, committed 21504K, reserved 1114112K
  class space    used 1932K, committed 2176K, reserved 1048576K
}
Event: 6.447 GC heap before
{Heap before GC invocations=7 (full 1):
 PSYoungGen      total 30720K, used 5274K [0x00000000eab00000, 0x00000000ecf80000, 0x0000000100000000)
  eden space 25088K, 0% used [0x00000000eab00000,0x00000000eab00000,0x00000000ec380000)
  from space 5632K, 93% used [0x00000000eca00000,0x00000000ecf26818,0x00000000ecf80000)
  to   space 5632K, 0% used [0x00000000ec480000,0x00000000ec480000,0x00000000eca00000)
 ParOldGen       total 68608K, used 7265K [0x00000000c0000000, 0x00000000c4300000, 0x00000000eab00000)
  object space 68608K, 10% used [0x00000000c0000000,0x00000000c07187f8,0x00000000c4300000)
 Metaspace       used 20924K, committed 21504K, reserved 1114112K
  class space    used 1932K, committed 2176K, reserved 1048576K
}
Event: 6.489 GC heap after
{Heap after GC invocations=7 (full 1):
 PSYoungGen      total 30720K, used 0K [0x00000000eab00000, 0x00000000ecf80000, 0x0000000100000000)
  eden space 25088K, 0% used [0x00000000eab00000,0x00000000eab00000,0x00000000ec380000)
  from space 5632K, 0% used [0x00000000eca00000,0x00000000eca00000,0x00000000ecf80000)
  to   space 5632K, 0% used [0x00000000ec480000,0x00000000ec480000,0x00000000eca00000)
 ParOldGen       total 68608K, used 10597K [0x00000000c0000000, 0x00000000c4300000, 0x00000000eab00000)
  object space 68608K, 15% used [0x00000000c0000000,0x00000000c0a59490,0x00000000c4300000)
 Metaspace       used 20912K, committed 21504K, reserved 1114112K
  class space    used 1929K, committed 2176K, reserved 1048576K
}
Event: 8.641 GC heap before
{Heap before GC invocations=8 (full 1):
 PSYoungGen      total 30720K, used 25088K [0x00000000eab00000, 0x00000000ecf80000, 0x0000000100000000)
  eden space 25088K, 100% used [0x00000000eab00000,0x00000000ec380000,0x00000000ec380000)
  from space 5632K, 0% used [0x00000000eca00000,0x00000000eca00000,0x00000000ecf80000)
  to   space 5632K, 0% used [0x00000000ec480000,0x00000000ec480000,0x00000000eca00000)
 ParOldGen       total 68608K, used 10597K [0x00000000c0000000, 0x00000000c4300000, 0x00000000eab00000)
  object space 68608K, 15% used [0x00000000c0000000,0x00000000c0a59490,0x00000000c4300000)
 Metaspace       used 25283K, committed 26048K, reserved 1114112K
  class space    used 2372K, committed 2752K, reserved 1048576K
}
Event: 8.645 GC heap after
{Heap after GC invocations=8 (full 1):
 PSYoungGen      total 26624K, used 1709K [0x00000000eab00000, 0x00000000eca80000, 0x0000000100000000)
  eden space 24576K, 0% used [0x00000000eab00000,0x00000000eab00000,0x00000000ec300000)
  from space 2048K, 83% used [0x00000000ec480000,0x00000000ec62b7c8,0x00000000ec680000)
  to   space 3584K, 0% used [0x00000000ec700000,0x00000000ec700000,0x00000000eca80000)
 ParOldGen       total 68608K, used 10605K [0x00000000c0000000, 0x00000000c4300000, 0x00000000eab00000)
  object space 68608K, 15% used [0x00000000c0000000,0x00000000c0a5b490,0x00000000c4300000)
 Metaspace       used 25283K, committed 26048K, reserved 1114112K
  class space    used 2372K, committed 2752K, reserved 1048576K
}

Dll operation events (12 events):
Event: 0.024 Loaded shared library c:\Users\ASUS\.vscode\extensions\redhat.java-1.40.0-win32-x64\jre\21.0.6-win32-x86_64\bin\java.dll
Event: 0.162 Loaded shared library c:\Users\ASUS\.vscode\extensions\redhat.java-1.40.0-win32-x64\jre\21.0.6-win32-x86_64\bin\zip.dll
Event: 0.209 Loaded shared library C:\Users\ASUS\.vscode\extensions\redhat.java-1.40.0-win32-x64\jre\21.0.6-win32-x86_64\bin\instrument.dll
Event: 0.216 Loaded shared library C:\Users\ASUS\.vscode\extensions\redhat.java-1.40.0-win32-x64\jre\21.0.6-win32-x86_64\bin\net.dll
Event: 0.221 Loaded shared library C:\Users\ASUS\.vscode\extensions\redhat.java-1.40.0-win32-x64\jre\21.0.6-win32-x86_64\bin\nio.dll
Event: 0.227 Loaded shared library C:\Users\ASUS\.vscode\extensions\redhat.java-1.40.0-win32-x64\jre\21.0.6-win32-x86_64\bin\zip.dll
Event: 0.256 Loaded shared library C:\Users\ASUS\.vscode\extensions\redhat.java-1.40.0-win32-x64\jre\21.0.6-win32-x86_64\bin\jimage.dll
Event: 0.426 Loaded shared library c:\Users\ASUS\.vscode\extensions\redhat.java-1.40.0-win32-x64\jre\21.0.6-win32-x86_64\bin\verify.dll
Event: 3.763 Loaded shared library C:\Users\ASUS\AppData\Roaming\Code\User\globalStorage\redhat.java\1.40.0\config_ss_win\org.eclipse.equinox.launcher\org.eclipse.equinox.launcher.win32.win32.x86_64_1.2.1200.v20250212-0927\eclipse_11909.dll
Event: 4.610 Loaded shared library C:\Users\ASUS\.vscode\extensions\redhat.java-1.40.0-win32-x64\jre\21.0.6-win32-x86_64\bin\management.dll
Event: 4.622 Loaded shared library C:\Users\ASUS\.vscode\extensions\redhat.java-1.40.0-win32-x64\jre\21.0.6-win32-x86_64\bin\management_ext.dll
Event: 7.491 Loaded shared library C:\Users\ASUS\AppData\Local\Temp\jna-2018896\jna11434355776087106487.dll

Deoptimization events (20 events):
Event: 7.181 Thread 0x0000012bffe56030 Uncommon trap: trap_request=0xffffff45 fr.pc=0x0000012b87b09208 relative=0x00000000000006e8
Event: 7.181 Thread 0x0000012bffe56030 Uncommon trap: reason=unstable_if action=reinterpret pc=0x0000012b87b09208 method=java.lang.String.replace(Ljava/lang/CharSequence;Ljava/lang/CharSequence;)Ljava/lang/String; @ 42 c2
Event: 7.181 Thread 0x0000012bffe56030 DEOPT PACKING pc=0x0000012b87b09208 sp=0x0000001010bfbcf0
Event: 7.181 Thread 0x0000012bffe56030 DEOPT UNPACKING pc=0x0000012b87583aa2 sp=0x0000001010bfbc70 mode 2
Event: 7.531 Thread 0x0000012bffe56030 Uncommon trap: trap_request=0xffffff45 fr.pc=0x0000012b87b7a148 relative=0x0000000000000128
Event: 7.531 Thread 0x0000012bffe56030 Uncommon trap: reason=unstable_if action=reinterpret pc=0x0000012b87b7a148 method=jdk.internal.org.objectweb.asm.SymbolTable.put(Ljdk/internal/org/objectweb/asm/SymbolTable$Entry;)Ljdk/internal/org/objectweb/asm/SymbolTable$Entry; @ 13 c2
Event: 7.531 Thread 0x0000012bffe56030 DEOPT PACKING pc=0x0000012b87b7a148 sp=0x0000001010bfbf20
Event: 7.531 Thread 0x0000012bffe56030 DEOPT UNPACKING pc=0x0000012b87583aa2 sp=0x0000001010bfbe80 mode 2
Event: 7.554 Thread 0x0000012bffe56030 Uncommon trap: trap_request=0xffffff45 fr.pc=0x0000012b87b07ed0 relative=0x00000000000000b0
Event: 7.554 Thread 0x0000012bffe56030 Uncommon trap: reason=unstable_if action=reinterpret pc=0x0000012b87b07ed0 method=java.lang.CharacterDataLatin1.digit(II)I @ 7 c2
Event: 7.554 Thread 0x0000012bffe56030 DEOPT PACKING pc=0x0000012b87b07ed0 sp=0x0000001010bfbb60
Event: 7.554 Thread 0x0000012bffe56030 DEOPT UNPACKING pc=0x0000012b87583aa2 sp=0x0000001010bfbae0 mode 2
Event: 8.604 Thread 0x0000012bd447b040 Uncommon trap: trap_request=0xffffffde fr.pc=0x0000012b87c2d174 relative=0x00000000000003b4
Event: 8.604 Thread 0x0000012bd447b040 Uncommon trap: reason=class_check action=maybe_recompile pc=0x0000012b87c2d174 method=java.lang.String.<init>(Ljava/lang/AbstractStringBuilder;Ljava/lang/Void;)V @ 10 c2
Event: 8.604 Thread 0x0000012bd447b040 DEOPT PACKING pc=0x0000012b87c2d174 sp=0x00000010113fecc0
Event: 8.604 Thread 0x0000012bd447b040 DEOPT UNPACKING pc=0x0000012b87583aa2 sp=0x00000010113fec88 mode 2
Event: 9.111 Thread 0x0000012bf634ab10 Uncommon trap: trap_request=0xffffff3d fr.pc=0x0000012b87b8acb4 relative=0x0000000000000214
Event: 9.111 Thread 0x0000012bf634ab10 Uncommon trap: reason=unstable_fused_if action=reinterpret pc=0x0000012b87b8acb4 method=java.lang.CharacterDataLatin1.equalsIgnoreCase(BB)Z @ 16 c2
Event: 9.111 Thread 0x0000012bf634ab10 DEOPT PACKING pc=0x0000012b87b8acb4 sp=0x000000100f6fe8d0
Event: 9.111 Thread 0x0000012bf634ab10 DEOPT UNPACKING pc=0x0000012b87583aa2 sp=0x000000100f6fe7d8 mode 2

Classes loaded (20 events):
Event: 8.972 Loading class java/text/ParseException
Event: 8.972 Loading class java/text/ParseException done
Event: 9.010 Loading class java/util/BitSet
Event: 9.011 Loading class java/util/BitSet done
Event: 9.015 Loading class java/util/concurrent/atomic/AtomicIntegerArray
Event: 9.015 Loading class java/util/concurrent/atomic/AtomicIntegerArray done
Event: 9.020 Loading class java/util/Currency
Event: 9.021 Loading class java/util/Currency done
Event: 9.027 Loading class java/util/concurrent/atomic/AtomicLongArray
Event: 9.027 Loading class java/util/concurrent/atomic/AtomicLongArray done
Event: 9.109 Loading class sun/nio/ch/PendingFuture
Event: 9.109 Loading class sun/nio/ch/PendingFuture done
Event: 9.109 Loading class sun/nio/ch/WindowsAsynchronousFileChannelImpl$ReadTask
Event: 9.109 Loading class sun/nio/ch/Iocp$ResultHandler
Event: 9.109 Loading class sun/nio/ch/Iocp$ResultHandler done
Event: 9.110 Loading class sun/nio/ch/WindowsAsynchronousFileChannelImpl$ReadTask done
Event: 9.110 Loading class java/text/ParsePosition
Event: 9.110 Loading class java/text/ParsePosition done
Event: 9.110 Loading class java/text/CalendarBuilder
Event: 9.110 Loading class java/text/CalendarBuilder done

Classes unloaded (7 events):
Event: 6.454 Thread 0x0000012bfda33630 Unloading class 0x0000012b90184c00 'java/lang/invoke/LambdaForm$MH+0x0000012b90184c00'
Event: 6.454 Thread 0x0000012bfda33630 Unloading class 0x0000012b90184800 'java/lang/invoke/LambdaForm$MH+0x0000012b90184800'
Event: 6.454 Thread 0x0000012bfda33630 Unloading class 0x0000012b90184400 'java/lang/invoke/LambdaForm$MH+0x0000012b90184400'
Event: 6.454 Thread 0x0000012bfda33630 Unloading class 0x0000012b90184000 'java/lang/invoke/LambdaForm$MH+0x0000012b90184000'
Event: 6.454 Thread 0x0000012bfda33630 Unloading class 0x0000012b90183c00 'java/lang/invoke/LambdaForm$BMH+0x0000012b90183c00'
Event: 6.454 Thread 0x0000012bfda33630 Unloading class 0x0000012b90183800 'java/lang/invoke/LambdaForm$DMH+0x0000012b90183800'
Event: 6.454 Thread 0x0000012bfda33630 Unloading class 0x0000012b90182400 'java/lang/invoke/LambdaForm$DMH+0x0000012b90182400'

Classes redefined (0 events):
No events

Internal exceptions (20 events):
Event: 8.481 Thread 0x0000012bffe56030 Exception <a 'java/io/FileNotFoundException'{0x00000000ebf7aec8}> (0x00000000ebf7aec8) 
thrown [s\src\hotspot\share\prims\jni.cpp, line 520]
Event: 8.503 Thread 0x0000012bffe56030 Exception <a 'java/lang/NoSuchMethodError'{0x00000000ebfd3830}: 'void java.lang.invoke.DirectMethodHandle$Holder.invokeSpecial(java.lang.Object, java.lang.Object, java.lang.Object, int)'> (0x00000000ebfd3830) 
thrown [s\src\hotspot\share\interpreter\linkResolver.cpp, line 773]
Event: 8.503 Thread 0x0000012bffe56030 Exception <a 'java/lang/NoSuchMethodError'{0x00000000ebfd6f10}: 'void java.lang.invoke.DelegatingMethodHandle$Holder.reinvoke_L(java.lang.Object, java.lang.Object, int)'> (0x00000000ebfd6f10) 
thrown [s\src\hotspot\share\interpreter\linkResolver.cpp, line 773]
Event: 8.504 Thread 0x0000012bffe56030 Exception <a 'java/lang/NoSuchMethodError'{0x00000000ebfdd948}: 'int java.lang.invoke.Invokers$Holder.invokeExact_MT(java.lang.Object, java.lang.Object, java.lang.Object)'> (0x00000000ebfdd948) 
thrown [s\src\hotspot\share\interpreter\linkResolver.cpp, line 773]
Event: 8.508 Thread 0x0000012bffe56030 Exception <a 'java/lang/UnsatisfiedLinkError'{0x00000000ebff22b0}: The specified procedure could not be found.
> (0x00000000ebff22b0) 
thrown [s\src\hotspot\share\prims\jni.cpp, line 539]
Event: 8.534 Thread 0x0000012bffe56030 Exception <a 'java/lang/NoSuchMethodError'{0x00000000ebffe078}: 'void java.lang.invoke.Invokers$Holder.invokeExact_MT(java.lang.Object, java.lang.Object, int, java.lang.Object)'> (0x00000000ebffe078) 
thrown [s\src\hotspot\share\interpreter\linkResolver.cpp, line 773]
Event: 8.639 Thread 0x0000012bf634ab10 Exception <a 'java/lang/NoSuchMethodError'{0x00000000ec372b40}: 'java.lang.Object java.lang.invoke.DirectMethodHandle$Holder.invokeStatic(java.lang.Object, long, java.lang.Object)'> (0x00000000ec372b40) 
thrown [s\src\hotspot\share\interpreter\linkResolver.cpp, line 773]
Event: 8.640 Thread 0x0000012bf634ab10 Exception <a 'java/lang/NoSuchMethodError'{0x00000000ec3761d8}: 'java.lang.Object java.lang.invoke.DirectMethodHandle$Holder.invokeStaticInit(java.lang.Object, long, java.lang.Object)'> (0x00000000ec3761d8) 
thrown [s\src\hotspot\share\interpreter\linkResolver.cpp, line 773]
Event: 8.640 Thread 0x0000012bf634ab10 Exception <a 'java/lang/NoSuchMethodError'{0x00000000ec37bbb0}: 'java.lang.Object java.lang.invoke.DirectMethodHandle$Holder.newInvokeSpecial(java.lang.Object, long)'> (0x00000000ec37bbb0) 
thrown [s\src\hotspot\share\interpreter\linkResolver.cpp, line 773]
Event: 8.684 Thread 0x0000012bd447b040 Exception <a 'java/io/FileNotFoundException'{0x00000000ead52a50}> (0x00000000ead52a50) 
thrown [s\src\hotspot\share\prims\jni.cpp, line 520]
Event: 8.684 Thread 0x0000012bd447b040 Exception <a 'java/io/FileNotFoundException'{0x00000000ead53cc0}> (0x00000000ead53cc0) 
thrown [s\src\hotspot\share\prims\jni.cpp, line 520]
Event: 8.689 Thread 0x0000012bd447b040 Exception <a 'java/lang/NoSuchMethodError'{0x00000000ead61d28}: 'java.lang.Object java.lang.invoke.DirectMethodHandle$Holder.newInvokeSpecial(java.lang.Object, java.lang.Object, java.lang.Object, int)'> (0x00000000ead61d28) 
thrown [s\src\hotspot\share\interpreter\linkResolver.cpp, line 773]
Event: 8.690 Thread 0x0000012bd447b040 Exception <a 'java/lang/NoSuchMethodError'{0x00000000eadac090}: 'java.lang.Object java.lang.invoke.DirectMethodHandle$Holder.invokeSpecial(java.lang.Object, java.lang.Object, java.lang.Object, java.lang.Object, int)'> (0x00000000eadac090) 
thrown [s\src\hotspot\share\interpreter\linkResolver.cpp, line 773]
Event: 8.690 Thread 0x0000012bd447b040 Exception <a 'java/lang/NoSuchMethodError'{0x00000000eadaf538}: 'java.lang.Object java.lang.invoke.Invokers$Holder.linkToTargetMethod(java.lang.Object, java.lang.Object, int, java.lang.Object)'> (0x00000000eadaf538) 
thrown [s\src\hotspot\share\interpreter\linkResolver.cpp, line 773]
Event: 8.693 Thread 0x0000012bd447b040 Exception <a 'java/lang/NoSuchMethodError'{0x00000000eadbae30}: 'void java.lang.invoke.DirectMethodHandle$Holder.invokeStaticInit(java.lang.Object, java.lang.Object, java.lang.Object)'> (0x00000000eadbae30) 
thrown [s\src\hotspot\share\interpreter\linkResolver.cpp, line 773]
Event: 8.697 Thread 0x0000012bd447b040 Exception <a 'java/io/FileNotFoundException'{0x00000000eadd0d00}> (0x00000000eadd0d00) 
thrown [s\src\hotspot\share\prims\jni.cpp, line 520]
Event: 8.697 Thread 0x0000012bd447b040 Exception <a 'java/io/FileNotFoundException'{0x00000000eadd1a48}> (0x00000000eadd1a48) 
thrown [s\src\hotspot\share\prims\jni.cpp, line 520]
Event: 9.080 Thread 0x0000012bf634ab10 Exception <a 'java/lang/NoSuchMethodError'{0x00000000eb819ba8}: 'void java.lang.invoke.DirectMethodHandle$Holder.invokeSpecial(java.lang.Object, java.lang.Object, java.lang.Object, java.lang.Object, java.lang.Object, java.lang.Object)'> (0x00000000eb819ba8) 
thrown [s\src\hotspot\share\interpreter\linkResolver.cpp, line 773]
Event: 9.081 Thread 0x0000012bf634ab10 Exception <a 'java/lang/IncompatibleClassChangeError'{0x00000000eb821e88}: Found class java.lang.Object, but interface was expected> (0x00000000eb821e88) 
thrown [s\src\hotspot\share\interpreter\linkResolver.cpp, line 840]
Event: 9.082 Thread 0x0000012bf634ab10 Exception <a 'java/lang/IncompatibleClassChangeError'{0x00000000eb824008}: Found class java.lang.Object, but interface was expected> (0x00000000eb824008) 
thrown [s\src\hotspot\share\interpreter\linkResolver.cpp, line 840]

ZGC Phase Switch (0 events):
No events

VM Operations (20 events):
Event: 6.437 Executing VM operation: CollectForMetadataAllocation (Metadata GC Threshold)
Event: 6.489 Executing VM operation: CollectForMetadataAllocation (Metadata GC Threshold) done
Event: 6.655 Executing VM operation: HandshakeAllThreads (Deoptimize)
Event: 6.655 Executing VM operation: HandshakeAllThreads (Deoptimize) done
Event: 6.655 Executing VM operation: HandshakeAllThreads (Deoptimize)
Event: 6.655 Executing VM operation: HandshakeAllThreads (Deoptimize) done
Event: 6.828 Executing VM operation: HandshakeAllThreads (Deoptimize)
Event: 6.828 Executing VM operation: HandshakeAllThreads (Deoptimize) done
Event: 7.006 Executing VM operation: HandshakeAllThreads (Deoptimize)
Event: 7.006 Executing VM operation: HandshakeAllThreads (Deoptimize) done
Event: 7.071 Executing VM operation: HandshakeAllThreads (Deoptimize)
Event: 7.071 Executing VM operation: HandshakeAllThreads (Deoptimize) done
Event: 7.517 Executing VM operation: HandshakeAllThreads (Deoptimize)
Event: 7.517 Executing VM operation: HandshakeAllThreads (Deoptimize) done
Event: 7.517 Executing VM operation: Cleanup
Event: 7.517 Executing VM operation: Cleanup done
Event: 8.517 Executing VM operation: Cleanup
Event: 8.517 Executing VM operation: Cleanup done
Event: 8.641 Executing VM operation: ParallelGCFailedAllocation (Allocation Failure)
Event: 8.645 Executing VM operation: ParallelGCFailedAllocation (Allocation Failure) done

Memory protections (0 events):
No events

Nmethod flushes (0 events):
No events

Events (20 events):
Event: 4.857 Thread 0x0000012bffe56030 Thread added: 0x0000012bd447b040
Event: 5.500 Thread 0x0000012bd41558c0 Thread exited: 0x0000012bd41558c0
Event: 6.008 Thread 0x0000012bfda6dfd0 Thread added: 0x0000012bd4436520
Event: 6.229 Thread 0x0000012bffe56030 Thread added: 0x0000012bd4724a20
Event: 6.538 Thread 0x0000012bd4724a20 Thread exited: 0x0000012bd4724a20
Event: 7.527 Thread 0x0000012bffe56030 Thread added: 0x0000012bd4724a20
Event: 8.085 Thread 0x0000012bd4436520 Thread exited: 0x0000012bd4436520
Event: 8.415 Thread 0x0000012bfda6dfd0 Thread added: 0x0000012bd473a010
Event: 8.659 Thread 0x0000012bf634ab10 Thread added: 0x0000012bd47250b0
Event: 8.672 Thread 0x0000012bf634ab10 Thread added: 0x0000012bd4725740
Event: 8.672 Thread 0x0000012bf634ab10 Thread added: 0x0000012bd4726af0
Event: 8.672 Thread 0x0000012bf634ab10 Thread added: 0x0000012bd4725dd0
Event: 8.672 Thread 0x0000012bf634ab10 Thread added: 0x0000012bd4727180
Event: 8.673 Thread 0x0000012bf634ab10 Thread added: 0x0000012bd4727810
Event: 8.673 Thread 0x0000012bf634ab10 Thread added: 0x0000012bd4727ea0
Event: 8.673 Thread 0x0000012bf634ab10 Thread added: 0x0000012bd4726460
Event: 8.675 Thread 0x0000012bf634ab10 Thread added: 0x0000012bd4bec020
Event: 8.704 Thread 0x0000012bf634ab10 Thread added: 0x0000012bd4beb990
Event: 9.107 Thread 0x0000012bf634ab10 Thread added: 0x0000012bd4beac70
Event: 9.107 Thread 0x0000012bf634ab10 Thread added: 0x0000012bd4beb300


Dynamic libraries:
0x00007ff6bc150000 - 0x00007ff6bc15e000 	c:\Users\ASUS\.vscode\extensions\redhat.java-1.40.0-win32-x64\jre\21.0.6-win32-x86_64\bin\java.exe
0x00007fffcd2b0000 - 0x00007fffcd4c7000 	C:\WINDOWS\SYSTEM32\ntdll.dll
0x00007fffccda0000 - 0x00007fffcce64000 	C:\WINDOWS\System32\KERNEL32.DLL
0x00007fffca650000 - 0x00007fffcaa21000 	C:\WINDOWS\System32\KERNELBASE.dll
0x00007fffca470000 - 0x00007fffca581000 	C:\WINDOWS\System32\ucrtbase.dll
0x00007fffb5de0000 - 0x00007fffb5df8000 	c:\Users\ASUS\.vscode\extensions\redhat.java-1.40.0-win32-x64\jre\21.0.6-win32-x86_64\bin\jli.dll
0x00007fffb5dc0000 - 0x00007fffb5dde000 	c:\Users\ASUS\.vscode\extensions\redhat.java-1.40.0-win32-x64\jre\21.0.6-win32-x86_64\bin\VCRUNTIME140.dll
0x00007fffccef0000 - 0x00007fffcd0a1000 	C:\WINDOWS\System32\USER32.dll
0x00007fffcac20000 - 0x00007fffcac46000 	C:\WINDOWS\System32\win32u.dll
0x00007fffccbc0000 - 0x00007fffccbe9000 	C:\WINDOWS\System32\GDI32.dll
0x00007fffcad90000 - 0x00007fffcaeab000 	C:\WINDOWS\System32\gdi32full.dll
0x00007fffcaee0000 - 0x00007fffcaf7a000 	C:\WINDOWS\System32\msvcp_win.dll
0x00007fffb0f90000 - 0x00007fffb1222000 	C:\WINDOWS\WinSxS\amd64_microsoft.windows.common-controls_6595b64144ccf1df_6.0.22621.4830_none_270fe7d773858e80\COMCTL32.dll
0x00007fffcc890000 - 0x00007fffcc937000 	C:\WINDOWS\System32\msvcrt.dll
0x00007fffccb30000 - 0x00007fffccb61000 	C:\WINDOWS\System32\IMM32.DLL
0x00007fffb6150000 - 0x00007fffb615c000 	c:\Users\ASUS\.vscode\extensions\redhat.java-1.40.0-win32-x64\jre\21.0.6-win32-x86_64\bin\vcruntime140_1.dll
0x00007fffb5d30000 - 0x00007fffb5dbd000 	c:\Users\ASUS\.vscode\extensions\redhat.java-1.40.0-win32-x64\jre\21.0.6-win32-x86_64\bin\msvcp140.dll
0x00007fff75180000 - 0x00007fff75f10000 	c:\Users\ASUS\.vscode\extensions\redhat.java-1.40.0-win32-x64\jre\21.0.6-win32-x86_64\bin\server\jvm.dll
0x00007fffcc7d0000 - 0x00007fffcc881000 	C:\WINDOWS\System32\ADVAPI32.dll
0x00007fffcba00000 - 0x00007fffcbaa7000 	C:\WINDOWS\System32\sechost.dll
0x00007fffcaeb0000 - 0x00007fffcaed8000 	C:\WINDOWS\System32\bcrypt.dll
0x00007fffcb8d0000 - 0x00007fffcb9e4000 	C:\WINDOWS\System32\RPCRT4.dll
0x00007fffcce70000 - 0x00007fffccee1000 	C:\WINDOWS\System32\WS2_32.dll
0x00007fffc9d40000 - 0x00007fffc9d8d000 	C:\WINDOWS\SYSTEM32\POWRPROF.dll
0x00007fffc3580000 - 0x00007fffc35b4000 	C:\WINDOWS\SYSTEM32\WINMM.dll
0x00007fffc3000000 - 0x00007fffc300a000 	C:\WINDOWS\SYSTEM32\VERSION.dll
0x00007fffc9ce0000 - 0x00007fffc9cf3000 	C:\WINDOWS\SYSTEM32\UMPDC.dll
0x00007fffc9440000 - 0x00007fffc9458000 	C:\WINDOWS\SYSTEM32\kernel.appcore.dll
0x00007fffb5d20000 - 0x00007fffb5d2a000 	c:\Users\ASUS\.vscode\extensions\redhat.java-1.40.0-win32-x64\jre\21.0.6-win32-x86_64\bin\jimage.dll
0x00007fffc7e30000 - 0x00007fffc8062000 	C:\WINDOWS\SYSTEM32\DBGHELP.DLL
0x00007fffcc360000 - 0x00007fffcc6f0000 	C:\WINDOWS\System32\combase.dll
0x00007fffcc6f0000 - 0x00007fffcc7c7000 	C:\WINDOWS\System32\OLEAUT32.dll
0x00007fffa2f50000 - 0x00007fffa2f82000 	C:\WINDOWS\SYSTEM32\dbgcore.DLL
0x00007fffcaa30000 - 0x00007fffcaaab000 	C:\WINDOWS\System32\bcryptPrimitives.dll
0x00007fffc2540000 - 0x00007fffc254f000 	c:\Users\ASUS\.vscode\extensions\redhat.java-1.40.0-win32-x64\jre\21.0.6-win32-x86_64\bin\instrument.dll
0x00007fffb5d00000 - 0x00007fffb5d1f000 	c:\Users\ASUS\.vscode\extensions\redhat.java-1.40.0-win32-x64\jre\21.0.6-win32-x86_64\bin\java.dll
0x00007fffcbad0000 - 0x00007fffcc358000 	C:\WINDOWS\System32\SHELL32.dll
0x00007fffcac50000 - 0x00007fffcad8f000 	C:\WINDOWS\System32\wintypes.dll
0x00007fffc81e0000 - 0x00007fffc8aed000 	C:\WINDOWS\SYSTEM32\windows.storage.dll
0x00007fffcaf80000 - 0x00007fffcb08a000 	C:\WINDOWS\System32\SHCORE.dll
0x00007fffcb860000 - 0x00007fffcb8be000 	C:\WINDOWS\System32\shlwapi.dll
0x00007fffca320000 - 0x00007fffca34b000 	C:\WINDOWS\SYSTEM32\profapi.dll
0x00007fffb5ce0000 - 0x00007fffb5cf8000 	c:\Users\ASUS\.vscode\extensions\redhat.java-1.40.0-win32-x64\jre\21.0.6-win32-x86_64\bin\zip.dll
0x00007fffb5cd0000 - 0x00007fffb5ce0000 	C:\Users\ASUS\.vscode\extensions\redhat.java-1.40.0-win32-x64\jre\21.0.6-win32-x86_64\bin\net.dll
0x00007fffc1040000 - 0x00007fffc116c000 	C:\WINDOWS\SYSTEM32\WINHTTP.dll
0x00007fffc98b0000 - 0x00007fffc991a000 	C:\WINDOWS\system32\mswsock.dll
0x00007fffb5cb0000 - 0x00007fffb5cc6000 	C:\Users\ASUS\.vscode\extensions\redhat.java-1.40.0-win32-x64\jre\21.0.6-win32-x86_64\bin\nio.dll
0x00007fffc24f0000 - 0x00007fffc2500000 	c:\Users\ASUS\.vscode\extensions\redhat.java-1.40.0-win32-x64\jre\21.0.6-win32-x86_64\bin\verify.dll
0x00007fffb58b0000 - 0x00007fffb58f5000 	C:\Users\ASUS\AppData\Roaming\Code\User\globalStorage\redhat.java\1.40.0\config_ss_win\org.eclipse.equinox.launcher\org.eclipse.equinox.launcher.win32.win32.x86_64_1.2.1200.v20250212-0927\eclipse_11909.dll
0x00007fffccbf0000 - 0x00007fffccd91000 	C:\WINDOWS\System32\ole32.dll
0x00007fffb5ca0000 - 0x00007fffb5caa000 	C:\Users\ASUS\.vscode\extensions\redhat.java-1.40.0-win32-x64\jre\21.0.6-win32-x86_64\bin\management.dll
0x00007fffb5c90000 - 0x00007fffb5c9b000 	C:\Users\ASUS\.vscode\extensions\redhat.java-1.40.0-win32-x64\jre\21.0.6-win32-x86_64\bin\management_ext.dll
0x00007fffcc940000 - 0x00007fffcc948000 	C:\WINDOWS\System32\PSAPI.DLL
0x00007fffc9b70000 - 0x00007fffc9b8b000 	C:\WINDOWS\SYSTEM32\CRYPTSP.dll
0x00007fffc93a0000 - 0x00007fffc93d7000 	C:\WINDOWS\system32\rsaenh.dll
0x00007fffc9a10000 - 0x00007fffc9a38000 	C:\WINDOWS\SYSTEM32\USERENV.dll
0x00007fffc9b90000 - 0x00007fffc9b9c000 	C:\WINDOWS\SYSTEM32\CRYPTBASE.dll
0x00007fffc8f00000 - 0x00007fffc8f2d000 	C:\WINDOWS\SYSTEM32\IPHLPAPI.DLL
0x00007fffcb9f0000 - 0x00007fffcb9f9000 	C:\WINDOWS\System32\NSI.dll
0x00007fffb2970000 - 0x00007fffb29b9000 	C:\Users\ASUS\AppData\Local\Temp\jna-2018896\jna11434355776087106487.dll
0x00007fffc18b0000 - 0x00007fffc18c9000 	C:\WINDOWS\SYSTEM32\dhcpcsvc6.DLL
0x00007fffc1560000 - 0x00007fffc157f000 	C:\WINDOWS\SYSTEM32\dhcpcsvc.DLL

dbghelp: loaded successfully - version: 4.0.5 - missing functions: none
symbol engine: initialized successfully - sym options: 0x614 - pdb path: .;c:\Users\ASUS\.vscode\extensions\redhat.java-1.40.0-win32-x64\jre\21.0.6-win32-x86_64\bin;C:\WINDOWS\SYSTEM32;C:\WINDOWS\WinSxS\amd64_microsoft.windows.common-controls_6595b64144ccf1df_6.0.22621.4830_none_270fe7d773858e80;c:\Users\ASUS\.vscode\extensions\redhat.java-1.40.0-win32-x64\jre\21.0.6-win32-x86_64\bin\server;C:\Users\ASUS\AppData\Roaming\Code\User\globalStorage\redhat.java\1.40.0\config_ss_win\org.eclipse.equinox.launcher\org.eclipse.equinox.launcher.win32.win32.x86_64_1.2.1200.v20250212-0927;C:\Users\ASUS\AppData\Local\Temp\jna-2018896

VM Arguments:
jvm_args: --add-modules=ALL-SYSTEM --add-opens=java.base/java.util=ALL-UNNAMED --add-opens=java.base/java.lang=ALL-UNNAMED --add-opens=java.base/sun.nio.fs=ALL-UNNAMED -Declipse.application=org.eclipse.jdt.ls.core.id1 -Dosgi.bundles.defaultStartLevel=4 -Declipse.product=org.eclipse.jdt.ls.core.product -Djava.import.generatesMetadataFilesAtProjectRoot=false -DDetectVMInstallationsJob.disabled=true -Dfile.encoding=utf8 -XX:+UseParallelGC -XX:GCTimeRatio=4 -XX:AdaptiveSizePolicyWeight=90 -Dsun.zip.disableMemoryMapping=true -Xmx1G -Xms100m -Xlog:disable -javaagent:c:\Users\ASUS\.vscode\extensions\redhat.java-1.40.0-win32-x64\lombok\lombok-1.18.36.jar 
java_command: c:\Users\ASUS\.vscode\extensions\redhat.java-1.40.0-win32-x64\server\plugins\org.eclipse.equinox.launcher_1.6.1000.v20250131-0606.jar -configuration c:\Users\ASUS\AppData\Roaming\Code\User\globalStorage\redhat.java\1.40.0\config_ss_win -data c:\Users\ASUS\AppData\Roaming\Code\User\workspaceStorage\a7d0709649e970c0a2924581fa248fb4\redhat.java\ss_ws --pipe=\\.\pipe\lsp-5fc923d4250a1ba3efa9b5a2925f2728-sock
java_class_path (initial): c:\Users\ASUS\.vscode\extensions\redhat.java-1.40.0-win32-x64\server\plugins\org.eclipse.equinox.launcher_1.6.1000.v20250131-0606.jar
Launcher Type: SUN_STANDARD

[Global flags]
    uintx AdaptiveSizePolicyWeight                 = 90                                        {product} {command line}
     intx CICompilerCount                          = 4                                         {product} {ergonomic}
    uintx GCTimeRatio                              = 4                                         {product} {command line}
   size_t InitialHeapSize                          = 104857600                                 {product} {command line}
   size_t MaxHeapSize                              = 1073741824                                {product} {command line}
   size_t MaxNewSize                               = 357564416                                 {product} {ergonomic}
   size_t MinHeapDeltaBytes                        = 524288                                    {product} {ergonomic}
   size_t MinHeapSize                              = 104857600                                 {product} {command line}
   size_t NewSize                                  = 34603008                                  {product} {ergonomic}
    uintx NonNMethodCodeHeapSize                   = 5839372                                {pd product} {ergonomic}
    uintx NonProfiledCodeHeapSize                  = 122909434                              {pd product} {ergonomic}
   size_t OldSize                                  = 70254592                                  {product} {ergonomic}
    uintx ProfiledCodeHeapSize                     = 122909434                              {pd product} {ergonomic}
    uintx ReservedCodeCacheSize                    = 251658240                              {pd product} {ergonomic}
     bool SegmentedCodeCache                       = true                                      {product} {ergonomic}
   size_t SoftMaxHeapSize                          = 1073741824                             {manageable} {ergonomic}
     bool UseCompressedOops                        = true                           {product lp64_product} {ergonomic}
     bool UseLargePagesIndividualAllocation        = false                                  {pd product} {ergonomic}
     bool UseParallelGC                            = true                                      {product} {command line}

Logging:
Log output configuration:
 #0: stdout all=off uptime,level,tags foldmultilines=false
 #1: stderr all=off uptime,level,tags foldmultilines=false

Environment Variables:
JAVA_HOME=C:\Program Files\Java\jdk-22.0.2
PATH=C:\Program Files\Common Files\Oracle\Java\javapath;C:\ProgramData\Oracle\Java\javapath;C:\Program Files (x86)\Common Files\Intel\Shared Files\cpp\bin\Intel64;C:\Windows\system32;C:\Windows;C:\Windows\System32\Wbem;C:\Windows\System32\WindowsPowerShell\v1.0\;C:\Windows\System32\OpenSSH\;C:\Program Files (x86)\NVIDIA Corporation\PhysX\Common;C:\Program Files\NVIDIA Corporation\NVIDIA NvDLISR;C:\Program Files\Intel\WiFi\bin\;C:\Program Files\Common Files\Intel\WirelessCommon\;C:\Program Files (x86)\Windows Live\Shared;C:\Program Files\Java\jdk1.8.0_111\bin;C:\WINDOWS\system32;C:\WINDOWS;C:\WINDOWS\System32\Wbem;C:\WINDOWS\System32\WindowsPowerShell\v1.0\;C:\WINDOWS\System32\OpenSSH\;D:\Git\cmd;C:\xampp\php;C:\Program Files\Java\jdk-22.0.2;C:\dev\flutter\bin;C:\Program Files (x86)\Windows Kits\10\Windows Performance Toolkit\;C:\Program Files\nodejs\;C:\Program Files\Git\cmd;C:\Program Files\Git\bin;C:\dev\flutter\bin\cache\dart-sdk\bin;C:\Users\ASUS\.config\herd\bin;C:\Users\ASUS\AppData\Local\Programs\Python\Launcher\;C:\Users\ASUS\AppData\Local\Microsoft\WindowsApps;C:\Users\ASUS\AppData\Local\Programs\Microsoft VS Code\bin;C:\Users\ASUS\composer;C:\Users\ASUS\AppData\Roaming\Composer\vendor\bin;C:\Program Files\Java\jdk-22.0.2;C:\dev\flutter\bin;C:\Program Files\flutter\bin\cache\dart-sdk\bin;C:\Users\ASUS\AppData\Roaming\npm;C:\Program Files\Git\bin;C:\Program Files\Git\cmd
USERNAME=ASUS
OS=Windows_NT
PROCESSOR_IDENTIFIER=Intel64 Family 6 Model 142 Stepping 12, GenuineIntel
TMP=C:\Users\ASUS\AppData\Local\Temp
TEMP=C:\Users\ASUS\AppData\Local\Temp




Periodic native trim disabled

---------------  S Y S T E M  ---------------

OS:
 Windows 11 , 64 bit Build 22621 (10.0.22621.4974)
OS uptime: 0 days 0:45 hours

CPU: total 8 (initial active 8) (4 cores per cpu, 2 threads per core) family 6 model 142 stepping 12 microcode 0xde, cx8, cmov, fxsr, ht, mmx, 3dnowpref, sse, sse2, sse3, ssse3, sse4.1, sse4.2, popcnt, lzcnt, tsc, tscinvbit, avx, avx2, aes, erms, clmul, bmi1, bmi2, adx, fma, vzeroupper, clflush, clflushopt, rdtscp, f16c
Processor Information for the first 8 processors :
  Max Mhz: 1800, Current Mhz: 1600, Mhz Limit: 1584

Memory: 4k page, system-wide physical 8043M (1449M free)
TotalPageFile size 8043M (AvailPageFile size 103M)
current process WorkingSet (physical memory assigned to process): 158M, peak: 158M
current process commit charge ("private bytes"): 257M, peak: 257M

vm_info: OpenJDK 64-Bit Server VM (21.0.6+7-LTS) for windows-amd64 JRE (21.0.6+7-LTS), built on 2025-01-21T00:00:00Z by "admin" with MS VC++ 17.7 (VS2022)

END.
