#
# There is insufficient memory for the Java Runtime Environment to continue.
# Native memory allocation (malloc) failed to allocate 65552 bytes. Error detail: Chunk::new
# Possible reasons:
#   The system is out of physical RAM or swap space
#   This process is running with CompressedOops enabled, and the Java Heap may be blocking the growth of the native heap
# Possible solutions:
#   Reduce memory load on the system
#   Increase physical memory or swap space
#   Check if swap backing store is full
#   Decrease Java heap size (-Xmx/-Xms)
#   Decrease number of Java threads
#   Decrease Java thread stack sizes (-Xss)
#   Set larger code cache with -XX:ReservedCodeCacheSize=
#   JVM is running with Unscaled Compressed Oops mode in which the Java heap is
#     placed in the first 4GB address space. The Java Heap base address is the
#     maximum limit for the native heap growth. Please use -XX:HeapBaseMinAddress
#     to set the Java Heap base and to place the Java Heap above 4GB virtual address.
# This output file may be truncated or incomplete.
#
#  Out of Memory Error (arena.cpp:168), pid=12632, tid=4712
#
# JRE version: OpenJDK Runtime Environment Temurin-21.0.6+7 (21.0.6+7) (build 21.0.6+7-LTS)
# Java VM: OpenJDK 64-Bit Server VM Temurin-21.0.6+7 (21.0.6+7-LTS, mixed mode, sharing, tiered, compressed oops, compressed class ptrs, parallel gc, windows-amd64)
# No core dump will be written. Minidumps are not enabled by default on client versions of Windows
#

---------------  S U M M A R Y ------------

Command Line: --add-modules=ALL-SYSTEM --add-opens=java.base/java.util=ALL-UNNAMED --add-opens=java.base/java.lang=ALL-UNNAMED --add-opens=java.base/sun.nio.fs=ALL-UNNAMED -Declipse.application=org.eclipse.jdt.ls.core.id1 -Dosgi.bundles.defaultStartLevel=4 -Declipse.product=org.eclipse.jdt.ls.core.product -Djava.import.generatesMetadataFilesAtProjectRoot=false -DDetectVMInstallationsJob.disabled=true -Dfile.encoding=utf8 -XX:+UseParallelGC -XX:GCTimeRatio=4 -XX:AdaptiveSizePolicyWeight=90 -Dsun.zip.disableMemoryMapping=true -Xmx1G -Xms100m -Xlog:disable -javaagent:c:\Users\ASUS\.vscode\extensions\redhat.java-1.40.0-win32-x64\lombok\lombok-1.18.36.jar c:\Users\ASUS\.vscode\extensions\redhat.java-1.40.0-win32-x64\server\plugins\org.eclipse.equinox.launcher_1.6.1000.v20250131-0606.jar -configuration c:\Users\ASUS\AppData\Roaming\Code\User\globalStorage\redhat.java\1.40.0\config_ss_win -data c:\Users\ASUS\AppData\Roaming\Code\User\workspaceStorage\a7d0709649e970c0a2924581fa248fb4\redhat.java\ss_ws --pipe=\\.\pipe\lsp-1c5561e2504f70c0bb0e08f1936a070e-sock

Host: Intel(R) Core(TM) i5-8265U CPU @ 1.60GHz, 8 cores, 7G,  Windows 11 , 64 bit Build 22621 (10.0.22621.4974)
Time: Wed Mar 19 13:27:23 2025 SE Asia Standard Time elapsed time: 4.008126 seconds (0d 0h 0m 4s)

---------------  T H R E A D  ---------------

Current thread (0x0000023ef0b7f010):  JavaThread "C2 CompilerThread0" daemon [_thread_in_native, id=4712, stack(0x000000ceabc00000,0x000000ceabd00000) (1024K)]


Current CompileTask:
C2:4008 2272       4       lombok.patcher.PatchScript::classMatches (41 bytes)

Stack: [0x000000ceabc00000,0x000000ceabd00000]
Native frames: (J=compiled Java code, j=interpreted, Vv=VM code, C=native code)
V  [jvm.dll+0x6cdee9]
V  [jvm.dll+0x8a83d1]
V  [jvm.dll+0x8aa8fe]
V  [jvm.dll+0x8aafe3]
V  [jvm.dll+0x27f706]
V  [jvm.dll+0xc500d]
V  [jvm.dll+0xc5543]
V  [jvm.dll+0xc5135]
V  [jvm.dll+0x6a954c]
V  [jvm.dll+0x65bb24]
V  [jvm.dll+0x247875]
V  [jvm.dll+0x246fcf]
V  [jvm.dll+0x1c75ee]
V  [jvm.dll+0x25685a]
V  [jvm.dll+0x254dfa]
V  [jvm.dll+0x3f0256]
V  [jvm.dll+0x851f8b]
V  [jvm.dll+0x6cc5ed]
C  [ucrtbase.dll+0x29333]
C  [KERNEL32.DLL+0x1259d]
C  [ntdll.dll+0x5af38]


---------------  P R O C E S S  ---------------

Threads class SMR info:
_java_thread_list=0x0000023ef7a32fe0, length=17, elements={
0x0000023edc7c1a50, 0x0000023ef0b78400, 0x0000023edc87cbe0, 0x0000023edc87e940,
0x0000023ef0b79860, 0x0000023ef0b7a770, 0x0000023ef0b7e1e0, 0x0000023ef0b7f010,
0x0000023ef0bae910, 0x0000023ef2606f50, 0x0000023ef2838c60, 0x0000023ef7158cd0,
0x0000023ef7676690, 0x0000023ef7775180, 0x0000023ef70b6af0, 0x0000023ef77072a0,
0x0000023ef7a14210
}

Java Threads: ( => current thread )
  0x0000023edc7c1a50 JavaThread "main"                              [_thread_blocked, id=6336, stack(0x000000ceab200000,0x000000ceab300000) (1024K)]
  0x0000023ef0b78400 JavaThread "Reference Handler"          daemon [_thread_blocked, id=1812, stack(0x000000ceab600000,0x000000ceab700000) (1024K)]
  0x0000023edc87cbe0 JavaThread "Finalizer"                  daemon [_thread_blocked, id=5268, stack(0x000000ceab700000,0x000000ceab800000) (1024K)]
  0x0000023edc87e940 JavaThread "Signal Dispatcher"          daemon [_thread_blocked, id=10344, stack(0x000000ceab800000,0x000000ceab900000) (1024K)]
  0x0000023ef0b79860 JavaThread "Attach Listener"            daemon [_thread_blocked, id=14052, stack(0x000000ceab900000,0x000000ceaba00000) (1024K)]
  0x0000023ef0b7a770 JavaThread "Service Thread"             daemon [_thread_blocked, id=13352, stack(0x000000ceaba00000,0x000000ceabb00000) (1024K)]
  0x0000023ef0b7e1e0 JavaThread "Monitor Deflation Thread"   daemon [_thread_blocked, id=2060, stack(0x000000ceabb00000,0x000000ceabc00000) (1024K)]
=>0x0000023ef0b7f010 JavaThread "C2 CompilerThread0"         daemon [_thread_in_native, id=4712, stack(0x000000ceabc00000,0x000000ceabd00000) (1024K)]
  0x0000023ef0bae910 JavaThread "C1 CompilerThread0"         daemon [_thread_blocked, id=12868, stack(0x000000ceabd00000,0x000000ceabe00000) (1024K)]
  0x0000023ef2606f50 JavaThread "Common-Cleaner"             daemon [_thread_blocked, id=8608, stack(0x000000ceabe00000,0x000000ceabf00000) (1024K)]
  0x0000023ef2838c60 JavaThread "Notification Thread"        daemon [_thread_blocked, id=13996, stack(0x000000ceabf00000,0x000000ceac000000) (1024K)]
  0x0000023ef7158cd0 JavaThread "Active Thread: Equinox Container: ab2b8bb4-afbf-4df8-9808-a42b57a68954"        [_thread_blocked, id=6064, stack(0x000000ceac800000,0x000000ceac900000) (1024K)]
  0x0000023ef7676690 JavaThread "Framework Event Dispatcher: Equinox Container: ab2b8bb4-afbf-4df8-9808-a42b57a68954" daemon [_thread_blocked, id=10116, stack(0x000000ceac900000,0x000000ceaca00000) (1024K)]
  0x0000023ef7775180 JavaThread "Start Level: Equinox Container: ab2b8bb4-afbf-4df8-9808-a42b57a68954" daemon [_thread_in_vm, id=3888, stack(0x000000ceaca00000,0x000000ceacb00000) (1024K)]
  0x0000023ef70b6af0 JavaThread "SCR Component Actor"        daemon [_thread_blocked, id=11932, stack(0x000000ceacb00000,0x000000ceacc00000) (1024K)]
  0x0000023ef77072a0 JavaThread "SCR Component Registry"     daemon [_thread_blocked, id=6676, stack(0x000000ceac100000,0x000000ceac200000) (1024K)]
  0x0000023ef7a14210 JavaThread "Worker-JM"                         [_thread_blocked, id=9960, stack(0x000000ceace00000,0x000000ceacf00000) (1024K)]
Total: 17

Other Threads:
  0x0000023edc862d60 VMThread "VM Thread"                           [id=5824, stack(0x000000ceab500000,0x000000ceab600000) (1024K)]
  0x0000023edc82a030 WatcherThread "VM Periodic Task Thread"        [id=1608, stack(0x000000ceab400000,0x000000ceab500000) (1024K)]
  0x0000023edc7df280 WorkerThread "GC Thread#0"                     [id=8348, stack(0x000000ceab300000,0x000000ceab400000) (1024K)]
  0x0000023ef7529080 WorkerThread "GC Thread#1"                     [id=13056, stack(0x000000ceac200000,0x000000ceac300000) (1024K)]
  0x0000023ef71aaf90 WorkerThread "GC Thread#2"                     [id=1596, stack(0x000000ceac300000,0x000000ceac400000) (1024K)]
  0x0000023ef71ab330 WorkerThread "GC Thread#3"                     [id=11636, stack(0x000000ceac400000,0x000000ceac500000) (1024K)]
  0x0000023ef77cd140 WorkerThread "GC Thread#4"                     [id=7424, stack(0x000000ceac500000,0x000000ceac600000) (1024K)]
  0x0000023ef77cd4e0 WorkerThread "GC Thread#5"                     [id=13216, stack(0x000000ceac600000,0x000000ceac700000) (1024K)]
  0x0000023ef77cd880 WorkerThread "GC Thread#6"                     [id=5356, stack(0x000000ceac700000,0x000000ceac800000) (1024K)]
  0x0000023ef728c620 WorkerThread "GC Thread#7"                     [id=14008, stack(0x000000ceac000000,0x000000ceac100000) (1024K)]
Total: 10

Threads with active compile tasks:
C2 CompilerThread0  4052 2272       4       lombok.patcher.PatchScript::classMatches (41 bytes)
Total: 1

VM state: not at safepoint (normal execution)

VM Mutex/Monitor currently owned by a thread: None

Heap address: 0x00000000c0000000, size: 1024 MB, Compressed Oops mode: 32-bit

CDS archive(s) mapped at: [0x0000023e80000000-0x0000023e80ba0000-0x0000023e80ba0000), size 12189696, SharedBaseAddress: 0x0000023e80000000, ArchiveRelocationMode: 1.
Compressed class space mapped at: 0x0000023e81000000-0x0000023ec1000000, reserved size: 1073741824
Narrow klass base: 0x0000023e80000000, Narrow klass shift: 0, Narrow klass range: 0x100000000

GC Precious Log:
 CardTable entry size: 512
 CPUs: 8 total, 8 available
 Memory: 8043M
 Large Page Support: Disabled
 NUMA Support: Disabled
 Compressed Oops: Enabled (32-bit)
 Alignments: Space 512K, Generation 512K, Heap 2M
 Heap Min Capacity: 100M
 Heap Initial Capacity: 100M
 Heap Max Capacity: 1G
 Pre-touch: Disabled
 Parallel Workers: 8

Heap:
 PSYoungGen      total 29696K, used 8603K [0x00000000eab00000, 0x00000000ecc00000, 0x0000000100000000)
  eden space 25600K, 17% used [0x00000000eab00000,0x00000000eaf67c60,0x00000000ec400000)
  from space 4096K, 99% used [0x00000000ec400000,0x00000000ec7ff240,0x00000000ec800000)
  to   space 4096K, 0% used [0x00000000ec800000,0x00000000ec800000,0x00000000ecc00000)
 ParOldGen       total 68608K, used 2723K [0x00000000c0000000, 0x00000000c4300000, 0x00000000eab00000)
  object space 68608K, 3% used [0x00000000c0000000,0x00000000c02a8f08,0x00000000c4300000)
 Metaspace       used 13731K, committed 14272K, reserved 1114112K
  class space    used 1383K, committed 1600K, reserved 1048576K

Card table byte_map: [0x0000023edc160000,0x0000023edc370000] _byte_map_base: 0x0000023edbb60000

Marking Bits: (ParMarkBitMap*) 0x00007fff75e33260
 Begin Bits: [0x0000023eee9b0000, 0x0000023eef9b0000)
 End Bits:   [0x0000023eef9b0000, 0x0000023ef09b0000)

Polling page: 0x0000023eda5f0000

Metaspace:

Usage:
  Non-class:     12.06 MB used.
      Class:      1.35 MB used.
       Both:     13.41 MB used.

Virtual space:
  Non-class space:       64.00 MB reserved,      12.38 MB ( 19%) committed,  1 nodes.
      Class space:        1.00 GB reserved,       1.56 MB ( <1%) committed,  1 nodes.
             Both:        1.06 GB reserved,      13.94 MB (  1%) committed. 

Chunk freelists:
   Non-Class:  3.48 MB
       Class:  14.38 MB
        Both:  17.86 MB

MaxMetaspaceSize: unlimited
CompressedClassSpaceSize: 1.00 GB
Initial GC threshold: 21.00 MB
Current GC threshold: 21.00 MB
CDS: on
 - commit_granule_bytes: 65536.
 - commit_granule_words: 8192.
 - virtual_space_node_default_size: 8388608.
 - enlarge_chunks_in_place: 1.
 - use_allocation_guard: 0.


Internal statistics:

num_allocs_failed_limit: 0.
num_arena_births: 392.
num_arena_deaths: 0.
num_vsnodes_births: 2.
num_vsnodes_deaths: 0.
num_space_committed: 223.
num_space_uncommitted: 0.
num_chunks_returned_to_freelist: 0.
num_chunks_taken_from_freelist: 859.
num_chunk_merges: 0.
num_chunk_splits: 556.
num_chunks_enlarged: 351.
num_inconsistent_stats: 0.

CodeHeap 'non-profiled nmethods': size=120000Kb used=994Kb max_used=994Kb free=119005Kb
 bounds [0x0000023ee7480000, 0x0000023ee76f0000, 0x0000023eee9b0000]
CodeHeap 'profiled nmethods': size=120000Kb used=4450Kb max_used=4450Kb free=115549Kb
 bounds [0x0000023edf9b0000, 0x0000023edfe10000, 0x0000023ee6ee0000]
CodeHeap 'non-nmethods': size=5760Kb used=1251Kb max_used=1278Kb free=4508Kb
 bounds [0x0000023ee6ee0000, 0x0000023ee7150000, 0x0000023ee7480000]
 total_blobs=2823 nmethods=2303 adapters=426
 compilation: enabled
              stopped_count=0, restarted_count=0
 full_count=0

Compilation events (20 events):
Event: 3.993 Thread 0x0000023ef0bae910 2288       1       org.eclipse.core.internal.registry.RegistryObject::getRawChildren (5 bytes)
Event: 3.993 Thread 0x0000023ef0bae910 nmethod 2288 0x0000023ee7577510 code [0x0000023ee75776a0, 0x0000023ee7577768]
Event: 3.993 Thread 0x0000023ef0bae910 2290       1       org.eclipse.core.internal.registry.ExtensionRegistry::isMultiLanguage (5 bytes)
Event: 3.993 Thread 0x0000023ef0bae910 nmethod 2290 0x0000023ee7577810 code [0x0000023ee75779a0, 0x0000023ee7577a70]
Event: 3.993 Thread 0x0000023ef0bae910 2291       1       org.eclipse.core.internal.registry.ConfigurationElement::getContributorId (5 bytes)
Event: 3.994 Thread 0x0000023ef0bae910 nmethod 2291 0x0000023ee7577b10 code [0x0000023ee7577ca0, 0x0000023ee7577d68]
Event: 3.994 Thread 0x0000023ef0bae910 2292       3       java.util.ArrayList::<init> (65 bytes)
Event: 3.994 Thread 0x0000023ef0bae910 nmethod 2292 0x0000023edfe00a90 code [0x0000023edfe00ca0, 0x0000023edfe01208]
Event: 3.994 Thread 0x0000023ef0bae910 2293       3       java.lang.invoke.Invokers$Holder::linkToTargetMethod (10 bytes)
Event: 3.995 Thread 0x0000023ef0bae910 nmethod 2293 0x0000023edfe01390 code [0x0000023edfe01560, 0x0000023edfe019a0]
Event: 3.996 Thread 0x0000023ef0bae910 2294       3       org.eclipse.core.internal.registry.ReferenceMap::get (54 bytes)
Event: 3.997 Thread 0x0000023ef0bae910 nmethod 2294 0x0000023edfe01a90 code [0x0000023edfe01ca0, 0x0000023edfe02170]
Event: 3.997 Thread 0x0000023ef0bae910 2295  s    3       org.eclipse.core.internal.registry.RegistryObjectManager::getObject (7 bytes)
Event: 3.997 Thread 0x0000023ef0bae910 nmethod 2295 0x0000023edfe02410 code [0x0000023edfe025c0, 0x0000023edfe027c0]
Event: 3.997 Thread 0x0000023ef0bae910 2296       3       org.eclipse.core.internal.registry.RegistryObjectManager::basicGetObject (52 bytes)
Event: 3.997 Thread 0x0000023ef0bae910 nmethod 2296 0x0000023edfe02890 code [0x0000023edfe02a80, 0x0000023edfe02e40]
Event: 3.997 Thread 0x0000023ef0bae910 2298       3       java.util.HashMap::removeNode (291 bytes)
Event: 3.999 Thread 0x0000023ef0bae910 nmethod 2298 0x0000023edfe03010 code [0x0000023edfe032a0, 0x0000023edfe04448]
Event: 3.999 Thread 0x0000023ef0bae910 2297       1       org.eclipse.core.internal.registry.ConfigurationElement::getName (5 bytes)
Event: 3.999 Thread 0x0000023ef0bae910 nmethod 2297 0x0000023ee7577e10 code [0x0000023ee7577fa0, 0x0000023ee7578068]

GC Heap History (6 events):
Event: 1.692 GC heap before
{Heap before GC invocations=1 (full 0):
 PSYoungGen      total 29696K, used 25600K [0x00000000eab00000, 0x00000000ecc00000, 0x0000000100000000)
  eden space 25600K, 100% used [0x00000000eab00000,0x00000000ec400000,0x00000000ec400000)
  from space 4096K, 0% used [0x00000000ec800000,0x00000000ec800000,0x00000000ecc00000)
  to   space 4096K, 0% used [0x00000000ec400000,0x00000000ec400000,0x00000000ec800000)
 ParOldGen       total 68608K, used 0K [0x00000000c0000000, 0x00000000c4300000, 0x00000000eab00000)
  object space 68608K, 0% used [0x00000000c0000000,0x00000000c0000000,0x00000000c4300000)
 Metaspace       used 4341K, committed 4544K, reserved 1114112K
  class space    used 436K, committed 512K, reserved 1048576K
}
Event: 1.703 GC heap after
{Heap after GC invocations=1 (full 0):
 PSYoungGen      total 29696K, used 3205K [0x00000000eab00000, 0x00000000ecc00000, 0x0000000100000000)
  eden space 25600K, 0% used [0x00000000eab00000,0x00000000eab00000,0x00000000ec400000)
  from space 4096K, 78% used [0x00000000ec400000,0x00000000ec7217f0,0x00000000ec800000)
  to   space 4096K, 0% used [0x00000000ec800000,0x00000000ec800000,0x00000000ecc00000)
 ParOldGen       total 68608K, used 8K [0x00000000c0000000, 0x00000000c4300000, 0x00000000eab00000)
  object space 68608K, 0% used [0x00000000c0000000,0x00000000c0002000,0x00000000c4300000)
 Metaspace       used 4341K, committed 4544K, reserved 1114112K
  class space    used 436K, committed 512K, reserved 1048576K
}
Event: 2.923 GC heap before
{Heap before GC invocations=2 (full 0):
 PSYoungGen      total 29696K, used 28805K [0x00000000eab00000, 0x00000000ecc00000, 0x0000000100000000)
  eden space 25600K, 100% used [0x00000000eab00000,0x00000000ec400000,0x00000000ec400000)
  from space 4096K, 78% used [0x00000000ec400000,0x00000000ec7217f0,0x00000000ec800000)
  to   space 4096K, 0% used [0x00000000ec800000,0x00000000ec800000,0x00000000ecc00000)
 ParOldGen       total 68608K, used 8K [0x00000000c0000000, 0x00000000c4300000, 0x00000000eab00000)
  object space 68608K, 0% used [0x00000000c0000000,0x00000000c0002000,0x00000000c4300000)
 Metaspace       used 8220K, committed 8512K, reserved 1114112K
  class space    used 813K, committed 960K, reserved 1048576K
}
Event: 2.932 GC heap after
{Heap after GC invocations=2 (full 0):
 PSYoungGen      total 29696K, used 4084K [0x00000000eab00000, 0x00000000ecc00000, 0x0000000100000000)
  eden space 25600K, 0% used [0x00000000eab00000,0x00000000eab00000,0x00000000ec400000)
  from space 4096K, 99% used [0x00000000ec800000,0x00000000ecbfd168,0x00000000ecc00000)
  to   space 4096K, 0% used [0x00000000ec400000,0x00000000ec400000,0x00000000ec800000)
 ParOldGen       total 68608K, used 857K [0x00000000c0000000, 0x00000000c4300000, 0x00000000eab00000)
  object space 68608K, 1% used [0x00000000c0000000,0x00000000c00d6698,0x00000000c4300000)
 Metaspace       used 8220K, committed 8512K, reserved 1114112K
  class space    used 813K, committed 960K, reserved 1048576K
}
Event: 3.917 GC heap before
{Heap before GC invocations=3 (full 0):
 PSYoungGen      total 29696K, used 29684K [0x00000000eab00000, 0x00000000ecc00000, 0x0000000100000000)
  eden space 25600K, 100% used [0x00000000eab00000,0x00000000ec400000,0x00000000ec400000)
  from space 4096K, 99% used [0x00000000ec800000,0x00000000ecbfd168,0x00000000ecc00000)
  to   space 4096K, 0% used [0x00000000ec400000,0x00000000ec400000,0x00000000ec800000)
 ParOldGen       total 68608K, used 857K [0x00000000c0000000, 0x00000000c4300000, 0x00000000eab00000)
  object space 68608K, 1% used [0x00000000c0000000,0x00000000c00d6698,0x00000000c4300000)
 Metaspace       used 12967K, committed 13504K, reserved 1114112K
  class space    used 1303K, committed 1536K, reserved 1048576K
}
Event: 3.924 GC heap after
{Heap after GC invocations=3 (full 0):
 PSYoungGen      total 29696K, used 4092K [0x00000000eab00000, 0x00000000ecc00000, 0x0000000100000000)
  eden space 25600K, 0% used [0x00000000eab00000,0x00000000eab00000,0x00000000ec400000)
  from space 4096K, 99% used [0x00000000ec400000,0x00000000ec7ff240,0x00000000ec800000)
  to   space 4096K, 0% used [0x00000000ec800000,0x00000000ec800000,0x00000000ecc00000)
 ParOldGen       total 68608K, used 2723K [0x00000000c0000000, 0x00000000c4300000, 0x00000000eab00000)
  object space 68608K, 3% used [0x00000000c0000000,0x00000000c02a8f08,0x00000000c4300000)
 Metaspace       used 12967K, committed 13504K, reserved 1114112K
  class space    used 1303K, committed 1536K, reserved 1048576K
}

Dll operation events (9 events):
Event: 0.025 Loaded shared library c:\Users\ASUS\.vscode\extensions\redhat.java-1.40.0-win32-x64\jre\21.0.6-win32-x86_64\bin\java.dll
Event: 0.179 Loaded shared library c:\Users\ASUS\.vscode\extensions\redhat.java-1.40.0-win32-x64\jre\21.0.6-win32-x86_64\bin\zip.dll
Event: 0.223 Loaded shared library C:\Users\ASUS\.vscode\extensions\redhat.java-1.40.0-win32-x64\jre\21.0.6-win32-x86_64\bin\instrument.dll
Event: 0.234 Loaded shared library C:\Users\ASUS\.vscode\extensions\redhat.java-1.40.0-win32-x64\jre\21.0.6-win32-x86_64\bin\net.dll
Event: 0.239 Loaded shared library C:\Users\ASUS\.vscode\extensions\redhat.java-1.40.0-win32-x64\jre\21.0.6-win32-x86_64\bin\nio.dll
Event: 0.246 Loaded shared library C:\Users\ASUS\.vscode\extensions\redhat.java-1.40.0-win32-x64\jre\21.0.6-win32-x86_64\bin\zip.dll
Event: 0.282 Loaded shared library C:\Users\ASUS\.vscode\extensions\redhat.java-1.40.0-win32-x64\jre\21.0.6-win32-x86_64\bin\jimage.dll
Event: 0.475 Loaded shared library c:\Users\ASUS\.vscode\extensions\redhat.java-1.40.0-win32-x64\jre\21.0.6-win32-x86_64\bin\verify.dll
Event: 2.776 Loaded shared library C:\Users\ASUS\AppData\Roaming\Code\User\globalStorage\redhat.java\1.40.0\config_ss_win\org.eclipse.equinox.launcher\org.eclipse.equinox.launcher.win32.win32.x86_64_1.2.1200.v20250212-0927\eclipse_11909.dll

Deoptimization events (20 events):
Event: 3.503 Thread 0x0000023ef7775180 Uncommon trap: trap_request=0xffffffc6 fr.pc=0x0000023ee755a5f4 relative=0x0000000000000594
Event: 3.503 Thread 0x0000023ef7775180 Uncommon trap: reason=bimorphic_or_optimized_type_check action=maybe_recompile pc=0x0000023ee755a5f4 method=java.io.DataInputStream.readUnsignedByte()I @ 4 c2
Event: 3.503 Thread 0x0000023ef7775180 DEOPT PACKING pc=0x0000023ee755a5f4 sp=0x000000ceacaf89a0
Event: 3.503 Thread 0x0000023ef7775180 DEOPT UNPACKING pc=0x0000023ee6f33aa2 sp=0x000000ceacaf88e8 mode 2
Event: 3.503 Thread 0x0000023ef7775180 Uncommon trap: trap_request=0xffffffc6 fr.pc=0x0000023ee755a5f4 relative=0x0000000000000594
Event: 3.503 Thread 0x0000023ef7775180 Uncommon trap: reason=bimorphic_or_optimized_type_check action=maybe_recompile pc=0x0000023ee755a5f4 method=java.io.DataInputStream.readUnsignedByte()I @ 4 c2
Event: 3.503 Thread 0x0000023ef7775180 DEOPT PACKING pc=0x0000023ee755a5f4 sp=0x000000ceacaf89a0
Event: 3.503 Thread 0x0000023ef7775180 DEOPT UNPACKING pc=0x0000023ee6f33aa2 sp=0x000000ceacaf88e8 mode 2
Event: 3.503 Thread 0x0000023ef7775180 Uncommon trap: trap_request=0xffffffc6 fr.pc=0x0000023ee755a5f4 relative=0x0000000000000594
Event: 3.503 Thread 0x0000023ef7775180 Uncommon trap: reason=bimorphic_or_optimized_type_check action=maybe_recompile pc=0x0000023ee755a5f4 method=java.io.DataInputStream.readUnsignedByte()I @ 4 c2
Event: 3.503 Thread 0x0000023ef7775180 DEOPT PACKING pc=0x0000023ee755a5f4 sp=0x000000ceacaf89a0
Event: 3.503 Thread 0x0000023ef7775180 DEOPT UNPACKING pc=0x0000023ee6f33aa2 sp=0x000000ceacaf88e8 mode 2
Event: 3.761 Thread 0x0000023ef7775180 Uncommon trap: trap_request=0xffffff45 fr.pc=0x0000023ee74d1b2c relative=0x0000000000000fec
Event: 3.761 Thread 0x0000023ef7775180 Uncommon trap: reason=unstable_if action=reinterpret pc=0x0000023ee74d1b2c method=lombok.patcher.PatchScript.classMatches(Ljava/lang/String;Ljava/util/Collection;)Z @ 25 c2
Event: 3.761 Thread 0x0000023ef7775180 DEOPT PACKING pc=0x0000023ee74d1b2c sp=0x000000ceacaf6ee0
Event: 3.761 Thread 0x0000023ef7775180 DEOPT UNPACKING pc=0x0000023ee6f33aa2 sp=0x000000ceacaf6ea0 mode 2
Event: 3.931 Thread 0x0000023ef7775180 Uncommon trap: trap_request=0xffffff45 fr.pc=0x0000023ee756c4a0 relative=0x0000000000001200
Event: 3.931 Thread 0x0000023ef7775180 Uncommon trap: reason=unstable_if action=reinterpret pc=0x0000023ee756c4a0 method=java.util.Properties.loadConvert([CIILjava/lang/StringBuilder;)Ljava/lang/String; @ 491 c2
Event: 3.931 Thread 0x0000023ef7775180 DEOPT PACKING pc=0x0000023ee756c4a0 sp=0x000000ceacaf7b30
Event: 3.931 Thread 0x0000023ef7775180 DEOPT UNPACKING pc=0x0000023ee6f33aa2 sp=0x000000ceacaf7b20 mode 2

Classes loaded (20 events):
Event: 3.786 Loading class java/io/ObjectOutputStream
Event: 3.787 Loading class java/io/ObjectOutput
Event: 3.787 Loading class java/io/ObjectOutput done
Event: 3.787 Loading class java/io/ObjectOutputStream done
Event: 3.787 Loading class java/lang/constant/ClassDesc
Event: 3.787 Loading class java/lang/constant/ClassDesc done
Event: 3.928 Loading class java/lang/IllegalCallerException
Event: 3.928 Loading class java/lang/IllegalCallerException done
Event: 3.933 Loading class java/lang/invoke/DirectMethodHandle$1
Event: 3.933 Loading class java/lang/invoke/DirectMethodHandle$1 done
Event: 3.977 Loading class java/util/stream/SortedOps
Event: 3.978 Loading class java/util/stream/SortedOps done
Event: 3.978 Loading class java/util/stream/SortedOps$OfRef
Event: 3.978 Loading class java/util/stream/ReferencePipeline$StatefulOp
Event: 3.978 Loading class java/util/stream/ReferencePipeline$StatefulOp done
Event: 3.978 Loading class java/util/stream/SortedOps$OfRef done
Event: 3.978 Loading class java/util/stream/SortedOps$RefSortingSink
Event: 3.978 Loading class java/util/stream/SortedOps$AbstractRefSortingSink
Event: 3.979 Loading class java/util/stream/SortedOps$AbstractRefSortingSink done
Event: 3.979 Loading class java/util/stream/SortedOps$RefSortingSink done

Classes unloaded (0 events):
No events

Classes redefined (0 events):
No events

Internal exceptions (20 events):
Event: 1.789 Thread 0x0000023edc7c1a50 Exception <a 'java/lang/NoSuchMethodError'{0x00000000ead81bb0}: 'void java.lang.invoke.DirectMethodHandle$Holder.invokeStatic(java.lang.Object, java.lang.Object)'> (0x00000000ead81bb0) 
thrown [s\src\hotspot\share\interpreter\linkResolver.cpp, line 773]
Event: 1.789 Thread 0x0000023edc7c1a50 Exception <a 'java/lang/NoSuchMethodError'{0x00000000ead84f58}: 'void java.lang.invoke.DirectMethodHandle$Holder.invokeStaticInit(java.lang.Object, java.lang.Object)'> (0x00000000ead84f58) 
thrown [s\src\hotspot\share\interpreter\linkResolver.cpp, line 773]
Event: 1.793 Thread 0x0000023edc7c1a50 Exception <a 'java/lang/NoSuchMethodError'{0x00000000ead8bee8}: 'int java.lang.invoke.DirectMethodHandle$Holder.invokeStaticInit(java.lang.Object, java.lang.Object)'> (0x00000000ead8bee8) 
thrown [s\src\hotspot\share\interpreter\linkResolver.cpp, line 773]
Event: 1.877 Thread 0x0000023edc7c1a50 Exception <a 'java/lang/NoSuchMethodError'{0x00000000eaec96b0}: 'void java.lang.invoke.DirectMethodHandle$Holder.invokeSpecial(java.lang.Object, java.lang.Object, java.lang.Object)'> (0x00000000eaec96b0) 
thrown [s\src\hotspot\share\interpreter\linkResolver.cpp, line 773]
Event: 2.298 Thread 0x0000023edc7c1a50 Exception <a 'java/lang/NoSuchMethodError'{0x00000000eb76e768}: 'int java.lang.invoke.DirectMethodHandle$Holder.invokeVirtual(java.lang.Object, java.lang.Object)'> (0x00000000eb76e768) 
thrown [s\src\hotspot\share\interpreter\linkResolver.cpp, line 773]
Event: 2.440 Thread 0x0000023edc7c1a50 Exception <a 'java/lang/NoSuchMethodError'{0x00000000ebaa7020}: 'java.lang.Object java.lang.invoke.DirectMethodHandle$Holder.newInvokeSpecial(java.lang.Object, int, java.lang.Object)'> (0x00000000ebaa7020) 
thrown [s\src\hotspot\share\interpreter\linkResolver.cpp, line 773]
Event: 2.491 Thread 0x0000023edc7c1a50 Exception <a 'java/lang/NoSuchMethodError'{0x00000000ebc38958}: 'java.lang.Object java.lang.invoke.DirectMethodHandle$Holder.newInvokeSpecial(java.lang.Object, java.lang.Object, java.lang.Object, java.lang.Object, int, java.lang.Object)'> (0x00000000ebc38958) 
thrown [s\src\hotspot\share\interpreter\linkResolver.cpp, line 773]
Event: 2.771 Thread 0x0000023edc7c1a50 Exception <a 'java/lang/UnsatisfiedLinkError'{0x00000000ec0902e8}: 'void org.eclipse.equinox.launcher.JNIBridge._update_splash()'> (0x00000000ec0902e8) 
thrown [s\src\hotspot\share\prims\nativeLookup.cpp, line 415]
Event: 2.941 Thread 0x0000023ef7775180 Exception <a 'java/lang/NullPointerException'{0x00000000eab91d28}> (0x00000000eab91d28) 
thrown [s\src\hotspot\share\interpreter\linkResolver.cpp, line 1372]
Event: 2.941 Thread 0x0000023ef7775180 Exception <a 'java/lang/NullPointerException'{0x00000000eab92008}> (0x00000000eab92008) 
thrown [s\src\hotspot\share\interpreter\linkResolver.cpp, line 1372]
Event: 3.319 Thread 0x0000023ef7775180 Exception <a 'java/io/FileNotFoundException'{0x00000000eb6b21f8}> (0x00000000eb6b21f8) 
thrown [s\src\hotspot\share\prims\jni.cpp, line 520]
Event: 3.443 Thread 0x0000023ef7775180 Exception <a 'java/lang/NoSuchMethodError'{0x00000000eb9a0820}: 'java.lang.Object java.lang.invoke.Invokers$Holder.linkToTargetMethod(java.lang.Object, long, java.lang.Object)'> (0x00000000eb9a0820) 
thrown [s\src\hotspot\share\interpreter\linkResolver.cpp, line 773]
Event: 3.554 Thread 0x0000023ef7775180 Exception <a 'java/lang/NoSuchMethodError'{0x00000000ebd479b0}: 'void java.lang.invoke.DirectMethodHandle$Holder.invokeInterface(java.lang.Object, java.lang.Object, java.lang.Object)'> (0x00000000ebd479b0) 
thrown [s\src\hotspot\share\interpreter\linkResolver.cpp, line 773]
Event: 3.627 Thread 0x0000023ef7775180 Exception <a 'java/lang/NoSuchMethodError'{0x00000000ebf42ce0}: 'void java.lang.invoke.Invokers$Holder.invokeExact_MT(java.lang.Object, java.lang.Object, java.lang.Object)'> (0x00000000ebf42ce0) 
thrown [s\src\hotspot\share\interpreter\linkResolver.cpp, line 773]
Event: 3.795 Thread 0x0000023ef7775180 Exception <a 'java/lang/NoSuchMethodError'{0x00000000ec2166c0}: 'java.lang.Object java.lang.invoke.DirectMethodHandle$Holder.invokeVirtual(java.lang.Object, java.lang.Object, java.lang.Object)'> (0x00000000ec2166c0) 
thrown [s\src\hotspot\share\interpreter\linkResolver.cpp, line 773]
Event: 3.798 Thread 0x0000023ef7775180 Exception <a 'java/lang/NoSuchMethodError'{0x00000000ec22eb90}: 'java.lang.Object java.lang.invoke.DelegatingMethodHandle$Holder.reinvoke_L(java.lang.Object, java.lang.Object, java.lang.Object, java.lang.Object, int, int)'> (0x00000000ec22eb90) 
thrown [s\src\hotspot\share\interpreter\linkResolver.cpp, line 773]
Event: 3.804 Thread 0x0000023ef7775180 Exception <a 'java/lang/NoSuchMethodError'{0x00000000ec24bb38}: 'java.lang.Object java.lang.invoke.DirectMethodHandle$Holder.newInvokeSpecial(java.lang.Object, java.lang.Object, java.lang.Object, java.lang.Object, java.lang.Object, java.lang.Object)'> (0x00000000ec24bb38) 
thrown [s\src\hotspot\share\interpreter\linkResolver.cpp, line 773]
Event: 3.809 Thread 0x0000023ef7775180 Exception <a 'java/lang/NoSuchMethodError'{0x00000000ec278268}: 'void java.lang.invoke.Invokers$Holder.invokeExact_MT(java.lang.Object, java.lang.Object, java.lang.Object, java.lang.Object)'> (0x00000000ec278268) 
thrown [s\src\hotspot\share\interpreter\linkResolver.cpp, line 773]
Event: 3.911 Thread 0x0000023ef7775180 Exception <a 'java/io/FileNotFoundException'{0x00000000ec3c82c0}> (0x00000000ec3c82c0) 
thrown [s\src\hotspot\share\prims\jni.cpp, line 520]
Event: 3.912 Thread 0x0000023ef7775180 Exception <a 'java/io/FileNotFoundException'{0x00000000ec3cf638}> (0x00000000ec3cf638) 
thrown [s\src\hotspot\share\prims\jni.cpp, line 520]

ZGC Phase Switch (0 events):
No events

VM Operations (20 events):
Event: 1.138 Executing VM operation: HandshakeAllThreads (Deoptimize)
Event: 1.138 Executing VM operation: HandshakeAllThreads (Deoptimize) done
Event: 1.548 Executing VM operation: HandshakeAllThreads (Deoptimize)
Event: 1.548 Executing VM operation: HandshakeAllThreads (Deoptimize) done
Event: 1.691 Executing VM operation: ParallelGCFailedAllocation (Allocation Failure)
Event: 1.703 Executing VM operation: ParallelGCFailedAllocation (Allocation Failure) done
Event: 2.406 Executing VM operation: HandshakeAllThreads (Deoptimize)
Event: 2.406 Executing VM operation: HandshakeAllThreads (Deoptimize) done
Event: 2.421 Executing VM operation: HandshakeAllThreads (Deoptimize)
Event: 2.421 Executing VM operation: HandshakeAllThreads (Deoptimize) done
Event: 2.923 Executing VM operation: ParallelGCFailedAllocation (Allocation Failure)
Event: 2.932 Executing VM operation: ParallelGCFailedAllocation (Allocation Failure) done
Event: 2.935 Executing VM operation: HandshakeAllThreads (Deoptimize)
Event: 2.935 Executing VM operation: HandshakeAllThreads (Deoptimize) done
Event: 3.116 Executing VM operation: HandshakeAllThreads (Deoptimize)
Event: 3.117 Executing VM operation: HandshakeAllThreads (Deoptimize) done
Event: 3.504 Executing VM operation: HandshakeAllThreads (Deoptimize)
Event: 3.504 Executing VM operation: HandshakeAllThreads (Deoptimize) done
Event: 3.917 Executing VM operation: ParallelGCFailedAllocation (Allocation Failure)
Event: 3.924 Executing VM operation: ParallelGCFailedAllocation (Allocation Failure) done

Memory protections (0 events):
No events

Nmethod flushes (0 events):
No events

Events (20 events):
Event: 0.139 Thread 0x0000023edc7c1a50 Thread added: 0x0000023ef2606f50
Event: 0.724 Thread 0x0000023edc7c1a50 Thread added: 0x0000023ef2838c60
Event: 0.962 Thread 0x0000023ef0b7f010 Thread added: 0x0000023ef293a7d0
Event: 1.096 Thread 0x0000023ef0bae910 Thread added: 0x0000023ef7135ea0
Event: 1.795 Thread 0x0000023ef7135ea0 Thread exited: 0x0000023ef7135ea0
Event: 1.795 Thread 0x0000023ef293a7d0 Thread exited: 0x0000023ef293a7d0
Event: 1.966 Thread 0x0000023ef0bae910 Thread added: 0x0000023ef728c620
Event: 1.982 Thread 0x0000023ef0bae910 Thread added: 0x0000023ef7632f10
Event: 2.384 Thread 0x0000023edc7c1a50 Thread added: 0x0000023ef7158cd0
Event: 2.755 Thread 0x0000023edc7c1a50 Thread added: 0x0000023ef7676690
Event: 2.769 Thread 0x0000023edc7c1a50 Thread added: 0x0000023ef7775180
Event: 2.846 Thread 0x0000023ef7775180 Thread added: 0x0000023ef70b6af0
Event: 2.916 Thread 0x0000023ef7632f10 Thread exited: 0x0000023ef7632f10
Event: 2.917 Thread 0x0000023ef728c620 Thread exited: 0x0000023ef728c620
Event: 3.082 Thread 0x0000023ef7775180 Thread added: 0x0000023ef77072a0
Event: 3.243 Thread 0x0000023ef0bae910 Thread added: 0x0000023ef77ddff0
Event: 3.245 Thread 0x0000023ef0bae910 Thread added: 0x0000023ef77de690
Event: 3.573 Thread 0x0000023ef7775180 Thread added: 0x0000023ef7a14210
Event: 3.851 Thread 0x0000023ef77de690 Thread exited: 0x0000023ef77de690
Event: 3.906 Thread 0x0000023ef77ddff0 Thread exited: 0x0000023ef77ddff0


Dynamic libraries:
0x00007ff6bc150000 - 0x00007ff6bc15e000 	c:\Users\ASUS\.vscode\extensions\redhat.java-1.40.0-win32-x64\jre\21.0.6-win32-x86_64\bin\java.exe
0x00007fffcd2b0000 - 0x00007fffcd4c7000 	C:\WINDOWS\SYSTEM32\ntdll.dll
0x00007fffccda0000 - 0x00007fffcce64000 	C:\WINDOWS\System32\KERNEL32.DLL
0x00007fffca650000 - 0x00007fffcaa21000 	C:\WINDOWS\System32\KERNELBASE.dll
0x00007fffca470000 - 0x00007fffca581000 	C:\WINDOWS\System32\ucrtbase.dll
0x00007fffb5de0000 - 0x00007fffb5df8000 	c:\Users\ASUS\.vscode\extensions\redhat.java-1.40.0-win32-x64\jre\21.0.6-win32-x86_64\bin\jli.dll
0x00007fffccef0000 - 0x00007fffcd0a1000 	C:\WINDOWS\System32\USER32.dll
0x00007fffcac20000 - 0x00007fffcac46000 	C:\WINDOWS\System32\win32u.dll
0x00007fffccbc0000 - 0x00007fffccbe9000 	C:\WINDOWS\System32\GDI32.dll
0x00007fffcad90000 - 0x00007fffcaeab000 	C:\WINDOWS\System32\gdi32full.dll
0x00007fffcaee0000 - 0x00007fffcaf7a000 	C:\WINDOWS\System32\msvcp_win.dll
0x00007fffb5dc0000 - 0x00007fffb5dde000 	c:\Users\ASUS\.vscode\extensions\redhat.java-1.40.0-win32-x64\jre\21.0.6-win32-x86_64\bin\VCRUNTIME140.dll
0x00007fffb0f90000 - 0x00007fffb1222000 	C:\WINDOWS\WinSxS\amd64_microsoft.windows.common-controls_6595b64144ccf1df_6.0.22621.4830_none_270fe7d773858e80\COMCTL32.dll
0x00007fffcc890000 - 0x00007fffcc937000 	C:\WINDOWS\System32\msvcrt.dll
0x00007fffccb30000 - 0x00007fffccb61000 	C:\WINDOWS\System32\IMM32.DLL
0x00007fffb6150000 - 0x00007fffb615c000 	c:\Users\ASUS\.vscode\extensions\redhat.java-1.40.0-win32-x64\jre\21.0.6-win32-x86_64\bin\vcruntime140_1.dll
0x00007fffb5d30000 - 0x00007fffb5dbd000 	c:\Users\ASUS\.vscode\extensions\redhat.java-1.40.0-win32-x64\jre\21.0.6-win32-x86_64\bin\msvcp140.dll
0x00007fff75180000 - 0x00007fff75f10000 	c:\Users\ASUS\.vscode\extensions\redhat.java-1.40.0-win32-x64\jre\21.0.6-win32-x86_64\bin\server\jvm.dll
0x00007fffcc7d0000 - 0x00007fffcc881000 	C:\WINDOWS\System32\ADVAPI32.dll
0x00007fffcba00000 - 0x00007fffcbaa7000 	C:\WINDOWS\System32\sechost.dll
0x00007fffcaeb0000 - 0x00007fffcaed8000 	C:\WINDOWS\System32\bcrypt.dll
0x00007fffcb8d0000 - 0x00007fffcb9e4000 	C:\WINDOWS\System32\RPCRT4.dll
0x00007fffcce70000 - 0x00007fffccee1000 	C:\WINDOWS\System32\WS2_32.dll
0x00007fffc9d40000 - 0x00007fffc9d8d000 	C:\WINDOWS\SYSTEM32\POWRPROF.dll
0x00007fffc3000000 - 0x00007fffc300a000 	C:\WINDOWS\SYSTEM32\VERSION.dll
0x00007fffc3580000 - 0x00007fffc35b4000 	C:\WINDOWS\SYSTEM32\WINMM.dll
0x00007fffc9ce0000 - 0x00007fffc9cf3000 	C:\WINDOWS\SYSTEM32\UMPDC.dll
0x00007fffc9440000 - 0x00007fffc9458000 	C:\WINDOWS\SYSTEM32\kernel.appcore.dll
0x00007fffb5d20000 - 0x00007fffb5d2a000 	c:\Users\ASUS\.vscode\extensions\redhat.java-1.40.0-win32-x64\jre\21.0.6-win32-x86_64\bin\jimage.dll
0x00007fffc7e30000 - 0x00007fffc8062000 	C:\WINDOWS\SYSTEM32\DBGHELP.DLL
0x00007fffcc360000 - 0x00007fffcc6f0000 	C:\WINDOWS\System32\combase.dll
0x00007fffcc6f0000 - 0x00007fffcc7c7000 	C:\WINDOWS\System32\OLEAUT32.dll
0x00007fffa2f50000 - 0x00007fffa2f82000 	C:\WINDOWS\SYSTEM32\dbgcore.DLL
0x00007fffcaa30000 - 0x00007fffcaaab000 	C:\WINDOWS\System32\bcryptPrimitives.dll
0x00007fffc2540000 - 0x00007fffc254f000 	c:\Users\ASUS\.vscode\extensions\redhat.java-1.40.0-win32-x64\jre\21.0.6-win32-x86_64\bin\instrument.dll
0x00007fffb5d00000 - 0x00007fffb5d1f000 	c:\Users\ASUS\.vscode\extensions\redhat.java-1.40.0-win32-x64\jre\21.0.6-win32-x86_64\bin\java.dll
0x00007fffcbad0000 - 0x00007fffcc358000 	C:\WINDOWS\System32\SHELL32.dll
0x00007fffcac50000 - 0x00007fffcad8f000 	C:\WINDOWS\System32\wintypes.dll
0x00007fffc81e0000 - 0x00007fffc8aed000 	C:\WINDOWS\SYSTEM32\windows.storage.dll
0x00007fffcaf80000 - 0x00007fffcb08a000 	C:\WINDOWS\System32\SHCORE.dll
0x00007fffcb860000 - 0x00007fffcb8be000 	C:\WINDOWS\System32\shlwapi.dll
0x00007fffca320000 - 0x00007fffca34b000 	C:\WINDOWS\SYSTEM32\profapi.dll
0x00007fffb5ce0000 - 0x00007fffb5cf8000 	c:\Users\ASUS\.vscode\extensions\redhat.java-1.40.0-win32-x64\jre\21.0.6-win32-x86_64\bin\zip.dll
0x00007fffb5cd0000 - 0x00007fffb5ce0000 	C:\Users\ASUS\.vscode\extensions\redhat.java-1.40.0-win32-x64\jre\21.0.6-win32-x86_64\bin\net.dll
0x00007fffc1040000 - 0x00007fffc116c000 	C:\WINDOWS\SYSTEM32\WINHTTP.dll
0x00007fffc98b0000 - 0x00007fffc991a000 	C:\WINDOWS\system32\mswsock.dll
0x00007fffb5cb0000 - 0x00007fffb5cc6000 	C:\Users\ASUS\.vscode\extensions\redhat.java-1.40.0-win32-x64\jre\21.0.6-win32-x86_64\bin\nio.dll
0x00007fffc24f0000 - 0x00007fffc2500000 	c:\Users\ASUS\.vscode\extensions\redhat.java-1.40.0-win32-x64\jre\21.0.6-win32-x86_64\bin\verify.dll
0x00007fffb2970000 - 0x00007fffb29b5000 	C:\Users\ASUS\AppData\Roaming\Code\User\globalStorage\redhat.java\1.40.0\config_ss_win\org.eclipse.equinox.launcher\org.eclipse.equinox.launcher.win32.win32.x86_64_1.2.1200.v20250212-0927\eclipse_11909.dll
0x00007fffccbf0000 - 0x00007fffccd91000 	C:\WINDOWS\System32\ole32.dll

dbghelp: loaded successfully - version: 4.0.5 - missing functions: none
symbol engine: initialized successfully - sym options: 0x614 - pdb path: .;c:\Users\ASUS\.vscode\extensions\redhat.java-1.40.0-win32-x64\jre\21.0.6-win32-x86_64\bin;C:\WINDOWS\SYSTEM32;C:\WINDOWS\WinSxS\amd64_microsoft.windows.common-controls_6595b64144ccf1df_6.0.22621.4830_none_270fe7d773858e80;c:\Users\ASUS\.vscode\extensions\redhat.java-1.40.0-win32-x64\jre\21.0.6-win32-x86_64\bin\server;C:\Users\ASUS\AppData\Roaming\Code\User\globalStorage\redhat.java\1.40.0\config_ss_win\org.eclipse.equinox.launcher\org.eclipse.equinox.launcher.win32.win32.x86_64_1.2.1200.v20250212-0927

VM Arguments:
jvm_args: --add-modules=ALL-SYSTEM --add-opens=java.base/java.util=ALL-UNNAMED --add-opens=java.base/java.lang=ALL-UNNAMED --add-opens=java.base/sun.nio.fs=ALL-UNNAMED -Declipse.application=org.eclipse.jdt.ls.core.id1 -Dosgi.bundles.defaultStartLevel=4 -Declipse.product=org.eclipse.jdt.ls.core.product -Djava.import.generatesMetadataFilesAtProjectRoot=false -DDetectVMInstallationsJob.disabled=true -Dfile.encoding=utf8 -XX:+UseParallelGC -XX:GCTimeRatio=4 -XX:AdaptiveSizePolicyWeight=90 -Dsun.zip.disableMemoryMapping=true -Xmx1G -Xms100m -Xlog:disable -javaagent:c:\Users\ASUS\.vscode\extensions\redhat.java-1.40.0-win32-x64\lombok\lombok-1.18.36.jar 
java_command: c:\Users\ASUS\.vscode\extensions\redhat.java-1.40.0-win32-x64\server\plugins\org.eclipse.equinox.launcher_1.6.1000.v20250131-0606.jar -configuration c:\Users\ASUS\AppData\Roaming\Code\User\globalStorage\redhat.java\1.40.0\config_ss_win -data c:\Users\ASUS\AppData\Roaming\Code\User\workspaceStorage\a7d0709649e970c0a2924581fa248fb4\redhat.java\ss_ws --pipe=\\.\pipe\lsp-1c5561e2504f70c0bb0e08f1936a070e-sock
java_class_path (initial): c:\Users\ASUS\.vscode\extensions\redhat.java-1.40.0-win32-x64\server\plugins\org.eclipse.equinox.launcher_1.6.1000.v20250131-0606.jar
Launcher Type: SUN_STANDARD

[Global flags]
    uintx AdaptiveSizePolicyWeight                 = 90                                        {product} {command line}
     intx CICompilerCount                          = 4                                         {product} {ergonomic}
    uintx GCTimeRatio                              = 4                                         {product} {command line}
   size_t InitialHeapSize                          = 104857600                                 {product} {command line}
   size_t MaxHeapSize                              = 1073741824                                {product} {command line}
   size_t MaxNewSize                               = 357564416                                 {product} {ergonomic}
   size_t MinHeapDeltaBytes                        = 524288                                    {product} {ergonomic}
   size_t MinHeapSize                              = 104857600                                 {product} {command line}
   size_t NewSize                                  = 34603008                                  {product} {ergonomic}
    uintx NonNMethodCodeHeapSize                   = 5839372                                {pd product} {ergonomic}
    uintx NonProfiledCodeHeapSize                  = 122909434                              {pd product} {ergonomic}
   size_t OldSize                                  = 70254592                                  {product} {ergonomic}
    uintx ProfiledCodeHeapSize                     = 122909434                              {pd product} {ergonomic}
    uintx ReservedCodeCacheSize                    = 251658240                              {pd product} {ergonomic}
     bool SegmentedCodeCache                       = true                                      {product} {ergonomic}
   size_t SoftMaxHeapSize                          = 1073741824                             {manageable} {ergonomic}
     bool UseCompressedOops                        = true                           {product lp64_product} {ergonomic}
     bool UseLargePagesIndividualAllocation        = false                                  {pd product} {ergonomic}
     bool UseParallelGC                            = true                                      {product} {command line}

Logging:
Log output configuration:
 #0: stdout all=off uptime,level,tags foldmultilines=false
 #1: stderr all=off uptime,level,tags foldmultilines=false

Environment Variables:
JAVA_HOME=C:\Program Files\Java\jdk-22.0.2
PATH=C:\Program Files\Common Files\Oracle\Java\javapath;C:\ProgramData\Oracle\Java\javapath;C:\Program Files (x86)\Common Files\Intel\Shared Files\cpp\bin\Intel64;C:\Windows\system32;C:\Windows;C:\Windows\System32\Wbem;C:\Windows\System32\WindowsPowerShell\v1.0\;C:\Windows\System32\OpenSSH\;C:\Program Files (x86)\NVIDIA Corporation\PhysX\Common;C:\Program Files\NVIDIA Corporation\NVIDIA NvDLISR;C:\Program Files\Intel\WiFi\bin\;C:\Program Files\Common Files\Intel\WirelessCommon\;C:\Program Files (x86)\Windows Live\Shared;C:\Program Files\Java\jdk1.8.0_111\bin;C:\WINDOWS\system32;C:\WINDOWS;C:\WINDOWS\System32\Wbem;C:\WINDOWS\System32\WindowsPowerShell\v1.0\;C:\WINDOWS\System32\OpenSSH\;D:\Git\cmd;C:\xampp\php;C:\Program Files\Java\jdk-22.0.2;C:\dev\flutter\bin;C:\Program Files (x86)\Windows Kits\10\Windows Performance Toolkit\;C:\Program Files\nodejs\;C:\Program Files\Git\cmd;C:\Program Files\Git\bin;C:\dev\flutter\bin\cache\dart-sdk\bin;C:\Users\ASUS\.config\herd\bin;C:\Users\ASUS\AppData\Local\Programs\Python\Launcher\;C:\Users\ASUS\AppData\Local\Microsoft\WindowsApps;C:\Users\ASUS\AppData\Local\Programs\Microsoft VS Code\bin;C:\Users\ASUS\composer;C:\Users\ASUS\AppData\Roaming\Composer\vendor\bin;C:\Program Files\Java\jdk-22.0.2;C:\dev\flutter\bin;C:\Program Files\flutter\bin\cache\dart-sdk\bin;C:\Users\ASUS\AppData\Roaming\npm;C:\Program Files\Git\bin;C:\Program Files\Git\cmd
USERNAME=ASUS
OS=Windows_NT
PROCESSOR_IDENTIFIER=Intel64 Family 6 Model 142 Stepping 12, GenuineIntel
TMP=C:\Users\ASUS\AppData\Local\Temp
TEMP=C:\Users\ASUS\AppData\Local\Temp




Periodic native trim disabled

---------------  S Y S T E M  ---------------

OS:
 Windows 11 , 64 bit Build 22621 (10.0.22621.4974)
OS uptime: 0 days 0:46 hours

CPU: total 8 (initial active 8) (4 cores per cpu, 2 threads per core) family 6 model 142 stepping 12 microcode 0xde, cx8, cmov, fxsr, ht, mmx, 3dnowpref, sse, sse2, sse3, ssse3, sse4.1, sse4.2, popcnt, lzcnt, tsc, tscinvbit, avx, avx2, aes, erms, clmul, bmi1, bmi2, adx, fma, vzeroupper, clflush, clflushopt, rdtscp, f16c
Processor Information for the first 8 processors :
  Max Mhz: 1800, Current Mhz: 1600, Mhz Limit: 1584

Memory: 4k page, system-wide physical 8043M (1419M free)
TotalPageFile size 8043M (AvailPageFile size 4M)
current process WorkingSet (physical memory assigned to process): 108M, peak: 108M
current process commit charge ("private bytes"): 218M, peak: 218M

vm_info: OpenJDK 64-Bit Server VM (21.0.6+7-LTS) for windows-amd64 JRE (21.0.6+7-LTS), built on 2025-01-21T00:00:00Z by "admin" with MS VC++ 17.7 (VS2022)

END.
