#
# There is insufficient memory for the Java Runtime Environment to continue.
# Native memory allocation (malloc) failed to allocate 211216 bytes. Error detail: Chunk::new
# Possible reasons:
#   The system is out of physical RAM or swap space
#   This process is running with CompressedOops enabled, and the Java Heap may be blocking the growth of the native heap
# Possible solutions:
#   Reduce memory load on the system
#   Increase physical memory or swap space
#   Check if swap backing store is full
#   Decrease Java heap size (-Xmx/-Xms)
#   Decrease number of Java threads
#   Decrease Java thread stack sizes (-Xss)
#   Set larger code cache with -XX:ReservedCodeCacheSize=
#   JVM is running with Unscaled Compressed Oops mode in which the Java heap is
#     placed in the first 4GB address space. The Java Heap base address is the
#     maximum limit for the native heap growth. Please use -XX:HeapBaseMinAddress
#     to set the Java Heap base and to place the Java Heap above 4GB virtual address.
# This output file may be truncated or incomplete.
#
#  Out of Memory Error (arena.cpp:168), pid=1904, tid=9964
#
# JRE version: OpenJDK Runtime Environment Temurin-21.0.6+7 (21.0.6+7) (build 21.0.6+7-LTS)
# Java VM: OpenJDK 64-Bit Server VM Temurin-21.0.6+7 (21.0.6+7-LTS, mixed mode, sharing, tiered, compressed oops, compressed class ptrs, parallel gc, windows-amd64)
# No core dump will be written. Minidumps are not enabled by default on client versions of Windows
#

---------------  S U M M A R Y ------------

Command Line: --add-modules=ALL-SYSTEM --add-opens=java.base/java.util=ALL-UNNAMED --add-opens=java.base/java.lang=ALL-UNNAMED --add-opens=java.base/sun.nio.fs=ALL-UNNAMED -Declipse.application=org.eclipse.jdt.ls.core.id1 -Dosgi.bundles.defaultStartLevel=4 -Declipse.product=org.eclipse.jdt.ls.core.product -Djava.import.generatesMetadataFilesAtProjectRoot=false -DDetectVMInstallationsJob.disabled=true -Dfile.encoding=utf8 -XX:+UseParallelGC -XX:GCTimeRatio=4 -XX:AdaptiveSizePolicyWeight=90 -Dsun.zip.disableMemoryMapping=true -Xmx1G -Xms100m -Xlog:disable -javaagent:c:\Users\ASUS\.vscode\extensions\redhat.java-1.40.0-win32-x64\lombok\lombok-1.18.36.jar c:\Users\ASUS\.vscode\extensions\redhat.java-1.40.0-win32-x64\server\plugins\org.eclipse.equinox.launcher_1.6.1000.v20250131-0606.jar -configuration c:\Users\ASUS\AppData\Roaming\Code\User\globalStorage\redhat.java\1.40.0\config_ss_win -data c:\Users\ASUS\AppData\Roaming\Code\User\workspaceStorage\a7d0709649e970c0a2924581fa248fb4\redhat.java\ss_ws --pipe=\\.\pipe\lsp-e1d358a7270966405ecbd8e5199a8d02-sock

Host: Intel(R) Core(TM) i5-8265U CPU @ 1.60GHz, 8 cores, 7G,  Windows 11 , 64 bit Build 22621 (10.0.22621.4974)
Time: Wed Mar 19 13:26:24 2025 SE Asia Standard Time elapsed time: 2.031132 seconds (0d 0h 0m 2s)

---------------  T H R E A D  ---------------

Current thread (0x000001c1d4b967f0):  JavaThread "C2 CompilerThread0" daemon [_thread_in_native, id=9964, stack(0x000000b768100000,0x000000b768200000) (1024K)]


Current CompileTask:
C2:2031 1250       4       java.io.DataInputStream::readFully (59 bytes)

Stack: [0x000000b768100000,0x000000b768200000]
Native frames: (J=compiled Java code, j=interpreted, Vv=VM code, C=native code)
V  [jvm.dll+0x6cdee9]
V  [jvm.dll+0x8a83d1]
V  [jvm.dll+0x8aa8fe]
V  [jvm.dll+0x8aafe3]
V  [jvm.dll+0x27f706]
V  [jvm.dll+0xc500d]
V  [jvm.dll+0xc5543]
V  [jvm.dll+0x3b6752]
V  [jvm.dll+0x382935]
V  [jvm.dll+0x381d9a]
V  [jvm.dll+0x2479f0]
V  [jvm.dll+0x246fcf]
V  [jvm.dll+0x1c75ee]
V  [jvm.dll+0x25685a]
V  [jvm.dll+0x254dfa]
V  [jvm.dll+0x3f0256]
V  [jvm.dll+0x851f8b]
V  [jvm.dll+0x6cc5ed]
C  [ucrtbase.dll+0x29333]
C  [KERNEL32.DLL+0x1259d]
C  [ntdll.dll+0x5af38]


---------------  P R O C E S S  ---------------

Threads class SMR info:
_java_thread_list=0x000001c21c913af0, length=13, elements={
0x000001c1c07d1a10, 0x000001c1c088df50, 0x000001c1d4b846f0, 0x000001c1d4b89b10,
0x000001c1d4b8aa20, 0x000001c1d4b8e430, 0x000001c1d4b91c80, 0x000001c1d4b967f0,
0x000001c1d4b99280, 0x000001c2175ff270, 0x000001c217871410, 0x000001c21c3e1e10,
0x000001c21c3e2c20
}

Java Threads: ( => current thread )
  0x000001c1c07d1a10 JavaThread "main"                              [_thread_in_vm, id=4304, stack(0x000000b767700000,0x000000b767800000) (1024K)]
  0x000001c1c088df50 JavaThread "Reference Handler"          daemon [_thread_blocked, id=8488, stack(0x000000b767b00000,0x000000b767c00000) (1024K)]
  0x000001c1d4b846f0 JavaThread "Finalizer"                  daemon [_thread_blocked, id=5304, stack(0x000000b767c00000,0x000000b767d00000) (1024K)]
  0x000001c1d4b89b10 JavaThread "Signal Dispatcher"          daemon [_thread_blocked, id=10852, stack(0x000000b767d00000,0x000000b767e00000) (1024K)]
  0x000001c1d4b8aa20 JavaThread "Attach Listener"            daemon [_thread_blocked, id=11208, stack(0x000000b767e00000,0x000000b767f00000) (1024K)]
  0x000001c1d4b8e430 JavaThread "Service Thread"             daemon [_thread_blocked, id=5164, stack(0x000000b767f00000,0x000000b768000000) (1024K)]
  0x000001c1d4b91c80 JavaThread "Monitor Deflation Thread"   daemon [_thread_blocked, id=13540, stack(0x000000b768000000,0x000000b768100000) (1024K)]
=>0x000001c1d4b967f0 JavaThread "C2 CompilerThread0"         daemon [_thread_in_native, id=9964, stack(0x000000b768100000,0x000000b768200000) (1024K)]
  0x000001c1d4b99280 JavaThread "C1 CompilerThread0"         daemon [_thread_blocked, id=6604, stack(0x000000b768200000,0x000000b768300000) (1024K)]
  0x000001c2175ff270 JavaThread "Common-Cleaner"             daemon [_thread_blocked, id=13212, stack(0x000000b768300000,0x000000b768400000) (1024K)]
  0x000001c217871410 JavaThread "Notification Thread"        daemon [_thread_blocked, id=4436, stack(0x000000b768500000,0x000000b768600000) (1024K)]
  0x000001c21c3e1e10 JavaThread "C2 CompilerThread1"         daemon [_thread_in_native, id=9252, stack(0x000000b768b00000,0x000000b768c00000) (1024K)]
  0x000001c21c3e2c20 JavaThread "C2 CompilerThread2"         daemon [_thread_in_native, id=13020, stack(0x000000b768c00000,0x000000b768d00000) (1024K)]
Total: 13

Other Threads:
  0x000001c1d4b83670 VMThread "VM Thread"                           [id=5524, stack(0x000000b767a00000,0x000000b767b00000) (1024K)]
  0x000001c1c0839cf0 WatcherThread "VM Periodic Task Thread"        [id=912, stack(0x000000b767900000,0x000000b767a00000) (1024K)]
  0x000001c1c07ef0e0 WorkerThread "GC Thread#0"                     [id=13916, stack(0x000000b767800000,0x000000b767900000) (1024K)]
  0x000001c2177d3520 WorkerThread "GC Thread#1"                     [id=1200, stack(0x000000b768400000,0x000000b768500000) (1024K)]
  0x000001c2177d38c0 WorkerThread "GC Thread#2"                     [id=4456, stack(0x000000b768600000,0x000000b768700000) (1024K)]
  0x000001c21c77c750 WorkerThread "GC Thread#3"                     [id=10008, stack(0x000000b768700000,0x000000b768800000) (1024K)]
  0x000001c21c77caf0 WorkerThread "GC Thread#4"                     [id=11588, stack(0x000000b768800000,0x000000b768900000) (1024K)]
  0x000001c21c77ce90 WorkerThread "GC Thread#5"                     [id=9596, stack(0x000000b768900000,0x000000b768a00000) (1024K)]
  0x000001c21c25ca60 WorkerThread "GC Thread#6"                     [id=6336, stack(0x000000b768a00000,0x000000b768b00000) (1024K)]
Total: 9

Threads with active compile tasks:
C2 CompilerThread0  2069 1250       4       java.io.DataInputStream::readFully (59 bytes)
C2 CompilerThread1  2069 1237       4       java.io.DataInputStream::readUTF (501 bytes)
C2 CompilerThread2  2070 1249       4       java.io.BufferedInputStream::read1 (121 bytes)
Total: 3

VM state: not at safepoint (normal execution)

VM Mutex/Monitor currently owned by a thread: None

Heap address: 0x00000000c0000000, size: 1024 MB, Compressed Oops mode: 32-bit

CDS archive(s) mapped at: [0x000001c1d5000000-0x000001c1d5ba0000-0x000001c1d5ba0000), size 12189696, SharedBaseAddress: 0x000001c1d5000000, ArchiveRelocationMode: 1.
Compressed class space mapped at: 0x000001c1d6000000-0x000001c216000000, reserved size: 1073741824
Narrow klass base: 0x000001c1d5000000, Narrow klass shift: 0, Narrow klass range: 0x100000000

GC Precious Log:
 CardTable entry size: 512
 CPUs: 8 total, 8 available
 Memory: 8043M
 Large Page Support: Disabled
 NUMA Support: Disabled
 Compressed Oops: Enabled (32-bit)
 Alignments: Space 512K, Generation 512K, Heap 2M
 Heap Min Capacity: 100M
 Heap Initial Capacity: 100M
 Heap Max Capacity: 1G
 Pre-touch: Disabled
 Parallel Workers: 8

Heap:
 PSYoungGen      total 29696K, used 10634K [0x00000000eab00000, 0x00000000ecc00000, 0x0000000100000000)
  eden space 25600K, 29% used [0x00000000eab00000,0x00000000eb2492d8,0x00000000ec400000)
  from space 4096K, 77% used [0x00000000ec400000,0x00000000ec7197f0,0x00000000ec800000)
  to   space 4096K, 0% used [0x00000000ec800000,0x00000000ec800000,0x00000000ecc00000)
 ParOldGen       total 68608K, used 16K [0x00000000c0000000, 0x00000000c4300000, 0x00000000eab00000)
  object space 68608K, 0% used [0x00000000c0000000,0x00000000c0004000,0x00000000c4300000)
 Metaspace       used 5812K, committed 6016K, reserved 1114112K
  class space    used 555K, committed 640K, reserved 1048576K

Card table byte_map: [0x000001c1c0170000,0x000001c1c0380000] _byte_map_base: 0x000001c1bfb70000

Marking Bits: (ParMarkBitMap*) 0x00007fff75e33260
 Begin Bits: [0x000001c1d29c0000, 0x000001c1d39c0000)
 End Bits:   [0x000001c1d39c0000, 0x000001c1d49c0000)

Polling page: 0x000001c1be610000

Metaspace:

Usage:
  Non-class:      5.13 MB used.
      Class:    555.16 KB used.
       Both:      5.68 MB used.

Virtual space:
  Non-class space:       64.00 MB reserved,       5.25 MB (  8%) committed,  1 nodes.
      Class space:        1.00 GB reserved,     640.00 KB ( <1%) committed,  1 nodes.
             Both:        1.06 GB reserved,       5.88 MB ( <1%) committed. 

Chunk freelists:
   Non-Class:  10.14 MB
       Class:  15.38 MB
        Both:  25.52 MB

MaxMetaspaceSize: unlimited
CompressedClassSpaceSize: 1.00 GB
Initial GC threshold: 21.00 MB
Current GC threshold: 21.00 MB
CDS: on
 - commit_granule_bytes: 65536.
 - commit_granule_words: 8192.
 - virtual_space_node_default_size: 8388608.
 - enlarge_chunks_in_place: 1.
 - use_allocation_guard: 0.


Internal statistics:

num_allocs_failed_limit: 0.
num_arena_births: 148.
num_arena_deaths: 0.
num_vsnodes_births: 2.
num_vsnodes_deaths: 0.
num_space_committed: 94.
num_space_uncommitted: 0.
num_chunks_returned_to_freelist: 0.
num_chunks_taken_from_freelist: 250.
num_chunk_merges: 0.
num_chunk_splits: 171.
num_chunks_enlarged: 121.
num_inconsistent_stats: 0.

CodeHeap 'non-profiled nmethods': size=120000Kb used=469Kb max_used=469Kb free=119530Kb
 bounds [0x000001c1cb490000, 0x000001c1cb700000, 0x000001c1d29c0000]
CodeHeap 'profiled nmethods': size=120000Kb used=2198Kb max_used=2198Kb free=117801Kb
 bounds [0x000001c1c39c0000, 0x000001c1c3c30000, 0x000001c1caef0000]
CodeHeap 'non-nmethods': size=5760Kb used=1205Kb max_used=1223Kb free=4555Kb
 bounds [0x000001c1caef0000, 0x000001c1cb160000, 0x000001c1cb490000]
 total_blobs=1731 nmethods=1265 adapters=373
 compilation: enabled
              stopped_count=0, restarted_count=0
 full_count=0

Compilation events (20 events):
Event: 2.010 Thread 0x000001c1d4b99280 nmethod 1241 0x000001c1c3bd2a10 code [0x000001c1c3bd2d80, 0x000001c1c3bd4240]
Event: 2.010 Thread 0x000001c1d4b99280 1251       3       org.eclipse.osgi.container.ModuleDatabase$Persistence::readMapValue (111 bytes)
Event: 2.012 Thread 0x000001c1d4b99280 nmethod 1251 0x000001c1c3bd4990 code [0x000001c1c3bd4d40, 0x000001c1c3bd6368]
Event: 2.012 Thread 0x000001c1d4b99280 1257       3       org.eclipse.osgi.container.ModuleDatabase$Persistence::readMap (118 bytes)
Event: 2.014 Thread 0x000001c1d4b99280 nmethod 1257 0x000001c1c3bd6a90 code [0x000001c1c3bd6e40, 0x000001c1c3bd83c8]
Event: 2.014 Thread 0x000001c1d4b99280 1253       3       org.eclipse.osgi.container.ModuleDatabase$Persistence::readVersion0 (96 bytes)
Event: 2.014 Thread 0x000001c21c3e2c20 1259       4       jdk.internal.misc.Unsafe::getIntUnaligned (12 bytes)
Event: 2.015 Thread 0x000001c21c3e2c20 nmethod 1259 0x000001c1cb501410 code [0x000001c1cb5015a0, 0x000001c1cb501658]
Event: 2.015 Thread 0x000001c21c3e2c20 1255       4       java.io.BufferedInputStream::implRead (112 bytes)
Event: 2.017 Thread 0x000001c1d4b99280 nmethod 1253 0x000001c1c3bd8d10 code [0x000001c1c3bd9160, 0x000001c1c3bdaf80]
Event: 2.017 Thread 0x000001c1d4b99280 1252       3       org.eclipse.osgi.container.ModuleDatabase$Persistence::readVersion (7 bytes)
Event: 2.018 Thread 0x000001c1d4b99280 nmethod 1252 0x000001c1c3bdb990 code [0x000001c1c3bdbb40, 0x000001c1c3bdbc60]
Event: 2.018 Thread 0x000001c1d4b99280 1256       3       org.eclipse.osgi.container.ModuleDatabase$Persistence::readIndexedMap (16 bytes)
Event: 2.019 Thread 0x000001c1d4b99280 nmethod 1256 0x000001c1c3bdbd10 code [0x000001c1c3bdbf40, 0x000001c1c3bdc638]
Event: 2.019 Thread 0x000001c1d4b99280 1258       3       java.util.Collections::unmodifiableMap (22 bytes)
Event: 2.020 Thread 0x000001c1d4b99280 nmethod 1258 0x000001c1c3bdc990 code [0x000001c1c3bdcb80, 0x000001c1c3bdcfd0]
Event: 2.020 Thread 0x000001c1d4b99280 1261       3       org.eclipse.osgi.container.ModuleDatabase$Persistence::readListValue (97 bytes)
Event: 2.022 Thread 0x000001c1d4b99280 nmethod 1261 0x000001c1c3bdd190 code [0x000001c1c3bdd520, 0x000001c1c3bdeac0]
Event: 2.022 Thread 0x000001c1d4b99280 1265       3       org.eclipse.osgi.container.ModuleDatabase$Persistence::readList (78 bytes)
Event: 2.025 Thread 0x000001c1d4b99280 nmethod 1265 0x000001c1c3bdf190 code [0x000001c1c3bdf4c0, 0x000001c1c3be0668]

GC Heap History (2 events):
Event: 1.695 GC heap before
{Heap before GC invocations=1 (full 0):
 PSYoungGen      total 29696K, used 25600K [0x00000000eab00000, 0x00000000ecc00000, 0x0000000100000000)
  eden space 25600K, 100% used [0x00000000eab00000,0x00000000ec400000,0x00000000ec400000)
  from space 4096K, 0% used [0x00000000ec800000,0x00000000ec800000,0x00000000ecc00000)
  to   space 4096K, 0% used [0x00000000ec400000,0x00000000ec400000,0x00000000ec800000)
 ParOldGen       total 68608K, used 0K [0x00000000c0000000, 0x00000000c4300000, 0x00000000eab00000)
  object space 68608K, 0% used [0x00000000c0000000,0x00000000c0000000,0x00000000c4300000)
 Metaspace       used 4343K, committed 4544K, reserved 1114112K
  class space    used 436K, committed 512K, reserved 1048576K
}
Event: 1.706 GC heap after
{Heap after GC invocations=1 (full 0):
 PSYoungGen      total 29696K, used 3173K [0x00000000eab00000, 0x00000000ecc00000, 0x0000000100000000)
  eden space 25600K, 0% used [0x00000000eab00000,0x00000000eab00000,0x00000000ec400000)
  from space 4096K, 77% used [0x00000000ec400000,0x00000000ec7197f0,0x00000000ec800000)
  to   space 4096K, 0% used [0x00000000ec800000,0x00000000ec800000,0x00000000ecc00000)
 ParOldGen       total 68608K, used 16K [0x00000000c0000000, 0x00000000c4300000, 0x00000000eab00000)
  object space 68608K, 0% used [0x00000000c0000000,0x00000000c0004000,0x00000000c4300000)
 Metaspace       used 4343K, committed 4544K, reserved 1114112K
  class space    used 436K, committed 512K, reserved 1048576K
}

Dll operation events (8 events):
Event: 0.017 Loaded shared library c:\Users\ASUS\.vscode\extensions\redhat.java-1.40.0-win32-x64\jre\21.0.6-win32-x86_64\bin\java.dll
Event: 0.135 Loaded shared library c:\Users\ASUS\.vscode\extensions\redhat.java-1.40.0-win32-x64\jre\21.0.6-win32-x86_64\bin\zip.dll
Event: 0.175 Loaded shared library C:\Users\ASUS\.vscode\extensions\redhat.java-1.40.0-win32-x64\jre\21.0.6-win32-x86_64\bin\instrument.dll
Event: 0.184 Loaded shared library C:\Users\ASUS\.vscode\extensions\redhat.java-1.40.0-win32-x64\jre\21.0.6-win32-x86_64\bin\net.dll
Event: 0.190 Loaded shared library C:\Users\ASUS\.vscode\extensions\redhat.java-1.40.0-win32-x64\jre\21.0.6-win32-x86_64\bin\nio.dll
Event: 0.198 Loaded shared library C:\Users\ASUS\.vscode\extensions\redhat.java-1.40.0-win32-x64\jre\21.0.6-win32-x86_64\bin\zip.dll
Event: 0.236 Loaded shared library C:\Users\ASUS\.vscode\extensions\redhat.java-1.40.0-win32-x64\jre\21.0.6-win32-x86_64\bin\jimage.dll
Event: 0.401 Loaded shared library c:\Users\ASUS\.vscode\extensions\redhat.java-1.40.0-win32-x64\jre\21.0.6-win32-x86_64\bin\verify.dll

Deoptimization events (20 events):
Event: 1.670 Thread 0x000001c1c07d1a10 Uncommon trap: trap_request=0xffffff45 fr.pc=0x000001c1cb4dbe84 relative=0x0000000000000a04
Event: 1.670 Thread 0x000001c1c07d1a10 Uncommon trap: reason=unstable_if action=reinterpret pc=0x000001c1cb4dbe84 method=java.util.HashMap.hash(Ljava/lang/Object;)I @ 1 c2
Event: 1.670 Thread 0x000001c1c07d1a10 DEOPT PACKING pc=0x000001c1cb4dbe84 sp=0x000000b7677fe940
Event: 1.670 Thread 0x000001c1c07d1a10 DEOPT UNPACKING pc=0x000001c1caf43aa2 sp=0x000000b7677fe8c0 mode 2
Event: 1.670 Thread 0x000001c1c07d1a10 Uncommon trap: trap_request=0xffffffde fr.pc=0x000001c1cb4d1ddc relative=0x00000000000005bc
Event: 1.670 Thread 0x000001c1c07d1a10 Uncommon trap: reason=class_check action=maybe_recompile pc=0x000001c1cb4d1ddc method=java.util.Collections$UnmodifiableCollection$1.<init>(Ljava/util/Collections$UnmodifiableCollection;)V @ 17 c2
Event: 1.670 Thread 0x000001c1c07d1a10 DEOPT PACKING pc=0x000001c1cb4d1ddc sp=0x000000b7677fe8c0
Event: 1.670 Thread 0x000001c1c07d1a10 DEOPT UNPACKING pc=0x000001c1caf43aa2 sp=0x000000b7677fe808 mode 2
Event: 1.670 Thread 0x000001c1c07d1a10 Uncommon trap: trap_request=0xffffff45 fr.pc=0x000001c1cb4e7550 relative=0x0000000000000290
Event: 1.670 Thread 0x000001c1c07d1a10 Uncommon trap: reason=unstable_if action=reinterpret pc=0x000001c1cb4e7550 method=java.util.HashMap.hash(Ljava/lang/Object;)I @ 1 c2
Event: 1.670 Thread 0x000001c1c07d1a10 DEOPT PACKING pc=0x000001c1cb4e7550 sp=0x000000b7677fe860
Event: 1.670 Thread 0x000001c1c07d1a10 DEOPT UNPACKING pc=0x000001c1caf43aa2 sp=0x000000b7677fe6f8 mode 2
Event: 1.674 Thread 0x000001c1c07d1a10 Uncommon trap: trap_request=0xffffff45 fr.pc=0x000001c1cb4df62c relative=0x000000000000034c
Event: 1.674 Thread 0x000001c1c07d1a10 Uncommon trap: reason=unstable_if action=reinterpret pc=0x000001c1cb4df62c method=java.util.HashMap.hash(Ljava/lang/Object;)I @ 1 c2
Event: 1.674 Thread 0x000001c1c07d1a10 DEOPT PACKING pc=0x000001c1cb4df62c sp=0x000000b7677fe800
Event: 1.674 Thread 0x000001c1c07d1a10 DEOPT UNPACKING pc=0x000001c1caf43aa2 sp=0x000000b7677fe708 mode 2
Event: 1.674 Thread 0x000001c1c07d1a10 Uncommon trap: trap_request=0xffffffde fr.pc=0x000001c1cb4d1ddc relative=0x00000000000005bc
Event: 1.674 Thread 0x000001c1c07d1a10 Uncommon trap: reason=class_check action=maybe_recompile pc=0x000001c1cb4d1ddc method=java.util.Collections$UnmodifiableCollection$1.<init>(Ljava/util/Collections$UnmodifiableCollection;)V @ 17 c2
Event: 1.674 Thread 0x000001c1c07d1a10 DEOPT PACKING pc=0x000001c1cb4d1ddc sp=0x000000b7677fe8c0
Event: 1.674 Thread 0x000001c1c07d1a10 DEOPT UNPACKING pc=0x000001c1caf43aa2 sp=0x000000b7677fe808 mode 2

Classes loaded (20 events):
Event: 1.952 Loading class java/util/AbstractQueue done
Event: 1.953 Loading class java/util/concurrent/SynchronousQueue done
Event: 1.953 Loading class java/util/concurrent/SynchronousQueue$Transferer
Event: 1.953 Loading class java/util/concurrent/LinkedTransferQueue
Event: 1.953 Loading class java/util/concurrent/TransferQueue
Event: 1.954 Loading class java/util/concurrent/TransferQueue done
Event: 1.954 Loading class java/util/concurrent/LinkedTransferQueue done
Event: 1.954 Loading class java/util/concurrent/SynchronousQueue$Transferer done
Event: 1.954 Loading class java/util/concurrent/LinkedTransferQueue$DualNode
Event: 1.954 Loading class java/util/concurrent/LinkedTransferQueue$DualNode done
Event: 1.956 Loading class java/util/concurrent/RejectedExecutionHandler
Event: 1.957 Loading class java/util/concurrent/RejectedExecutionHandler done
Event: 1.957 Loading class java/util/concurrent/LinkedBlockingQueue
Event: 1.957 Loading class java/util/concurrent/LinkedBlockingQueue done
Event: 1.957 Loading class java/util/concurrent/LinkedBlockingQueue$Node
Event: 1.957 Loading class java/util/concurrent/LinkedBlockingQueue$Node done
Event: 1.977 Loading class java/util/concurrent/Semaphore$NonfairSync
Event: 1.977 Loading class java/util/concurrent/Semaphore$Sync
Event: 1.977 Loading class java/util/concurrent/Semaphore$Sync done
Event: 1.978 Loading class java/util/concurrent/Semaphore$NonfairSync done

Classes unloaded (0 events):
No events

Classes redefined (0 events):
No events

Internal exceptions (20 events):
Event: 1.425 Thread 0x000001c1c07d1a10 Exception <a 'java/lang/NoSuchMethodError'{0x00000000ebe4fa58}: 'java.lang.ClassLoader java.lang.ClassLoader.getPlatformClassLoader(java.lang.Class)'> (0x00000000ebe4fa58) 
thrown [s\src\hotspot\share\interpreter\linkResolver.cpp, line 773]
Event: 1.566 Thread 0x000001c1c07d1a10 Exception <a 'java/lang/ClassNotFoundException'{0x00000000ec255ea8}: sun/net/www/protocol/c/Handler> (0x00000000ec255ea8) 
thrown [s\src\hotspot\share\classfile\systemDictionary.cpp, line 312]
Event: 1.566 Thread 0x000001c1c07d1a10 Exception <a 'java/lang/ClassNotFoundException'{0x00000000ec257268}: sun/net/www/protocol/c/Handler> (0x00000000ec257268) 
thrown [s\src\hotspot\share\classfile\systemDictionary.cpp, line 312]
Event: 1.567 Thread 0x000001c1c07d1a10 Exception <a 'java/lang/ClassNotFoundException'{0x00000000ec258480}: sun/net/www/protocol/c/Handler> (0x00000000ec258480) 
thrown [s\src\hotspot\share\classfile\systemDictionary.cpp, line 312]
Event: 1.587 Thread 0x000001c1c07d1a10 Exception <a 'java/io/FileNotFoundException'{0x00000000ec27c9f0}> (0x00000000ec27c9f0) 
thrown [s\src\hotspot\share\prims\jni.cpp, line 520]
Event: 1.670 Thread 0x000001c1c07d1a10 Implicit null exception at 0x000001c1cb4db4c9 to 0x000001c1cb4dbe6c
Event: 1.670 Thread 0x000001c1c07d1a10 Implicit null exception at 0x000001c1cb4e7320 to 0x000001c1cb4e7538
Event: 1.671 Thread 0x000001c1c07d1a10 Exception <a 'java/lang/NoSuchMethodError'{0x00000000ec3a7128}: 'void java.lang.invoke.DirectMethodHandle$Holder.invokeStatic(java.lang.Object, java.lang.Object, java.lang.Object, java.lang.Object)'> (0x00000000ec3a7128) 
thrown [s\src\hotspot\share\interpreter\linkResolver.cpp, line 773]
Event: 1.674 Thread 0x000001c1c07d1a10 Implicit null exception at 0x000001c1cb4df340 to 0x000001c1cb4df614
Event: 1.783 Thread 0x000001c1c07d1a10 Exception <a 'java/lang/NoSuchMethodError'{0x00000000eace8e20}: 'long java.lang.invoke.DirectMethodHandle$Holder.invokeStatic(java.lang.Object, java.lang.Object, int)'> (0x00000000eace8e20) 
thrown [s\src\hotspot\share\interpreter\linkResolver.cpp, line 773]
Event: 1.785 Thread 0x000001c1c07d1a10 Exception <a 'java/lang/NoSuchMethodError'{0x00000000eacf0988}: 'java.lang.Object java.lang.invoke.DirectMethodHandle$Holder.invokeSpecial(java.lang.Object, java.lang.Object, java.lang.Object, java.lang.Object, long)'> (0x00000000eacf0988) 
thrown [s\src\hotspot\share\interpreter\linkResolver.cpp, line 773]
Event: 1.791 Thread 0x000001c1c07d1a10 Exception <a 'java/lang/NoSuchMethodError'{0x00000000eacfe868}: 'java.lang.Object java.lang.invoke.DirectMethodHandle$Holder.invokeSpecial(java.lang.Object, java.lang.Object, java.lang.Object, int, java.lang.Object)'> (0x00000000eacfe868) 
thrown [s\src\hotspot\share\interpreter\linkResolver.cpp, line 773]
Event: 1.797 Thread 0x000001c1c07d1a10 Exception <a 'java/lang/NoSuchMethodError'{0x00000000ead18268}: 'java.lang.Object java.lang.invoke.Invokers$Holder.invokeExact_MT(java.lang.Object, java.lang.Object, java.lang.Object, java.lang.Object, java.lang.Object, java.lang.Object)'> (0x00000000ead18268) 
thrown [s\src\hotspot\share\interpreter\linkResolver.cpp, line 773]
Event: 1.805 Thread 0x000001c1c07d1a10 Exception <a 'java/lang/NoSuchMethodError'{0x00000000ead31b18}: 'int java.lang.invoke.DirectMethodHandle$Holder.invokeStaticInit(java.lang.Object, java.lang.Object, java.lang.Object, java.lang.Object)'> (0x00000000ead31b18) 
thrown [s\src\hotspot\share\interpreter\linkResolver.cpp, line 773]
Event: 1.807 Thread 0x000001c1c07d1a10 Exception <a 'java/lang/NoSuchMethodError'{0x00000000ead3a568}: 'java.lang.Object java.lang.invoke.DirectMethodHandle$Holder.invokeInterface(java.lang.Object, java.lang.Object)'> (0x00000000ead3a568) 
thrown [s\src\hotspot\share\interpreter\linkResolver.cpp, line 773]
Event: 1.808 Thread 0x000001c1c07d1a10 Exception <a 'java/lang/IncompatibleClassChangeError'{0x00000000ead3daa0}: Found class java.lang.Object, but interface was expected> (0x00000000ead3daa0) 
thrown [s\src\hotspot\share\interpreter\linkResolver.cpp, line 840]
Event: 1.809 Thread 0x000001c1c07d1a10 Exception <a 'java/lang/NoSuchMethodError'{0x00000000ead41c58}: 'void java.lang.invoke.DirectMethodHandle$Holder.invokeStatic(java.lang.Object, java.lang.Object)'> (0x00000000ead41c58) 
thrown [s\src\hotspot\share\interpreter\linkResolver.cpp, line 773]
Event: 1.810 Thread 0x000001c1c07d1a10 Exception <a 'java/lang/NoSuchMethodError'{0x00000000ead45000}: 'void java.lang.invoke.DirectMethodHandle$Holder.invokeStaticInit(java.lang.Object, java.lang.Object)'> (0x00000000ead45000) 
thrown [s\src\hotspot\share\interpreter\linkResolver.cpp, line 773]
Event: 1.812 Thread 0x000001c1c07d1a10 Exception <a 'java/lang/NoSuchMethodError'{0x00000000ead4bf90}: 'int java.lang.invoke.DirectMethodHandle$Holder.invokeStaticInit(java.lang.Object, java.lang.Object)'> (0x00000000ead4bf90) 
thrown [s\src\hotspot\share\interpreter\linkResolver.cpp, line 773]
Event: 1.913 Thread 0x000001c1c07d1a10 Exception <a 'java/lang/NoSuchMethodError'{0x00000000eae89608}: 'void java.lang.invoke.DirectMethodHandle$Holder.invokeSpecial(java.lang.Object, java.lang.Object, java.lang.Object)'> (0x00000000eae89608) 
thrown [s\src\hotspot\share\interpreter\linkResolver.cpp, line 773]

ZGC Phase Switch (0 events):
No events

VM Operations (14 events):
Event: 0.132 Executing VM operation: HandshakeAllThreads (Deoptimize)
Event: 0.132 Executing VM operation: HandshakeAllThreads (Deoptimize) done
Event: 0.266 Executing VM operation: HandshakeAllThreads (Deoptimize)
Event: 0.266 Executing VM operation: HandshakeAllThreads (Deoptimize) done
Event: 1.007 Executing VM operation: HandshakeAllThreads (Deoptimize)
Event: 1.007 Executing VM operation: HandshakeAllThreads (Deoptimize) done
Event: 1.059 Executing VM operation: HandshakeAllThreads (Deoptimize)
Event: 1.059 Executing VM operation: HandshakeAllThreads (Deoptimize) done
Event: 1.059 Executing VM operation: Cleanup
Event: 1.059 Executing VM operation: Cleanup done
Event: 1.538 Executing VM operation: HandshakeAllThreads (Deoptimize)
Event: 1.538 Executing VM operation: HandshakeAllThreads (Deoptimize) done
Event: 1.695 Executing VM operation: ParallelGCFailedAllocation (Allocation Failure)
Event: 1.706 Executing VM operation: ParallelGCFailedAllocation (Allocation Failure) done

Memory protections (0 events):
No events

Nmethod flushes (0 events):
No events

Events (17 events):
Event: 0.041 Thread 0x000001c1c07d1a10 Thread added: 0x000001c1c07d1a10
Event: 0.067 Thread 0x000001c1c07d1a10 Thread added: 0x000001c1c088df50
Event: 0.068 Thread 0x000001c1c07d1a10 Thread added: 0x000001c1d4b846f0
Event: 0.068 Thread 0x000001c1c07d1a10 Thread added: 0x000001c1d4b89b10
Event: 0.068 Thread 0x000001c1c07d1a10 Thread added: 0x000001c1d4b8aa20
Event: 0.068 Thread 0x000001c1c07d1a10 Thread added: 0x000001c1d4b8e430
Event: 0.068 Thread 0x000001c1c07d1a10 Thread added: 0x000001c1d4b91c80
Event: 0.069 Thread 0x000001c1c07d1a10 Thread added: 0x000001c1d4b967f0
Event: 0.069 Thread 0x000001c1c07d1a10 Thread added: 0x000001c1d4b99280
Event: 0.112 Thread 0x000001c1c07d1a10 Thread added: 0x000001c2175ff270
Event: 0.394 Thread 0x000001c1d4b967f0 Thread added: 0x000001c2177d3520
Event: 0.599 Thread 0x000001c1c07d1a10 Thread added: 0x000001c217871410
Event: 1.003 Thread 0x000001c1d4b99280 Thread added: 0x000001c21c006d50
Event: 1.648 Thread 0x000001c21c006d50 Thread exited: 0x000001c21c006d50
Event: 1.648 Thread 0x000001c2177d3520 Thread exited: 0x000001c2177d3520
Event: 2.002 Thread 0x000001c1d4b99280 Thread added: 0x000001c21c3e1e10
Event: 2.014 Thread 0x000001c1d4b99280 Thread added: 0x000001c21c3e2c20


Dynamic libraries:
0x00007ff6bc150000 - 0x00007ff6bc15e000 	c:\Users\ASUS\.vscode\extensions\redhat.java-1.40.0-win32-x64\jre\21.0.6-win32-x86_64\bin\java.exe
0x00007fffcd2b0000 - 0x00007fffcd4c7000 	C:\WINDOWS\SYSTEM32\ntdll.dll
0x00007fffccda0000 - 0x00007fffcce64000 	C:\WINDOWS\System32\KERNEL32.DLL
0x00007fffca650000 - 0x00007fffcaa21000 	C:\WINDOWS\System32\KERNELBASE.dll
0x00007fffca470000 - 0x00007fffca581000 	C:\WINDOWS\System32\ucrtbase.dll
0x00007fffb5dc0000 - 0x00007fffb5dde000 	c:\Users\ASUS\.vscode\extensions\redhat.java-1.40.0-win32-x64\jre\21.0.6-win32-x86_64\bin\VCRUNTIME140.dll
0x00007fffb5de0000 - 0x00007fffb5df8000 	c:\Users\ASUS\.vscode\extensions\redhat.java-1.40.0-win32-x64\jre\21.0.6-win32-x86_64\bin\jli.dll
0x00007fffccef0000 - 0x00007fffcd0a1000 	C:\WINDOWS\System32\USER32.dll
0x00007fffcac20000 - 0x00007fffcac46000 	C:\WINDOWS\System32\win32u.dll
0x00007fffccbc0000 - 0x00007fffccbe9000 	C:\WINDOWS\System32\GDI32.dll
0x00007fffb0f90000 - 0x00007fffb1222000 	C:\WINDOWS\WinSxS\amd64_microsoft.windows.common-controls_6595b64144ccf1df_6.0.22621.4830_none_270fe7d773858e80\COMCTL32.dll
0x00007fffcad90000 - 0x00007fffcaeab000 	C:\WINDOWS\System32\gdi32full.dll
0x00007fffcc890000 - 0x00007fffcc937000 	C:\WINDOWS\System32\msvcrt.dll
0x00007fffcaee0000 - 0x00007fffcaf7a000 	C:\WINDOWS\System32\msvcp_win.dll
0x00007fffccb30000 - 0x00007fffccb61000 	C:\WINDOWS\System32\IMM32.DLL
0x00007fffb6150000 - 0x00007fffb615c000 	c:\Users\ASUS\.vscode\extensions\redhat.java-1.40.0-win32-x64\jre\21.0.6-win32-x86_64\bin\vcruntime140_1.dll
0x00007fffb5d30000 - 0x00007fffb5dbd000 	c:\Users\ASUS\.vscode\extensions\redhat.java-1.40.0-win32-x64\jre\21.0.6-win32-x86_64\bin\msvcp140.dll
0x00007fff75180000 - 0x00007fff75f10000 	c:\Users\ASUS\.vscode\extensions\redhat.java-1.40.0-win32-x64\jre\21.0.6-win32-x86_64\bin\server\jvm.dll
0x00007fffcc7d0000 - 0x00007fffcc881000 	C:\WINDOWS\System32\ADVAPI32.dll
0x00007fffcba00000 - 0x00007fffcbaa7000 	C:\WINDOWS\System32\sechost.dll
0x00007fffcaeb0000 - 0x00007fffcaed8000 	C:\WINDOWS\System32\bcrypt.dll
0x00007fffcb8d0000 - 0x00007fffcb9e4000 	C:\WINDOWS\System32\RPCRT4.dll
0x00007fffcce70000 - 0x00007fffccee1000 	C:\WINDOWS\System32\WS2_32.dll
0x00007fffc3580000 - 0x00007fffc35b4000 	C:\WINDOWS\SYSTEM32\WINMM.dll
0x00007fffc9d40000 - 0x00007fffc9d8d000 	C:\WINDOWS\SYSTEM32\POWRPROF.dll
0x00007fffc3000000 - 0x00007fffc300a000 	C:\WINDOWS\SYSTEM32\VERSION.dll
0x00007fffc9ce0000 - 0x00007fffc9cf3000 	C:\WINDOWS\SYSTEM32\UMPDC.dll
0x00007fffc9440000 - 0x00007fffc9458000 	C:\WINDOWS\SYSTEM32\kernel.appcore.dll
0x00007fffb5d20000 - 0x00007fffb5d2a000 	c:\Users\ASUS\.vscode\extensions\redhat.java-1.40.0-win32-x64\jre\21.0.6-win32-x86_64\bin\jimage.dll
0x00007fffc7e30000 - 0x00007fffc8062000 	C:\WINDOWS\SYSTEM32\DBGHELP.DLL
0x00007fffcc360000 - 0x00007fffcc6f0000 	C:\WINDOWS\System32\combase.dll
0x00007fffcc6f0000 - 0x00007fffcc7c7000 	C:\WINDOWS\System32\OLEAUT32.dll
0x00007fffa2f50000 - 0x00007fffa2f82000 	C:\WINDOWS\SYSTEM32\dbgcore.DLL
0x00007fffcaa30000 - 0x00007fffcaaab000 	C:\WINDOWS\System32\bcryptPrimitives.dll
0x00007fffc2520000 - 0x00007fffc252f000 	c:\Users\ASUS\.vscode\extensions\redhat.java-1.40.0-win32-x64\jre\21.0.6-win32-x86_64\bin\instrument.dll
0x00007fffb5d00000 - 0x00007fffb5d1f000 	c:\Users\ASUS\.vscode\extensions\redhat.java-1.40.0-win32-x64\jre\21.0.6-win32-x86_64\bin\java.dll
0x00007fffcbad0000 - 0x00007fffcc358000 	C:\WINDOWS\System32\SHELL32.dll
0x00007fffcac50000 - 0x00007fffcad8f000 	C:\WINDOWS\System32\wintypes.dll
0x00007fffc81e0000 - 0x00007fffc8aed000 	C:\WINDOWS\SYSTEM32\windows.storage.dll
0x00007fffcaf80000 - 0x00007fffcb08a000 	C:\WINDOWS\System32\SHCORE.dll
0x00007fffcb860000 - 0x00007fffcb8be000 	C:\WINDOWS\System32\shlwapi.dll
0x00007fffca320000 - 0x00007fffca34b000 	C:\WINDOWS\SYSTEM32\profapi.dll
0x00007fffb5ce0000 - 0x00007fffb5cf8000 	c:\Users\ASUS\.vscode\extensions\redhat.java-1.40.0-win32-x64\jre\21.0.6-win32-x86_64\bin\zip.dll
0x00007fffb5cd0000 - 0x00007fffb5ce0000 	C:\Users\ASUS\.vscode\extensions\redhat.java-1.40.0-win32-x64\jre\21.0.6-win32-x86_64\bin\net.dll
0x00007fffc1040000 - 0x00007fffc116c000 	C:\WINDOWS\SYSTEM32\WINHTTP.dll
0x00007fffc98b0000 - 0x00007fffc991a000 	C:\WINDOWS\system32\mswsock.dll
0x00007fffb5cb0000 - 0x00007fffb5cc6000 	C:\Users\ASUS\.vscode\extensions\redhat.java-1.40.0-win32-x64\jre\21.0.6-win32-x86_64\bin\nio.dll
0x00007fffc24a0000 - 0x00007fffc24b0000 	c:\Users\ASUS\.vscode\extensions\redhat.java-1.40.0-win32-x64\jre\21.0.6-win32-x86_64\bin\verify.dll

dbghelp: loaded successfully - version: 4.0.5 - missing functions: none
symbol engine: initialized successfully - sym options: 0x614 - pdb path: .;c:\Users\ASUS\.vscode\extensions\redhat.java-1.40.0-win32-x64\jre\21.0.6-win32-x86_64\bin;C:\WINDOWS\SYSTEM32;C:\WINDOWS\WinSxS\amd64_microsoft.windows.common-controls_6595b64144ccf1df_6.0.22621.4830_none_270fe7d773858e80;c:\Users\ASUS\.vscode\extensions\redhat.java-1.40.0-win32-x64\jre\21.0.6-win32-x86_64\bin\server

VM Arguments:
jvm_args: --add-modules=ALL-SYSTEM --add-opens=java.base/java.util=ALL-UNNAMED --add-opens=java.base/java.lang=ALL-UNNAMED --add-opens=java.base/sun.nio.fs=ALL-UNNAMED -Declipse.application=org.eclipse.jdt.ls.core.id1 -Dosgi.bundles.defaultStartLevel=4 -Declipse.product=org.eclipse.jdt.ls.core.product -Djava.import.generatesMetadataFilesAtProjectRoot=false -DDetectVMInstallationsJob.disabled=true -Dfile.encoding=utf8 -XX:+UseParallelGC -XX:GCTimeRatio=4 -XX:AdaptiveSizePolicyWeight=90 -Dsun.zip.disableMemoryMapping=true -Xmx1G -Xms100m -Xlog:disable -javaagent:c:\Users\ASUS\.vscode\extensions\redhat.java-1.40.0-win32-x64\lombok\lombok-1.18.36.jar 
java_command: c:\Users\ASUS\.vscode\extensions\redhat.java-1.40.0-win32-x64\server\plugins\org.eclipse.equinox.launcher_1.6.1000.v20250131-0606.jar -configuration c:\Users\ASUS\AppData\Roaming\Code\User\globalStorage\redhat.java\1.40.0\config_ss_win -data c:\Users\ASUS\AppData\Roaming\Code\User\workspaceStorage\a7d0709649e970c0a2924581fa248fb4\redhat.java\ss_ws --pipe=\\.\pipe\lsp-e1d358a7270966405ecbd8e5199a8d02-sock
java_class_path (initial): c:\Users\ASUS\.vscode\extensions\redhat.java-1.40.0-win32-x64\server\plugins\org.eclipse.equinox.launcher_1.6.1000.v20250131-0606.jar
Launcher Type: SUN_STANDARD

[Global flags]
    uintx AdaptiveSizePolicyWeight                 = 90                                        {product} {command line}
     intx CICompilerCount                          = 4                                         {product} {ergonomic}
    uintx GCTimeRatio                              = 4                                         {product} {command line}
   size_t InitialHeapSize                          = 104857600                                 {product} {command line}
   size_t MaxHeapSize                              = 1073741824                                {product} {command line}
   size_t MaxNewSize                               = 357564416                                 {product} {ergonomic}
   size_t MinHeapDeltaBytes                        = 524288                                    {product} {ergonomic}
   size_t MinHeapSize                              = 104857600                                 {product} {command line}
   size_t NewSize                                  = 34603008                                  {product} {ergonomic}
    uintx NonNMethodCodeHeapSize                   = 5839372                                {pd product} {ergonomic}
    uintx NonProfiledCodeHeapSize                  = 122909434                              {pd product} {ergonomic}
   size_t OldSize                                  = 70254592                                  {product} {ergonomic}
    uintx ProfiledCodeHeapSize                     = 122909434                              {pd product} {ergonomic}
    uintx ReservedCodeCacheSize                    = 251658240                              {pd product} {ergonomic}
     bool SegmentedCodeCache                       = true                                      {product} {ergonomic}
   size_t SoftMaxHeapSize                          = 1073741824                             {manageable} {ergonomic}
     bool UseCompressedOops                        = true                           {product lp64_product} {ergonomic}
     bool UseLargePagesIndividualAllocation        = false                                  {pd product} {ergonomic}
     bool UseParallelGC                            = true                                      {product} {command line}

Logging:
Log output configuration:
 #0: stdout all=off uptime,level,tags foldmultilines=false
 #1: stderr all=off uptime,level,tags foldmultilines=false

Environment Variables:
JAVA_HOME=C:\Program Files\Java\jdk-22.0.2
PATH=C:\Program Files\Common Files\Oracle\Java\javapath;C:\ProgramData\Oracle\Java\javapath;C:\Program Files (x86)\Common Files\Intel\Shared Files\cpp\bin\Intel64;C:\Windows\system32;C:\Windows;C:\Windows\System32\Wbem;C:\Windows\System32\WindowsPowerShell\v1.0\;C:\Windows\System32\OpenSSH\;C:\Program Files (x86)\NVIDIA Corporation\PhysX\Common;C:\Program Files\NVIDIA Corporation\NVIDIA NvDLISR;C:\Program Files\Intel\WiFi\bin\;C:\Program Files\Common Files\Intel\WirelessCommon\;C:\Program Files (x86)\Windows Live\Shared;C:\Program Files\Java\jdk1.8.0_111\bin;C:\WINDOWS\system32;C:\WINDOWS;C:\WINDOWS\System32\Wbem;C:\WINDOWS\System32\WindowsPowerShell\v1.0\;C:\WINDOWS\System32\OpenSSH\;D:\Git\cmd;C:\xampp\php;C:\Program Files\Java\jdk-22.0.2;C:\dev\flutter\bin;C:\Program Files (x86)\Windows Kits\10\Windows Performance Toolkit\;C:\Program Files\nodejs\;C:\Program Files\Git\cmd;C:\Program Files\Git\bin;C:\dev\flutter\bin\cache\dart-sdk\bin;C:\Users\ASUS\.config\herd\bin;C:\Users\ASUS\AppData\Local\Programs\Python\Launcher\;C:\Users\ASUS\AppData\Local\Microsoft\WindowsApps;C:\Users\ASUS\AppData\Local\Programs\Microsoft VS Code\bin;C:\Users\ASUS\composer;C:\Users\ASUS\AppData\Roaming\Composer\vendor\bin;C:\Program Files\Java\jdk-22.0.2;C:\dev\flutter\bin;C:\Program Files\flutter\bin\cache\dart-sdk\bin;C:\Users\ASUS\AppData\Roaming\npm;C:\Program Files\Git\bin;C:\Program Files\Git\cmd
USERNAME=ASUS
OS=Windows_NT
PROCESSOR_IDENTIFIER=Intel64 Family 6 Model 142 Stepping 12, GenuineIntel
TMP=C:\Users\ASUS\AppData\Local\Temp
TEMP=C:\Users\ASUS\AppData\Local\Temp




Periodic native trim disabled

---------------  S Y S T E M  ---------------

OS:
 Windows 11 , 64 bit Build 22621 (10.0.22621.4974)
OS uptime: 0 days 0:45 hours

CPU: total 8 (initial active 8) (4 cores per cpu, 2 threads per core) family 6 model 142 stepping 12 microcode 0xde, cx8, cmov, fxsr, ht, mmx, 3dnowpref, sse, sse2, sse3, ssse3, sse4.1, sse4.2, popcnt, lzcnt, tsc, tscinvbit, avx, avx2, aes, erms, clmul, bmi1, bmi2, adx, fma, vzeroupper, clflush, clflushopt, rdtscp, f16c
Processor Information for the first 8 processors :
  Max Mhz: 1800, Current Mhz: 1600, Mhz Limit: 1584

Memory: 4k page, system-wide physical 8043M (1366M free)
TotalPageFile size 8043M (AvailPageFile size 5M)
current process WorkingSet (physical memory assigned to process): 85M, peak: 86M
current process commit charge ("private bytes"): 205M, peak: 206M

vm_info: OpenJDK 64-Bit Server VM (21.0.6+7-LTS) for windows-amd64 JRE (21.0.6+7-LTS), built on 2025-01-21T00:00:00Z by "admin" with MS VC++ 17.7 (VS2022)

END.
